2025-11-13 20:14:07,670 - K7 - INFO - K7学习配置管理器模块已加载，版本: 1.0.0
2025-11-13 20:14:13,636 - K7 - INFO - K7学习配置管理器模块已加载，版本: 1.0.0
2025-11-13 20:14:13,649 - K7.LearningConfigurationManager - INFO - 加载配置完成: 0 个配置
2025-11-13 20:14:13,649 - K7.LearningConfigurationManager - INFO - 配置管理器初始化完成，存储路径: k7_configs
2025-11-13 20:14:13,649 - K7.LearningConfigurationManager - INFO - 注册配置类型: MLModelConfiguration
2025-11-13 20:14:13,649 - K7.LearningConfigurationManager - INFO - 注册配置类型: TrainingConfiguration
2025-11-13 20:14:13,649 - K7.LearningConfigurationManager - INFO - 注册配置类型: ValidationConfiguration
2025-11-13 20:14:13,649 - K7.LearningConfigurationManager - INFO - 注册配置类型: EvaluationConfiguration
2025-11-13 20:14:13,649 - K7.LearningConfigurationManager - INFO - 注册配置类型: DeploymentConfiguration
2025-11-13 20:14:13,649 - K7.LearningConfigurationManager - INFO - 注册配置类型: ModelUpdateConfiguration
2025-11-13 20:14:13,649 - K7.LearningConfigurationManager - INFO - 注册配置类型: ExperimentConfiguration
2025-11-13 20:14:13,649 - K7.LearningConfigurationManager - INFO - K7学习配置管理器初始化完成
2025-11-13 20:14:13,649 - K7.LearningConfigurationManager - INFO - 配置管理器已关闭
2025-11-13 20:14:13,649 - K7.LearningConfigurationManager - INFO - K7学习配置管理器已关闭
2025-11-13 20:14:13,663 - K7.LearningConfigurationManager - INFO - 加载配置完成: 0 个配置
2025-11-13 20:14:13,663 - K7.LearningConfigurationManager - INFO - 配置管理器初始化完成，存储路径: extended_configs
2025-11-13 20:14:13,663 - K7.LearningConfigurationManager - INFO - 注册配置类型: MLModelConfiguration
2025-11-13 20:14:13,663 - K7.LearningConfigurationManager - INFO - 注册配置类型: TrainingConfiguration
2025-11-13 20:14:13,663 - K7.LearningConfigurationManager - INFO - 注册配置类型: ValidationConfiguration
2025-11-13 20:14:13,663 - K7.LearningConfigurationManager - INFO - 注册配置类型: EvaluationConfiguration
2025-11-13 20:14:13,663 - K7.LearningConfigurationManager - INFO - 注册配置类型: DeploymentConfiguration
2025-11-13 20:14:13,663 - K7.LearningConfigurationManager - INFO - 注册配置类型: ModelUpdateConfiguration
2025-11-13 20:14:13,663 - K7.LearningConfigurationManager - INFO - 注册配置类型: ExperimentConfiguration
2025-11-13 20:14:13,663 - K7.LearningConfigurationManager - INFO - K7学习配置管理器初始化完成
2025-11-13 20:14:29,544 - K7 - INFO - K7学习配置管理器模块已加载，版本: 1.0.0
2025-11-13 20:14:29,549 - K7.LearningConfigurationManager - INFO - 加载配置完成: 0 个配置
2025-11-13 20:14:29,549 - K7.LearningConfigurationManager - INFO - 配置管理器初始化完成，存储路径: k7_configs
2025-11-13 20:14:29,549 - K7.LearningConfigurationManager - INFO - 注册配置类型: MLModelConfiguration
2025-11-13 20:14:29,552 - K7.LearningConfigurationManager - INFO - 注册配置类型: TrainingConfiguration
2025-11-13 20:14:29,555 - K7.LearningConfigurationManager - INFO - 注册配置类型: ValidationConfiguration
2025-11-13 20:14:29,557 - K7.LearningConfigurationManager - INFO - 注册配置类型: EvaluationConfiguration
2025-11-13 20:14:29,560 - K7.LearningConfigurationManager - INFO - 注册配置类型: DeploymentConfiguration
2025-11-13 20:14:29,562 - K7.LearningConfigurationManager - INFO - 注册配置类型: ModelUpdateConfiguration
2025-11-13 20:14:29,565 - K7.LearningConfigurationManager - INFO - 注册配置类型: ExperimentConfiguration
2025-11-13 20:14:29,565 - K7.LearningConfigurationManager - INFO - K7学习配置管理器初始化完成
2025-11-13 20:14:29,565 - K7.LearningConfigurationManager - INFO - 配置管理器已关闭
2025-11-13 20:14:29,565 - K7.LearningConfigurationManager - INFO - K7学习配置管理器已关闭
2025-11-13 20:14:29,570 - K7.LearningConfigurationManager - INFO - 加载配置完成: 0 个配置
2025-11-13 20:14:29,570 - K7.LearningConfigurationManager - INFO - 配置管理器初始化完成，存储路径: extended_configs
2025-11-13 20:14:29,570 - K7.LearningConfigurationManager - INFO - 注册配置类型: MLModelConfiguration
2025-11-13 20:14:29,572 - K7.LearningConfigurationManager - INFO - 注册配置类型: TrainingConfiguration
2025-11-13 20:14:29,575 - K7.LearningConfigurationManager - INFO - 注册配置类型: ValidationConfiguration
2025-11-13 20:14:29,578 - K7.LearningConfigurationManager - INFO - 注册配置类型: EvaluationConfiguration
2025-11-13 20:14:29,581 - K7.LearningConfigurationManager - INFO - 注册配置类型: DeploymentConfiguration
2025-11-13 20:14:29,583 - K7.LearningConfigurationManager - INFO - 注册配置类型: ModelUpdateConfiguration
2025-11-13 20:14:29,586 - K7.LearningConfigurationManager - INFO - 注册配置类型: ExperimentConfiguration
2025-11-13 20:14:29,586 - K7.LearningConfigurationManager - INFO - K7学习配置管理器初始化完成
2025-11-13 20:14:29,599 - K7.LearningConfigurationManager - INFO - 加载配置完成: 0 个配置
2025-11-13 20:14:29,599 - K7.LearningConfigurationManager - INFO - 配置管理器初始化完成，存储路径: extended_configs/advanced
2025-11-13 20:14:29,599 - K7.LearningConfigurationManager - INFO - 注册配置类型: MonitoringConfiguration
2025-11-13 20:14:29,599 - K7.LearningConfigurationManager - INFO - 注册配置类型: DataPipelineConfiguration
2025-11-13 20:14:29,599 - K7.LearningConfigurationManager - INFO - 注册配置类型: ABTestConfiguration
2025-11-13 20:14:29,599 - K7.LearningConfigurationManager - INFO - 注册配置类型: ModelRegistryConfiguration
2025-11-13 20:14:29,599 - K7.LearningConfigurationManager - INFO - 注册配置类型: FeatureStoreConfiguration
2025-11-13 20:14:29,599 - K7.LearningConfigurationManager - INFO - 扩展学习配置管理器初始化完成
2025-11-13 20:14:29,599 - K7.LearningConfigurationManager - INFO - 配置管理器已关闭
2025-11-13 20:14:29,599 - K7.LearningConfigurationManager - INFO - K7学习配置管理器已关闭
