2025-10-26 10:04:29,106 - AOO.Main - INFO - ============================================================
2025-10-26 10:04:29,106 - AOO.Main - INFO - 🚀 AOO智能量化交易系统 - 一键启动版
2025-10-26 10:04:29,106 - AOO.Main - INFO - ============================================================
2025-10-26 10:04:29,106 - AOO.Main - INFO - 🎯 AOO系统一键启动开始...
2025-10-26 10:04:29,106 - AOO.Config - INFO - 已加载环境变量文件: D:\AO\AOO\.env
2025-10-26 10:04:29,106 - AOO.Config - INFO - 配置文件加载成功: D:\AO\AOO\config\trading_config.json
2025-10-26 10:04:29,106 - AOO.Main - INFO - ✅ 配置管理器就绪
2025-10-26 10:04:29,106 - AOO.Main - INFO - ✅ 模块扫描器就绪
2025-10-26 10:04:29,106 - AOO.Main - INFO - ✅ 模块注册表就绪
2025-10-26 10:04:29,106 - AOO.Main - INFO - ✅ 依赖解析器就绪
2025-10-26 10:04:29,106 - AOO.Main - INFO - ✅ 自动装配工厂就绪
2025-10-26 10:04:29,111 - AOO.Main - INFO - ✅ 生命周期管理器就绪
2025-10-26 10:04:29,111 - AOO.Main - INFO - 🔍 开始自动发现流程...
2025-10-26 10:04:29,111 - AOO.Scanner - INFO - 🔍 开始深度扫描AOO框架...
2025-10-26 10:04:29,111 - AOO.Scanner - INFO - 📁 扫描根目录: D:\AO\AOO
2025-10-26 10:04:29,116 - AOO.Scanner - INFO - ✅ E区: 发现 2 个模块
2025-10-26 10:04:29,116 - AOO.Scanner - INFO - ✅ D区: 发现 2 个模块
2025-10-26 10:04:29,116 - AOO.Scanner - INFO - ✅ A区: 发现 2 个模块
2025-10-26 10:04:29,122 - AOO.Scanner - INFO - ✅ G区: 发现 2 个模块
2025-10-26 10:04:29,137 - AOO.Scanner - INFO - ✅ I区: 发现 3 个模块
2025-10-26 10:04:29,142 - AOO.Scanner - INFO - ✅ F区: 发现 2 个模块
2025-10-26 10:04:29,148 - AOO.Scanner - INFO -     🎯 发现可发现类: DiscoverableModule, FactoryModule, ServiceModule, TradingModule
2025-10-26 10:04:29,238 - AOO.Scanner - INFO - ✅ K区: 发现 8 个模块
2025-10-26 10:04:29,243 - AOO.Scanner - INFO - 📦 深度扫描完成: 总共 0 个模块, 0 个类, 0 个可发现类
2025-10-26 10:04:29,243 - AOO.Scanner - INFO - ⏱️ 扫描耗时: 0.13 秒
2025-10-26 10:04:29,243 - AOO.Main - INFO - 📦 扫描完成: 21 个模块
2025-10-26 10:04:29,243 - AOO.Main - INFO -   注册 E区模块...
2025-10-26 10:04:29,243 - AOO.Registry - INFO - 模块注册成功: a1830d590c4f708d (v1.0.0)
2025-10-26 10:04:29,243 - AOO.Registry - INFO - 模块注册成功: 979470de2982c563 (v1.0.0)
2025-10-26 10:04:29,243 - AOO.Main - INFO -   注册 D区模块...
2025-10-26 10:04:29,243 - AOO.Registry - INFO - 模块注册成功: 9b1ed7bc34f1efb2 (v1.0.0)
2025-10-26 10:04:29,243 - AOO.Registry - INFO - 模块注册成功: 4e32136bcfd98d3e (v1.0.0)
2025-10-26 10:04:29,243 - AOO.Main - INFO -   注册 A区模块...
2025-10-26 10:04:29,243 - AOO.Registry - INFO - 模块注册成功: f2a09e8122f57501 (v1.0.0)
2025-10-26 10:04:29,243 - AOO.Registry - INFO - 模块注册成功: eddf1a9eb01d55d7 (v1.0.0)
2025-10-26 10:04:29,243 - AOO.Main - INFO -   注册 G区模块...
2025-10-26 10:04:29,243 - AOO.Registry - INFO - 模块注册成功: 718afbcf096a4c42 (v1.0.0)
2025-10-26 10:04:29,243 - AOO.Registry - INFO - 模块注册成功: ffab45e17a7cac6c (v1.0.0)
2025-10-26 10:04:29,243 - AOO.Main - INFO -   注册 I区模块...
2025-10-26 10:04:29,243 - AOO.Registry - INFO - 模块注册成功: 9586d14c78c06232 (v1.0.0)
2025-10-26 10:04:29,243 - AOO.Registry - INFO - 模块注册成功: 8668ca089262c7ec (v1.0.0)
2025-10-26 10:04:29,243 - AOO.Registry - INFO - 模块注册成功: cd9d7bf1f68c2e41 (v1.0.0)
2025-10-26 10:04:29,243 - AOO.Main - INFO -   注册 F区模块...
2025-10-26 10:04:29,243 - AOO.Registry - INFO - 模块注册成功: 70f2a089aac23cf9 (v1.0.0)
2025-10-26 10:04:29,243 - AOO.Registry - INFO - 模块注册成功: b381a578603198a3 (v1.0.0)
2025-10-26 10:04:29,243 - AOO.Main - INFO -   注册 K区模块...
2025-10-26 10:04:29,243 - AOO.Registry - INFO - 模块注册成功: 687bb76bf94c346d (v1.0.0)
2025-10-26 10:04:29,243 - AOO.Registry - INFO - 模块注册成功: 2e372c7d0a2c717b (v1.0.0)
2025-10-26 10:04:29,243 - AOO.Registry - INFO - 模块注册成功: 62c7ab5bf1ef1e97 (v1.0.0)
2025-10-26 10:04:29,243 - AOO.Registry - INFO - 模块注册成功: 7dc4fe5aba7a9570 (v1.0.0)
2025-10-26 10:04:29,243 - AOO.Registry - INFO - 模块注册成功: 9f3eff1058bef431 (v1.0.0)
2025-10-26 10:04:29,243 - AOO.Registry - INFO - 模块注册成功: ed09b08ca6771505 (v1.0.0)
2025-10-26 10:04:29,243 - AOO.Registry - INFO - 模块注册成功: 4d7d28a361a64828 (v1.0.0)
2025-10-26 10:04:29,243 - AOO.Registry - INFO - 模块注册成功: 9c201ec131565842 (v1.0.0)
2025-10-26 10:04:29,243 - AOO.Main - INFO - ✅ 注册完成: 21/21 个模块
2025-10-26 10:04:29,243 - AOO.Main - WARNING - ⚠️ 生命周期管理器初始化异常: 'LifecycleManager' object has no attribute 'initialize'
2025-10-26 10:04:29,243 - AOO.Main - INFO - 🎉 AOO系统一键启动完成!
2025-10-26 10:04:29,243 - AOO.Main - INFO - 📊 AOO系统状态报告:
2025-10-26 10:04:29,243 - AOO.Main - INFO -    🏗️ 架构: 基于完整K区自动发现框架
2025-10-26 10:04:29,243 - AOO.Main - INFO -    🚀 启动: 真正一键启动完成
2025-10-26 10:04:29,243 - AOO.Main - INFO -    - 配置管理器: ✅ 正常
2025-10-26 10:04:29,243 - AOO.Main - INFO -    - 模块扫描器: ✅ 正常
2025-10-26 10:04:29,243 - AOO.Main - INFO -    - 模块注册表: ✅ 正常
2025-10-26 10:04:29,243 - AOO.Main - INFO -    - 依赖解析器: ✅ 正常
2025-10-26 10:04:29,243 - AOO.Main - INFO -    - 自动装配工厂: ✅ 正常
2025-10-26 10:04:29,243 - AOO.Main - INFO -    - 生命周期管理器: ✅ 正常
2025-10-26 10:04:29,243 - AOO.Main - INFO -    📈 注册表统计: 0 个模块
2025-10-26 10:04:29,243 - AOO.Main - INFO - 💪 系统能力:
2025-10-26 10:04:29,243 - AOO.Main - INFO -    - 自动模块发现和注册
2025-10-26 10:04:29,243 - AOO.Main - INFO -    - 依赖自动注入和解析
2025-10-26 10:04:29,248 - AOO.Main - INFO -    - 实例自动装配和生命周期管理
2025-10-26 10:04:29,248 - AOO.Main - INFO -    - 配置自动加载和管理
2025-10-26 10:04:29,248 - AOO.Main - INFO -    - 完整的工厂模式支持
2025-10-26 10:04:29,248 - AOO.Main - INFO - 🎯 系统已完全就绪，可以开始业务开发!
2025-10-26 10:04:29,248 - AOO.Main - INFO - 🤖 启动业务服务...
2025-10-26 10:04:29,248 - AOO.Main - INFO - ✅ 业务服务启动完成
2025-10-26 10:04:29,248 - AOO.Main - INFO - 🎊 AOO系统完全正常运行!
2025-10-26 10:04:29,248 - AOO.Main - INFO - 💡 使用 system_components 访问各个组件
2025-10-26 10:08:56,628 - AOO.Main - INFO - 🚀 AOO系统修复版启动...
2025-10-26 10:08:56,628 - AOO.Main - INFO - 🎯 AOO系统修复版启动...
2025-10-26 10:08:56,897 - AOO.Config - INFO - 已加载环境变量文件: D:\AO\AOO\.env
2025-10-26 10:08:56,897 - AOO.Config - INFO - 配置文件加载成功: D:\AO\AOO\config\trading_config.json
2025-10-26 10:08:56,897 - AOO.Main - INFO - ✅ 配置管理器就绪
2025-10-26 10:08:56,897 - AOO.Main - INFO - ✅ 模块扫描器就绪
2025-10-26 10:08:56,897 - AOO.Main - INFO - ✅ 模块注册表就绪
2025-10-26 10:08:56,897 - AOO.Main - INFO - ✅ 依赖解析器就绪
2025-10-26 10:08:56,897 - AOO.Main - INFO - ✅ 自动装配工厂就绪
2025-10-26 10:08:56,897 - AOO.Main - INFO - ✅ 生命周期管理器就绪（无需显式初始化）
2025-10-26 10:08:56,897 - AOO.Main - INFO - 🔍 开始自动发现流程...
2025-10-26 10:08:56,897 - AOO.Scanner - INFO - 🔍 开始深度扫描AOO框架...
2025-10-26 10:08:56,897 - AOO.Scanner - INFO - 📁 扫描根目录: D:\AO\AOO
2025-10-26 10:08:56,906 - AOO.Scanner - INFO - ✅ G区: 发现 2 个模块
2025-10-26 10:08:56,906 - AOO.Scanner - INFO - ✅ F区: 发现 2 个模块
2025-10-26 10:08:56,906 - AOO.Scanner - INFO - ✅ D区: 发现 2 个模块
2025-10-26 10:08:56,929 - AOO.Scanner - INFO - ✅ A区: 发现 2 个模块
2025-10-26 10:08:56,929 - AOO.Scanner - INFO - ✅ E区: 发现 2 个模块
2025-10-26 10:08:56,936 - AOO.Scanner - INFO -     🎯 发现可发现类: DiscoverableModule, FactoryModule, ServiceModule, TradingModule
2025-10-26 10:08:57,008 - AOO.Scanner - INFO - ✅ K区: 发现 8 个模块
2025-10-26 10:08:57,008 - AOO.Scanner - INFO - 📦 深度扫描完成: 总共 0 个模块, 0 个类, 0 个可发现类
2025-10-26 10:08:57,018 - AOO.Scanner - INFO - ⏱️ 扫描耗时: 0.11 秒
2025-10-26 10:08:57,018 - AOO.Main - INFO - 📦 扫描完成: 18 个模块
2025-10-26 10:08:57,018 - AOO.Main - INFO -   注册 G区模块...
2025-10-26 10:08:57,018 - AOO.Registry - INFO - 模块注册成功: 718afbcf096a4c42 (v1.0.0)
2025-10-26 10:08:57,018 - AOO.Registry - INFO - 模块注册成功: ffab45e17a7cac6c (v1.0.0)
2025-10-26 10:08:57,018 - AOO.Main - INFO -   注册 F区模块...
2025-10-26 10:08:57,018 - AOO.Registry - INFO - 模块注册成功: 70f2a089aac23cf9 (v1.0.0)
2025-10-26 10:08:57,018 - AOO.Registry - INFO - 模块注册成功: b381a578603198a3 (v1.0.0)
2025-10-26 10:08:57,019 - AOO.Main - INFO -   注册 D区模块...
2025-10-26 10:08:57,019 - AOO.Registry - INFO - 模块注册成功: 9b1ed7bc34f1efb2 (v1.0.0)
2025-10-26 10:08:57,019 - AOO.Registry - INFO - 模块注册成功: 4e32136bcfd98d3e (v1.0.0)
2025-10-26 10:08:57,019 - AOO.Main - INFO -   注册 A区模块...
2025-10-26 10:08:57,019 - AOO.Registry - INFO - 模块注册成功: f2a09e8122f57501 (v1.0.0)
2025-10-26 10:08:57,019 - AOO.Registry - INFO - 模块注册成功: eddf1a9eb01d55d7 (v1.0.0)
2025-10-26 10:08:57,019 - AOO.Main - INFO -   注册 E区模块...
2025-10-26 10:08:57,019 - AOO.Registry - INFO - 模块注册成功: a1830d590c4f708d (v1.0.0)
2025-10-26 10:08:57,019 - AOO.Registry - INFO - 模块注册成功: 979470de2982c563 (v1.0.0)
2025-10-26 10:08:57,019 - AOO.Main - INFO -   注册 K区模块...
2025-10-26 10:08:57,019 - AOO.Registry - INFO - 模块注册成功: 687bb76bf94c346d (v1.0.0)
2025-10-26 10:08:57,019 - AOO.Registry - INFO - 模块注册成功: 2e372c7d0a2c717b (v1.0.0)
2025-10-26 10:08:57,019 - AOO.Registry - INFO - 模块注册成功: 62c7ab5bf1ef1e97 (v1.0.0)
2025-10-26 10:08:57,019 - AOO.Registry - INFO - 模块注册成功: 7dc4fe5aba7a9570 (v1.0.0)
2025-10-26 10:08:57,019 - AOO.Registry - INFO - 模块注册成功: 9f3eff1058bef431 (v1.0.0)
2025-10-26 10:08:57,019 - AOO.Registry - INFO - 模块注册成功: ed09b08ca6771505 (v1.0.0)
2025-10-26 10:08:57,019 - AOO.Registry - INFO - 模块注册成功: 4d7d28a361a64828 (v1.0.0)
2025-10-26 10:08:57,019 - AOO.Registry - INFO - 模块注册成功: 9c201ec131565842 (v1.0.0)
2025-10-26 10:08:57,019 - AOO.Main - INFO - ✅ 注册完成: 18/18 个模块
2025-10-26 10:08:57,019 - AOO.Main - INFO - 🎉 AOO系统修复版启动完成!
2025-10-26 10:08:57,019 - AOO.Main - INFO - 📊 AOO系统修复版状态报告:
2025-10-26 10:08:57,019 - AOO.Main - INFO -    📈 实际注册模块: 18 个
2025-10-26 10:08:57,019 - AOO.Main - INFO -    - 配置管理器: ✅ 正常
2025-10-26 10:08:57,021 - AOO.Main - INFO -    - 模块扫描器: ✅ 正常
2025-10-26 10:08:57,021 - AOO.Main - INFO -    - 模块注册表: ✅ 正常
2025-10-26 10:08:57,021 - AOO.Main - INFO -    - 依赖解析器: ✅ 正常
2025-10-26 10:08:57,021 - AOO.Main - INFO -    - 自动装配工厂: ✅ 正常
2025-10-26 10:08:57,021 - AOO.Main - INFO -    - 生命周期管理器: ✅ 正常
2025-10-26 10:08:57,021 - AOO.Main - INFO - 🎯 系统修复完成，可以开始业务开发!
2025-10-26 10:08:57,021 - AOO.Main - INFO - 🎊 AOO系统修复版完全正常运行!
2025-10-26 10:25:11,166 - AOO.Main - INFO - 🚀 AOO系统修复版启动...
2025-10-26 10:25:11,166 - AOO.Main - INFO - 🎯 AOO系统修复版启动...
2025-10-26 10:25:11,443 - AOO.Config - INFO - 已加载环境变量文件: D:\AO\AOO\.env
2025-10-26 10:25:11,443 - AOO.Config - INFO - 配置文件加载成功: D:\AO\AOO\config\trading_config.json
2025-10-26 10:25:11,443 - AOO.Main - INFO - ✅ 配置管理器就绪
2025-10-26 10:25:11,443 - AOO.Main - INFO - ✅ 模块扫描器就绪
2025-10-26 10:25:11,443 - AOO.Main - INFO - ✅ 模块注册表就绪
2025-10-26 10:25:11,443 - AOO.Main - INFO - ✅ 依赖解析器就绪
2025-10-26 10:25:11,443 - AOO.Main - INFO - ✅ 自动装配工厂就绪
2025-10-26 10:25:11,443 - AOO.Main - INFO - ✅ 生命周期管理器就绪（无需显式初始化）
2025-10-26 10:25:11,443 - AOO.Main - INFO - 🔍 开始自动发现流程...
2025-10-26 10:25:11,443 - AOO.Scanner - INFO - 🔍 开始深度扫描AOO框架...
2025-10-26 10:25:11,443 - AOO.Scanner - INFO - 📁 扫描根目录: D:\AO\AOO
2025-10-26 10:25:11,453 - AOO.Scanner - INFO - ✅ A区: 发现 2 个模块
2025-10-26 10:25:11,453 - AOO.Scanner - INFO - ✅ E区: 发现 2 个模块
2025-10-26 10:25:11,453 - AOO.Scanner - INFO - ✅ G区: 发现 2 个模块
2025-10-26 10:25:11,453 - AOO.Scanner - INFO - ✅ D区: 发现 2 个模块
2025-10-26 10:25:11,471 - AOO.Scanner - INFO - ✅ F区: 发现 2 个模块
2025-10-26 10:25:11,479 - AOO.Scanner - INFO -     🎯 发现可发现类: DiscoverableModule, FactoryModule, ServiceModule, TradingModule
2025-10-26 10:25:11,550 - AOO.Scanner - INFO - ✅ K区: 发现 8 个模块
2025-10-26 10:25:11,555 - AOO.Scanner - INFO - 📦 深度扫描完成: 总共 0 个模块, 0 个类, 0 个可发现类
2025-10-26 10:25:11,555 - AOO.Scanner - INFO - ⏱️ 扫描耗时: 0.11 秒
2025-10-26 10:25:11,555 - AOO.Main - INFO - 📦 扫描完成: 18 个模块
2025-10-26 10:25:11,555 - AOO.Main - INFO -   注册 A区模块...
2025-10-26 10:25:11,555 - AOO.Registry - INFO - 模块注册成功: f2a09e8122f57501 (v1.0.0)
2025-10-26 10:25:11,555 - AOO.Registry - INFO - 模块注册成功: eddf1a9eb01d55d7 (v1.0.0)
2025-10-26 10:25:11,555 - AOO.Main - INFO -   注册 E区模块...
2025-10-26 10:25:11,555 - AOO.Registry - INFO - 模块注册成功: a1830d590c4f708d (v1.0.0)
2025-10-26 10:25:11,555 - AOO.Registry - INFO - 模块注册成功: 979470de2982c563 (v1.0.0)
2025-10-26 10:25:11,555 - AOO.Main - INFO -   注册 G区模块...
2025-10-26 10:25:11,555 - AOO.Registry - INFO - 模块注册成功: 718afbcf096a4c42 (v1.0.0)
2025-10-26 10:25:11,555 - AOO.Registry - INFO - 模块注册成功: ffab45e17a7cac6c (v1.0.0)
2025-10-26 10:25:11,555 - AOO.Main - INFO -   注册 D区模块...
2025-10-26 10:25:11,555 - AOO.Registry - INFO - 模块注册成功: 9b1ed7bc34f1efb2 (v1.0.0)
2025-10-26 10:25:11,555 - AOO.Registry - INFO - 模块注册成功: 4e32136bcfd98d3e (v1.0.0)
2025-10-26 10:25:11,555 - AOO.Main - INFO -   注册 F区模块...
2025-10-26 10:25:11,555 - AOO.Registry - INFO - 模块注册成功: 70f2a089aac23cf9 (v1.0.0)
2025-10-26 10:25:11,555 - AOO.Registry - INFO - 模块注册成功: b381a578603198a3 (v1.0.0)
2025-10-26 10:25:11,555 - AOO.Main - INFO -   注册 K区模块...
2025-10-26 10:25:11,555 - AOO.Registry - INFO - 模块注册成功: 687bb76bf94c346d (v1.0.0)
2025-10-26 10:25:11,555 - AOO.Registry - INFO - 模块注册成功: 2e372c7d0a2c717b (v1.0.0)
2025-10-26 10:25:11,555 - AOO.Registry - INFO - 模块注册成功: 62c7ab5bf1ef1e97 (v1.0.0)
2025-10-26 10:25:11,555 - AOO.Registry - INFO - 模块注册成功: 7dc4fe5aba7a9570 (v1.0.0)
2025-10-26 10:25:11,555 - AOO.Registry - INFO - 模块注册成功: 9f3eff1058bef431 (v1.0.0)
2025-10-26 10:25:11,555 - AOO.Registry - INFO - 模块注册成功: ed09b08ca6771505 (v1.0.0)
2025-10-26 10:25:11,555 - AOO.Registry - INFO - 模块注册成功: 4d7d28a361a64828 (v1.0.0)
2025-10-26 10:25:11,555 - AOO.Registry - INFO - 模块注册成功: 9c201ec131565842 (v1.0.0)
2025-10-26 10:25:11,555 - AOO.Main - INFO - ✅ 注册完成: 18/18 个模块
2025-10-26 10:25:11,555 - AOO.Main - INFO - 🎉 AOO系统修复版启动完成!
2025-10-26 10:25:11,555 - AOO.Main - INFO - 📊 AOO系统修复版状态报告:
2025-10-26 10:25:11,555 - AOO.Main - INFO -    📈 实际注册模块: 18 个
2025-10-26 10:25:11,555 - AOO.Main - INFO -    - 配置管理器: ✅ 正常
2025-10-26 10:25:11,555 - AOO.Main - INFO -    - 模块扫描器: ✅ 正常
2025-10-26 10:25:11,555 - AOO.Main - INFO -    - 模块注册表: ✅ 正常
2025-10-26 10:25:11,555 - AOO.Main - INFO -    - 依赖解析器: ✅ 正常
2025-10-26 10:25:11,555 - AOO.Main - INFO -    - 自动装配工厂: ✅ 正常
2025-10-26 10:25:11,558 - AOO.Main - INFO -    - 生命周期管理器: ✅ 正常
2025-10-26 10:25:11,558 - AOO.Main - INFO - 🎯 系统修复完成，可以开始业务开发!
2025-10-26 10:25:11,558 - AOO.Main - INFO - 🎊 AOO系统修复版完全正常运行!
2025-10-26 10:26:03,654 - AOO.Main - INFO - 🚀 AOO系统修复版启动...
2025-10-26 10:26:03,659 - AOO.Main - INFO - 🎯 AOO系统修复版启动...
2025-10-26 10:26:03,929 - AOO.Config - INFO - 已加载环境变量文件: D:\AO\AOO\.env
2025-10-26 10:26:03,929 - AOO.Config - INFO - 配置文件加载成功: D:\AO\AOO\config\trading_config.json
2025-10-26 10:26:03,929 - AOO.Main - INFO - ✅ 配置管理器就绪
2025-10-26 10:26:03,929 - AOO.Main - INFO - ✅ 模块扫描器就绪
2025-10-26 10:26:03,929 - AOO.Main - INFO - ✅ 模块注册表就绪
2025-10-26 10:26:03,929 - AOO.Main - INFO - ✅ 依赖解析器就绪
2025-10-26 10:26:03,929 - AOO.Main - INFO - ✅ 自动装配工厂就绪
2025-10-26 10:26:03,929 - AOO.Main - INFO - ✅ 生命周期管理器就绪（无需显式初始化）
2025-10-26 10:26:03,929 - AOO.Main - INFO - 🔍 开始自动发现流程...
2025-10-26 10:26:03,929 - AOO.Scanner - INFO - 🔍 开始深度扫描AOO框架...
2025-10-26 10:26:03,929 - AOO.Scanner - INFO - 📁 扫描根目录: D:\AO\AOO
2025-10-26 10:26:03,939 - AOO.Scanner - INFO - ✅ A区: 发现 2 个模块
2025-10-26 10:26:03,939 - AOO.Scanner - INFO - ✅ F区: 发现 2 个模块
2025-10-26 10:26:03,944 - AOO.Scanner - INFO - ✅ E区: 发现 2 个模块
2025-10-26 10:26:03,944 - AOO.Scanner - INFO - ✅ D区: 发现 2 个模块
2025-10-26 10:26:03,959 - AOO.Scanner - INFO - ✅ G区: 发现 2 个模块
2025-10-26 10:26:03,964 - AOO.Scanner - INFO -     🎯 发现可发现类: DiscoverableModule, FactoryModule, ServiceModule, TradingModule
2025-10-26 10:26:04,045 - AOO.Scanner - INFO - ✅ K区: 发现 8 个模块
2025-10-26 10:26:04,045 - AOO.Scanner - INFO - 📦 深度扫描完成: 总共 0 个模块, 0 个类, 0 个可发现类
2025-10-26 10:26:04,045 - AOO.Scanner - INFO - ⏱️ 扫描耗时: 0.12 秒
2025-10-26 10:26:04,045 - AOO.Main - INFO - 📦 扫描完成: 18 个模块
2025-10-26 10:26:04,045 - AOO.Main - INFO -   注册 A区模块...
2025-10-26 10:26:04,045 - AOO.Registry - INFO - 模块注册成功: f2a09e8122f57501 (v1.0.0)
2025-10-26 10:26:04,045 - AOO.Registry - INFO - 模块注册成功: eddf1a9eb01d55d7 (v1.0.0)
2025-10-26 10:26:04,045 - AOO.Main - INFO -   注册 F区模块...
2025-10-26 10:26:04,045 - AOO.Registry - INFO - 模块注册成功: 70f2a089aac23cf9 (v1.0.0)
2025-10-26 10:26:04,045 - AOO.Registry - INFO - 模块注册成功: b381a578603198a3 (v1.0.0)
2025-10-26 10:26:04,045 - AOO.Main - INFO -   注册 E区模块...
2025-10-26 10:26:04,045 - AOO.Registry - INFO - 模块注册成功: a1830d590c4f708d (v1.0.0)
2025-10-26 10:26:04,045 - AOO.Registry - INFO - 模块注册成功: 979470de2982c563 (v1.0.0)
2025-10-26 10:26:04,045 - AOO.Main - INFO -   注册 D区模块...
2025-10-26 10:26:04,045 - AOO.Registry - INFO - 模块注册成功: 9b1ed7bc34f1efb2 (v1.0.0)
2025-10-26 10:26:04,045 - AOO.Registry - INFO - 模块注册成功: 4e32136bcfd98d3e (v1.0.0)
2025-10-26 10:26:04,045 - AOO.Main - INFO -   注册 G区模块...
2025-10-26 10:26:04,045 - AOO.Registry - INFO - 模块注册成功: 718afbcf096a4c42 (v1.0.0)
2025-10-26 10:26:04,045 - AOO.Registry - INFO - 模块注册成功: ffab45e17a7cac6c (v1.0.0)
2025-10-26 10:26:04,045 - AOO.Main - INFO -   注册 K区模块...
2025-10-26 10:26:04,045 - AOO.Registry - INFO - 模块注册成功: 687bb76bf94c346d (v1.0.0)
2025-10-26 10:26:04,045 - AOO.Registry - INFO - 模块注册成功: 2e372c7d0a2c717b (v1.0.0)
2025-10-26 10:26:04,045 - AOO.Registry - INFO - 模块注册成功: 62c7ab5bf1ef1e97 (v1.0.0)
2025-10-26 10:26:04,045 - AOO.Registry - INFO - 模块注册成功: 7dc4fe5aba7a9570 (v1.0.0)
2025-10-26 10:26:04,045 - AOO.Registry - INFO - 模块注册成功: 9f3eff1058bef431 (v1.0.0)
2025-10-26 10:26:04,045 - AOO.Registry - INFO - 模块注册成功: ed09b08ca6771505 (v1.0.0)
2025-10-26 10:26:04,045 - AOO.Registry - INFO - 模块注册成功: 4d7d28a361a64828 (v1.0.0)
2025-10-26 10:26:04,045 - AOO.Registry - INFO - 模块注册成功: 9c201ec131565842 (v1.0.0)
2025-10-26 10:26:04,045 - AOO.Main - INFO - ✅ 注册完成: 18/18 个模块
2025-10-26 10:26:04,045 - AOO.Main - INFO - 🎉 AOO系统修复版启动完成!
2025-10-26 10:26:04,045 - AOO.Main - INFO - 📊 AOO系统修复版状态报告:
2025-10-26 10:26:04,045 - AOO.Main - INFO -    📈 实际注册模块: 18 个
2025-10-26 10:26:04,045 - AOO.Main - INFO -    - 配置管理器: ✅ 正常
2025-10-26 10:26:04,045 - AOO.Main - INFO -    - 模块扫描器: ✅ 正常
2025-10-26 10:26:04,045 - AOO.Main - INFO -    - 模块注册表: ✅ 正常
2025-10-26 10:26:04,045 - AOO.Main - INFO -    - 依赖解析器: ✅ 正常
2025-10-26 10:26:04,045 - AOO.Main - INFO -    - 自动装配工厂: ✅ 正常
2025-10-26 10:26:04,045 - AOO.Main - INFO -    - 生命周期管理器: ✅ 正常
2025-10-26 10:26:04,045 - AOO.Main - INFO - 🎯 系统修复完成，可以开始业务开发!
2025-10-26 10:26:04,045 - AOO.Main - INFO - 🎊 AOO系统修复版完全正常运行!
2025-10-26 10:28:06,073 - AOO.Main - INFO - 🚀 AOO系统修复版启动...
2025-10-26 10:28:06,073 - AOO.Main - INFO - 🎯 AOO系统修复版启动...
2025-10-26 10:28:06,398 - AOO.Config - INFO - 已加载环境变量文件: D:\AO\AOO\.env
2025-10-26 10:28:06,398 - AOO.Config - INFO - 配置文件加载成功: D:\AO\AOO\config\trading_config.json
2025-10-26 10:28:06,398 - AOO.Main - INFO - ✅ 配置管理器就绪
2025-10-26 10:28:06,398 - AOO.Main - INFO - ✅ 模块扫描器就绪
2025-10-26 10:28:06,398 - AOO.Main - INFO - ✅ 模块注册表就绪
2025-10-26 10:28:06,398 - AOO.Main - INFO - ✅ 依赖解析器就绪
2025-10-26 10:28:06,398 - AOO.Main - INFO - ✅ 自动装配工厂就绪
2025-10-26 10:28:06,398 - AOO.Main - INFO - ✅ 生命周期管理器就绪（无需显式初始化）
2025-10-26 10:28:06,398 - AOO.Main - INFO - 🔍 开始自动发现流程...
2025-10-26 10:28:06,398 - AOO.Scanner - INFO - 🔍 开始深度扫描AOO框架...
2025-10-26 10:28:06,398 - AOO.Scanner - INFO - 📁 扫描根目录: D:\AO\AOO
2025-10-26 10:28:06,410 - AOO.Scanner - INFO - ✅ A区: 发现 2 个模块
2025-10-26 10:28:06,411 - AOO.Scanner - INFO - ✅ E区: 发现 2 个模块
2025-10-26 10:28:06,412 - AOO.Scanner - INFO - ✅ D区: 发现 2 个模块
2025-10-26 10:28:06,412 - AOO.Scanner - INFO - ✅ G区: 发现 2 个模块
2025-10-26 10:28:06,413 - AOO.Scanner - INFO - ✅ F区: 发现 2 个模块
2025-10-26 10:28:06,434 - AOO.Scanner - INFO -     🎯 发现可发现类: DiscoverableModule, FactoryModule, ServiceModule, TradingModule
2025-10-26 10:28:06,538 - AOO.Scanner - INFO - ✅ K区: 发现 8 个模块
2025-10-26 10:28:06,538 - AOO.Scanner - INFO - 📦 深度扫描完成: 总共 0 个模块, 0 个类, 0 个可发现类
2025-10-26 10:28:06,538 - AOO.Scanner - INFO - ⏱️ 扫描耗时: 0.14 秒
2025-10-26 10:28:06,541 - AOO.Main - INFO - 📦 扫描完成: 18 个模块
2025-10-26 10:28:06,541 - AOO.Main - INFO -   注册 A区模块...
2025-10-26 10:28:06,542 - AOO.Registry - INFO - 模块注册成功: f2a09e8122f57501 (v1.0.0)
2025-10-26 10:28:06,543 - AOO.Registry - INFO - 模块注册成功: eddf1a9eb01d55d7 (v1.0.0)
2025-10-26 10:28:06,543 - AOO.Main - INFO -   注册 E区模块...
2025-10-26 10:28:06,543 - AOO.Registry - INFO - 模块注册成功: a1830d590c4f708d (v1.0.0)
2025-10-26 10:28:06,544 - AOO.Registry - INFO - 模块注册成功: 979470de2982c563 (v1.0.0)
2025-10-26 10:28:06,544 - AOO.Main - INFO -   注册 D区模块...
2025-10-26 10:28:06,545 - AOO.Registry - INFO - 模块注册成功: 9b1ed7bc34f1efb2 (v1.0.0)
2025-10-26 10:28:06,545 - AOO.Registry - INFO - 模块注册成功: 4e32136bcfd98d3e (v1.0.0)
2025-10-26 10:28:06,545 - AOO.Main - INFO -   注册 G区模块...
2025-10-26 10:28:06,545 - AOO.Registry - INFO - 模块注册成功: 718afbcf096a4c42 (v1.0.0)
2025-10-26 10:28:06,547 - AOO.Registry - INFO - 模块注册成功: ffab45e17a7cac6c (v1.0.0)
2025-10-26 10:28:06,548 - AOO.Main - INFO -   注册 F区模块...
2025-10-26 10:28:06,548 - AOO.Registry - INFO - 模块注册成功: 70f2a089aac23cf9 (v1.0.0)
2025-10-26 10:28:06,549 - AOO.Registry - INFO - 模块注册成功: b381a578603198a3 (v1.0.0)
2025-10-26 10:28:06,549 - AOO.Main - INFO -   注册 K区模块...
2025-10-26 10:28:06,549 - AOO.Registry - INFO - 模块注册成功: 687bb76bf94c346d (v1.0.0)
2025-10-26 10:28:06,549 - AOO.Registry - INFO - 模块注册成功: 2e372c7d0a2c717b (v1.0.0)
2025-10-26 10:28:06,549 - AOO.Registry - INFO - 模块注册成功: 62c7ab5bf1ef1e97 (v1.0.0)
2025-10-26 10:28:06,549 - AOO.Registry - INFO - 模块注册成功: 7dc4fe5aba7a9570 (v1.0.0)
2025-10-26 10:28:06,549 - AOO.Registry - INFO - 模块注册成功: 9f3eff1058bef431 (v1.0.0)
2025-10-26 10:28:06,549 - AOO.Registry - INFO - 模块注册成功: ed09b08ca6771505 (v1.0.0)
2025-10-26 10:28:06,549 - AOO.Registry - INFO - 模块注册成功: 4d7d28a361a64828 (v1.0.0)
2025-10-26 10:28:06,549 - AOO.Registry - INFO - 模块注册成功: 9c201ec131565842 (v1.0.0)
2025-10-26 10:28:06,549 - AOO.Main - INFO - ✅ 注册完成: 18/18 个模块
2025-10-26 10:28:06,549 - AOO.Main - INFO - 🎉 AOO系统修复版启动完成!
2025-10-26 10:28:06,549 - AOO.Main - INFO - 📊 AOO系统修复版状态报告:
2025-10-26 10:28:06,549 - AOO.Main - INFO -    📈 实际注册模块: 18 个
2025-10-26 10:28:06,549 - AOO.Main - INFO -    - 配置管理器: ✅ 正常
2025-10-26 10:28:06,549 - AOO.Main - INFO -    - 模块扫描器: ✅ 正常
2025-10-26 10:28:06,549 - AOO.Main - INFO -    - 模块注册表: ✅ 正常
2025-10-26 10:28:06,549 - AOO.Main - INFO -    - 依赖解析器: ✅ 正常
2025-10-26 10:28:06,549 - AOO.Main - INFO -    - 自动装配工厂: ✅ 正常
2025-10-26 10:28:06,549 - AOO.Main - INFO -    - 生命周期管理器: ✅ 正常
2025-10-26 10:28:06,549 - AOO.Main - INFO - 🎯 系统修复完成，可以开始业务开发!
2025-10-26 10:28:06,549 - AOO.Main - INFO - 🎊 AOO系统修复版完全正常运行!
2025-10-26 10:28:13,262 - AOO.Main - INFO - 🚀 AOO系统修复版启动...
2025-10-26 10:28:13,262 - AOO.Main - INFO - 🎯 AOO系统修复版启动...
2025-10-26 10:28:13,545 - AOO.Config - INFO - 已加载环境变量文件: D:\AO\AOO\.env
2025-10-26 10:28:13,545 - AOO.Config - INFO - 配置文件加载成功: D:\AO\AOO\config\trading_config.json
2025-10-26 10:28:13,545 - AOO.Main - INFO - ✅ 配置管理器就绪
2025-10-26 10:28:13,545 - AOO.Main - INFO - ✅ 模块扫描器就绪
2025-10-26 10:28:13,545 - AOO.Main - INFO - ✅ 模块注册表就绪
2025-10-26 10:28:13,545 - AOO.Main - INFO - ✅ 依赖解析器就绪
2025-10-26 10:28:13,545 - AOO.Main - INFO - ✅ 自动装配工厂就绪
2025-10-26 10:28:13,545 - AOO.Main - INFO - ✅ 生命周期管理器就绪（无需显式初始化）
2025-10-26 10:28:13,545 - AOO.Main - INFO - 🔍 开始自动发现流程...
2025-10-26 10:28:13,545 - AOO.Scanner - INFO - 🔍 开始深度扫描AOO框架...
2025-10-26 10:28:13,545 - AOO.Scanner - INFO - 📁 扫描根目录: D:\AO\AOO
2025-10-26 10:28:13,555 - AOO.Scanner - INFO - ✅ F区: 发现 2 个模块
2025-10-26 10:28:13,557 - AOO.Scanner - INFO - ✅ A区: 发现 2 个模块
2025-10-26 10:28:13,557 - AOO.Scanner - INFO - ✅ D区: 发现 2 个模块
2025-10-26 10:28:13,559 - AOO.Scanner - INFO - ✅ E区: 发现 2 个模块
2025-10-26 10:28:13,576 - AOO.Scanner - INFO - ✅ G区: 发现 2 个模块
2025-10-26 10:28:13,583 - AOO.Scanner - INFO -     🎯 发现可发现类: DiscoverableModule, FactoryModule, ServiceModule, TradingModule
2025-10-26 10:28:13,663 - AOO.Scanner - INFO - ✅ K区: 发现 8 个模块
2025-10-26 10:28:13,663 - AOO.Scanner - INFO - 📦 深度扫描完成: 总共 0 个模块, 0 个类, 0 个可发现类
2025-10-26 10:28:13,663 - AOO.Scanner - INFO - ⏱️ 扫描耗时: 0.12 秒
2025-10-26 10:28:13,663 - AOO.Main - INFO - 📦 扫描完成: 18 个模块
2025-10-26 10:28:13,663 - AOO.Main - INFO -   注册 F区模块...
2025-10-26 10:28:13,663 - AOO.Registry - INFO - 模块注册成功: 70f2a089aac23cf9 (v1.0.0)
2025-10-26 10:28:13,663 - AOO.Registry - INFO - 模块注册成功: b381a578603198a3 (v1.0.0)
2025-10-26 10:28:13,663 - AOO.Main - INFO -   注册 A区模块...
2025-10-26 10:28:13,663 - AOO.Registry - INFO - 模块注册成功: f2a09e8122f57501 (v1.0.0)
2025-10-26 10:28:13,663 - AOO.Registry - INFO - 模块注册成功: eddf1a9eb01d55d7 (v1.0.0)
2025-10-26 10:28:13,663 - AOO.Main - INFO -   注册 D区模块...
2025-10-26 10:28:13,663 - AOO.Registry - INFO - 模块注册成功: 9b1ed7bc34f1efb2 (v1.0.0)
2025-10-26 10:28:13,663 - AOO.Registry - INFO - 模块注册成功: 4e32136bcfd98d3e (v1.0.0)
2025-10-26 10:28:13,663 - AOO.Main - INFO -   注册 E区模块...
2025-10-26 10:28:13,663 - AOO.Registry - INFO - 模块注册成功: a1830d590c4f708d (v1.0.0)
2025-10-26 10:28:13,663 - AOO.Registry - INFO - 模块注册成功: 979470de2982c563 (v1.0.0)
2025-10-26 10:28:13,663 - AOO.Main - INFO -   注册 G区模块...
2025-10-26 10:28:13,668 - AOO.Registry - INFO - 模块注册成功: 718afbcf096a4c42 (v1.0.0)
2025-10-26 10:28:13,668 - AOO.Registry - INFO - 模块注册成功: ffab45e17a7cac6c (v1.0.0)
2025-10-26 10:28:13,668 - AOO.Main - INFO -   注册 K区模块...
2025-10-26 10:28:13,668 - AOO.Registry - INFO - 模块注册成功: 687bb76bf94c346d (v1.0.0)
2025-10-26 10:28:13,668 - AOO.Registry - INFO - 模块注册成功: 2e372c7d0a2c717b (v1.0.0)
2025-10-26 10:28:13,668 - AOO.Registry - INFO - 模块注册成功: 62c7ab5bf1ef1e97 (v1.0.0)
2025-10-26 10:28:13,668 - AOO.Registry - INFO - 模块注册成功: 7dc4fe5aba7a9570 (v1.0.0)
2025-10-26 10:28:13,668 - AOO.Registry - INFO - 模块注册成功: 9f3eff1058bef431 (v1.0.0)
2025-10-26 10:28:13,668 - AOO.Registry - INFO - 模块注册成功: ed09b08ca6771505 (v1.0.0)
2025-10-26 10:28:13,668 - AOO.Registry - INFO - 模块注册成功: 4d7d28a361a64828 (v1.0.0)
2025-10-26 10:28:13,670 - AOO.Registry - INFO - 模块注册成功: 9c201ec131565842 (v1.0.0)
2025-10-26 10:28:13,670 - AOO.Main - INFO - ✅ 注册完成: 18/18 个模块
2025-10-26 10:28:13,670 - AOO.Main - INFO - 🎉 AOO系统修复版启动完成!
2025-10-26 10:28:13,670 - AOO.Main - INFO - 📊 AOO系统修复版状态报告:
2025-10-26 10:28:13,671 - AOO.Main - INFO -    📈 实际注册模块: 18 个
2025-10-26 10:28:13,671 - AOO.Main - INFO -    - 配置管理器: ✅ 正常
2025-10-26 10:28:13,671 - AOO.Main - INFO -    - 模块扫描器: ✅ 正常
2025-10-26 10:28:13,671 - AOO.Main - INFO -    - 模块注册表: ✅ 正常
2025-10-26 10:28:13,671 - AOO.Main - INFO -    - 依赖解析器: ✅ 正常
2025-10-26 10:28:13,671 - AOO.Main - INFO -    - 自动装配工厂: ✅ 正常
2025-10-26 10:28:13,671 - AOO.Main - INFO -    - 生命周期管理器: ✅ 正常
2025-10-26 10:28:13,671 - AOO.Main - INFO - 🎯 系统修复完成，可以开始业务开发!
2025-10-26 10:28:13,671 - AOO.Main - INFO - 🎊 AOO系统修复版完全正常运行!
2025-10-26 10:29:27,205 - AOO.Main - INFO - 🚀 AOO系统修复版启动...
2025-10-26 10:29:27,205 - AOO.Main - INFO - 🎯 AOO系统修复版启动...
2025-10-26 10:29:27,477 - AOO.Config - INFO - 已加载环境变量文件: D:\AO\AOO\.env
2025-10-26 10:29:27,477 - AOO.Config - INFO - 配置文件加载成功: D:\AO\AOO\config\trading_config.json
2025-10-26 10:29:27,477 - AOO.Main - INFO - ✅ 配置管理器就绪
2025-10-26 10:29:27,477 - AOO.Main - INFO - ✅ 模块扫描器就绪
2025-10-26 10:29:27,477 - AOO.Main - INFO - ✅ 模块注册表就绪
2025-10-26 10:29:27,477 - AOO.Main - INFO - ✅ 依赖解析器就绪
2025-10-26 10:29:27,477 - AOO.Main - INFO - ✅ 自动装配工厂就绪
2025-10-26 10:29:27,477 - AOO.Main - INFO - ✅ 生命周期管理器就绪（无需显式初始化）
2025-10-26 10:29:27,477 - AOO.Main - INFO - 🔍 开始自动发现流程...
2025-10-26 10:29:27,477 - AOO.Scanner - INFO - 🔍 开始深度扫描AOO框架...
2025-10-26 10:29:27,477 - AOO.Scanner - INFO - 📁 扫描根目录: D:\AO\AOO
2025-10-26 10:29:27,486 - AOO.Scanner - INFO - ✅ A区: 发现 2 个模块
2025-10-26 10:29:27,486 - AOO.Scanner - INFO - ✅ E区: 发现 2 个模块
2025-10-26 10:29:27,486 - AOO.Scanner - INFO - ✅ D区: 发现 2 个模块
2025-10-26 10:29:27,486 - AOO.Scanner - INFO - ✅ G区: 发现 2 个模块
2025-10-26 10:29:27,486 - AOO.Scanner - INFO - ✅ F区: 发现 2 个模块
2025-10-26 10:29:27,511 - AOO.Scanner - INFO -     🎯 发现可发现类: DiscoverableModule, FactoryModule, ServiceModule, TradingModule
2025-10-26 10:29:27,587 - AOO.Scanner - INFO - ✅ K区: 发现 7 个模块
2025-10-26 10:29:27,592 - AOO.Scanner - INFO - 📦 深度扫描完成: 总共 0 个模块, 0 个类, 0 个可发现类
2025-10-26 10:29:27,592 - AOO.Scanner - INFO - ⏱️ 扫描耗时: 0.11 秒
2025-10-26 10:29:27,592 - AOO.Main - INFO - 📦 扫描完成: 17 个模块
2025-10-26 10:29:27,592 - AOO.Main - INFO -   注册 A区模块...
2025-10-26 10:29:27,592 - AOO.Registry - INFO - 模块注册成功: f2a09e8122f57501 (v1.0.0)
2025-10-26 10:29:27,592 - AOO.Registry - INFO - 模块注册成功: eddf1a9eb01d55d7 (v1.0.0)
2025-10-26 10:29:27,592 - AOO.Main - INFO -   注册 E区模块...
2025-10-26 10:29:27,592 - AOO.Registry - INFO - 模块注册成功: a1830d590c4f708d (v1.0.0)
2025-10-26 10:29:27,592 - AOO.Registry - INFO - 模块注册成功: 979470de2982c563 (v1.0.0)
2025-10-26 10:29:27,592 - AOO.Main - INFO -   注册 D区模块...
2025-10-26 10:29:27,592 - AOO.Registry - INFO - 模块注册成功: 9b1ed7bc34f1efb2 (v1.0.0)
2025-10-26 10:29:27,592 - AOO.Registry - INFO - 模块注册成功: 4e32136bcfd98d3e (v1.0.0)
2025-10-26 10:29:27,592 - AOO.Main - INFO -   注册 G区模块...
2025-10-26 10:29:27,592 - AOO.Registry - INFO - 模块注册成功: 718afbcf096a4c42 (v1.0.0)
2025-10-26 10:29:27,592 - AOO.Registry - INFO - 模块注册成功: ffab45e17a7cac6c (v1.0.0)
2025-10-26 10:29:27,592 - AOO.Main - INFO -   注册 F区模块...
2025-10-26 10:29:27,592 - AOO.Registry - INFO - 模块注册成功: 70f2a089aac23cf9 (v1.0.0)
2025-10-26 10:29:27,592 - AOO.Registry - INFO - 模块注册成功: b381a578603198a3 (v1.0.0)
2025-10-26 10:29:27,592 - AOO.Main - INFO -   注册 K区模块...
2025-10-26 10:29:27,592 - AOO.Registry - INFO - 模块注册成功: 687bb76bf94c346d (v1.0.0)
2025-10-26 10:29:27,592 - AOO.Registry - INFO - 模块注册成功: 2e372c7d0a2c717b (v1.0.0)
2025-10-26 10:29:27,592 - AOO.Registry - INFO - 模块注册成功: 62c7ab5bf1ef1e97 (v1.0.0)
2025-10-26 10:29:27,592 - AOO.Registry - INFO - 模块注册成功: 7dc4fe5aba7a9570 (v1.0.0)
2025-10-26 10:29:27,592 - AOO.Registry - INFO - 模块注册成功: 9f3eff1058bef431 (v1.0.0)
2025-10-26 10:29:27,592 - AOO.Registry - INFO - 模块注册成功: ed09b08ca6771505 (v1.0.0)
2025-10-26 10:29:27,592 - AOO.Registry - INFO - 模块注册成功: 4d7d28a361a64828 (v1.0.0)
2025-10-26 10:29:27,592 - AOO.Main - INFO - ✅ 注册完成: 17/17 个模块
2025-10-26 10:29:27,592 - AOO.Main - INFO - 🎉 AOO系统修复版启动完成!
2025-10-26 10:29:27,592 - AOO.Main - INFO - 📊 AOO系统修复版状态报告:
2025-10-26 10:29:27,592 - AOO.Main - INFO -    📈 实际注册模块: 17 个
2025-10-26 10:29:27,592 - AOO.Main - INFO -    - 配置管理器: ✅ 正常
2025-10-26 10:29:27,592 - AOO.Main - INFO -    - 模块扫描器: ✅ 正常
2025-10-26 10:29:27,592 - AOO.Main - INFO -    - 模块注册表: ✅ 正常
2025-10-26 10:29:27,592 - AOO.Main - INFO -    - 依赖解析器: ✅ 正常
2025-10-26 10:29:27,592 - AOO.Main - INFO -    - 自动装配工厂: ✅ 正常
2025-10-26 10:29:27,592 - AOO.Main - INFO -    - 生命周期管理器: ✅ 正常
2025-10-26 10:29:27,592 - AOO.Main - INFO - 🎯 系统修复完成，可以开始业务开发!
2025-10-26 10:29:27,592 - AOO.Main - INFO - 🎊 AOO系统修复版完全正常运行!
2025-10-26 10:36:05,071 - AOO.Main - INFO - 🚀 AOO系统修复版启动...
2025-10-26 10:36:05,071 - AOO.Main - INFO - 🎯 AOO系统修复版启动...
2025-10-26 10:36:05,332 - AOO.Config - INFO - 已加载环境变量文件: D:\AO\AOO\.env
2025-10-26 10:36:05,337 - AOO.Config - INFO - 配置文件加载成功: D:\AO\AOO\config\trading_config.json
2025-10-26 10:36:05,337 - AOO.Main - INFO - ✅ 配置管理器就绪
2025-10-26 10:36:05,337 - AOO.Main - INFO - ✅ 模块扫描器就绪
2025-10-26 10:36:05,337 - AOO.Main - INFO - ✅ 模块注册表就绪
2025-10-26 10:36:05,337 - AOO.Main - INFO - ✅ 依赖解析器就绪
2025-10-26 10:36:05,337 - AOO.Main - INFO - ✅ 自动装配工厂就绪
2025-10-26 10:36:05,337 - AOO.Main - INFO - ✅ 生命周期管理器就绪（无需显式初始化）
2025-10-26 10:36:05,337 - AOO.Main - INFO - 🔍 开始自动发现流程...
2025-10-26 10:36:05,337 - AOO.Scanner - INFO - 🔍 开始深度扫描AOO框架...
2025-10-26 10:36:05,337 - AOO.Scanner - INFO - 📁 扫描根目录: D:\AO\AOO
2025-10-26 10:36:05,347 - AOO.Scanner - INFO - ✅ A区: 发现 2 个模块
2025-10-26 10:36:05,347 - AOO.Scanner - INFO - ✅ F区: 发现 2 个模块
2025-10-26 10:36:05,347 - AOO.Scanner - INFO - ✅ G区: 发现 2 个模块
2025-10-26 10:36:05,371 - AOO.Scanner - INFO -     🎯 发现可发现类: DiscoverableModule, FactoryModule, ServiceModule, TradingModule
2025-10-26 10:36:05,371 - AOO.Scanner - INFO - ✅ D区: 发现 2 个模块
2025-10-26 10:36:05,371 - AOO.Scanner - INFO - ✅ E区: 发现 2 个模块
2025-10-26 10:36:05,449 - AOO.Scanner - INFO - ✅ K区: 发现 7 个模块
2025-10-26 10:36:05,449 - AOO.Scanner - INFO - 📦 深度扫描完成: 总共 0 个模块, 0 个类, 0 个可发现类
2025-10-26 10:36:05,449 - AOO.Scanner - INFO - ⏱️ 扫描耗时: 0.11 秒
2025-10-26 10:36:05,449 - AOO.Main - INFO - 📦 扫描完成: 17 个模块
2025-10-26 10:36:05,449 - AOO.Main - INFO -   注册 A区模块...
2025-10-26 10:36:05,449 - AOO.Registry - INFO - 模块注册成功: f2a09e8122f57501 (v1.0.0)
2025-10-26 10:36:05,449 - AOO.Registry - INFO - 模块注册成功: eddf1a9eb01d55d7 (v1.0.0)
2025-10-26 10:36:05,449 - AOO.Main - INFO -   注册 F区模块...
2025-10-26 10:36:05,449 - AOO.Registry - INFO - 模块注册成功: 70f2a089aac23cf9 (v1.0.0)
2025-10-26 10:36:05,449 - AOO.Registry - INFO - 模块注册成功: b381a578603198a3 (v1.0.0)
2025-10-26 10:36:05,449 - AOO.Main - INFO -   注册 G区模块...
2025-10-26 10:36:05,449 - AOO.Registry - INFO - 模块注册成功: 718afbcf096a4c42 (v1.0.0)
2025-10-26 10:36:05,449 - AOO.Registry - INFO - 模块注册成功: ffab45e17a7cac6c (v1.0.0)
2025-10-26 10:36:05,449 - AOO.Main - INFO -   注册 D区模块...
2025-10-26 10:36:05,449 - AOO.Registry - INFO - 模块注册成功: 9b1ed7bc34f1efb2 (v1.0.0)
2025-10-26 10:36:05,449 - AOO.Registry - INFO - 模块注册成功: 4e32136bcfd98d3e (v1.0.0)
2025-10-26 10:36:05,449 - AOO.Main - INFO -   注册 E区模块...
2025-10-26 10:36:05,449 - AOO.Registry - INFO - 模块注册成功: a1830d590c4f708d (v1.0.0)
2025-10-26 10:36:05,449 - AOO.Registry - INFO - 模块注册成功: 979470de2982c563 (v1.0.0)
2025-10-26 10:36:05,449 - AOO.Main - INFO -   注册 K区模块...
2025-10-26 10:36:05,449 - AOO.Registry - INFO - 模块注册成功: 687bb76bf94c346d (v1.0.0)
2025-10-26 10:36:05,449 - AOO.Registry - INFO - 模块注册成功: 2e372c7d0a2c717b (v1.0.0)
2025-10-26 10:36:05,449 - AOO.Registry - INFO - 模块注册成功: 62c7ab5bf1ef1e97 (v1.0.0)
2025-10-26 10:36:05,449 - AOO.Registry - INFO - 模块注册成功: 7dc4fe5aba7a9570 (v1.0.0)
2025-10-26 10:36:05,449 - AOO.Registry - INFO - 模块注册成功: 9f3eff1058bef431 (v1.0.0)
2025-10-26 10:36:05,449 - AOO.Registry - INFO - 模块注册成功: ed09b08ca6771505 (v1.0.0)
2025-10-26 10:36:05,449 - AOO.Registry - INFO - 模块注册成功: 4d7d28a361a64828 (v1.0.0)
2025-10-26 10:36:05,449 - AOO.Main - INFO - ✅ 注册完成: 17/17 个模块
2025-10-26 10:36:05,449 - AOO.Main - INFO - 🎉 AOO系统修复版启动完成!
2025-10-26 10:36:05,449 - AOO.Main - INFO - 📊 AOO系统修复版状态报告:
2025-10-26 10:36:05,449 - AOO.Main - INFO -    📈 实际注册模块: 17 个
2025-10-26 10:36:05,449 - AOO.Main - INFO -    - 配置管理器: ✅ 正常
2025-10-26 10:36:05,449 - AOO.Main - INFO -    - 模块扫描器: ✅ 正常
2025-10-26 10:36:05,449 - AOO.Main - INFO -    - 模块注册表: ✅ 正常
2025-10-26 10:36:05,449 - AOO.Main - INFO -    - 依赖解析器: ✅ 正常
2025-10-26 10:36:05,454 - AOO.Main - INFO -    - 自动装配工厂: ✅ 正常
2025-10-26 10:36:05,454 - AOO.Main - INFO -    - 生命周期管理器: ✅ 正常
2025-10-26 10:36:05,454 - AOO.Main - INFO - 🎯 系统修复完成，可以开始业务开发!
2025-10-26 10:36:05,454 - AOO.Main - INFO - 🎊 AOO系统修复版完全正常运行!
2025-10-26 10:37:54,955 - AOO.Main - INFO - 🚀 AOO系统修复版启动...
2025-10-26 10:37:54,955 - AOO.Main - INFO - 🎯 AOO系统修复版启动...
2025-10-26 10:37:55,269 - AOO.Config - INFO - 已加载环境变量文件: D:\AO\AOO\.env
2025-10-26 10:37:55,271 - AOO.Config - INFO - 配置文件加载成功: D:\AO\AOO\config\trading_config.json
2025-10-26 10:37:55,271 - AOO.Main - INFO - ✅ 配置管理器就绪
2025-10-26 10:37:55,272 - AOO.Main - INFO - ✅ 模块扫描器就绪
2025-10-26 10:37:55,272 - AOO.Main - INFO - ✅ 模块注册表就绪
2025-10-26 10:37:55,272 - AOO.Main - INFO - ✅ 依赖解析器就绪
2025-10-26 10:37:55,272 - AOO.Main - INFO - ✅ 自动装配工厂就绪
2025-10-26 10:37:55,272 - AOO.Main - INFO - ✅ 生命周期管理器就绪（无需显式初始化）
2025-10-26 10:37:55,272 - AOO.Main - INFO - 🔍 开始自动发现流程...
2025-10-26 10:37:55,272 - AOO.Scanner - INFO - 🔍 开始深度扫描AOO框架...
2025-10-26 10:37:55,272 - AOO.Scanner - INFO - 📁 扫描根目录: D:\AO\AOO
2025-10-26 10:37:55,279 - AOO.Scanner - INFO - ✅ D区: 发现 2 个模块
2025-10-26 10:37:55,283 - AOO.Scanner - INFO - ✅ A区: 发现 2 个模块
2025-10-26 10:37:55,284 - AOO.Scanner - INFO - ✅ F区: 发现 2 个模块
2025-10-26 10:37:55,285 - AOO.Scanner - INFO - ✅ G区: 发现 2 个模块
2025-10-26 10:37:55,285 - AOO.Scanner - INFO - ✅ E区: 发现 2 个模块
2025-10-26 10:37:55,307 - AOO.Scanner - INFO -     🎯 发现可发现类: DiscoverableModule, FactoryModule, ServiceModule, TradingModule
2025-10-26 10:37:55,383 - AOO.Scanner - INFO - ✅ K区: 发现 7 个模块
2025-10-26 10:37:55,383 - AOO.Scanner - INFO - 📦 深度扫描完成: 总共 0 个模块, 0 个类, 0 个可发现类
2025-10-26 10:37:55,385 - AOO.Scanner - INFO - ⏱️ 扫描耗时: 0.11 秒
2025-10-26 10:37:55,385 - AOO.Main - INFO - 📦 扫描完成: 17 个模块
2025-10-26 10:37:55,385 - AOO.Main - INFO -   注册 D区模块...
2025-10-26 10:37:55,385 - AOO.Registry - INFO - 模块注册成功: 9b1ed7bc34f1efb2 (v1.0.0)
2025-10-26 10:37:55,385 - AOO.Registry - INFO - 模块注册成功: 4e32136bcfd98d3e (v1.0.0)
2025-10-26 10:37:55,385 - AOO.Main - INFO -   注册 A区模块...
2025-10-26 10:37:55,385 - AOO.Registry - INFO - 模块注册成功: f2a09e8122f57501 (v1.0.0)
2025-10-26 10:37:55,385 - AOO.Registry - INFO - 模块注册成功: eddf1a9eb01d55d7 (v1.0.0)
2025-10-26 10:37:55,385 - AOO.Main - INFO -   注册 F区模块...
2025-10-26 10:37:55,385 - AOO.Registry - INFO - 模块注册成功: 70f2a089aac23cf9 (v1.0.0)
2025-10-26 10:37:55,385 - AOO.Registry - INFO - 模块注册成功: b381a578603198a3 (v1.0.0)
2025-10-26 10:37:55,385 - AOO.Main - INFO -   注册 G区模块...
2025-10-26 10:37:55,385 - AOO.Registry - INFO - 模块注册成功: 718afbcf096a4c42 (v1.0.0)
2025-10-26 10:37:55,385 - AOO.Registry - INFO - 模块注册成功: ffab45e17a7cac6c (v1.0.0)
2025-10-26 10:37:55,385 - AOO.Main - INFO -   注册 E区模块...
2025-10-26 10:37:55,385 - AOO.Registry - INFO - 模块注册成功: a1830d590c4f708d (v1.0.0)
2025-10-26 10:37:55,385 - AOO.Registry - INFO - 模块注册成功: 979470de2982c563 (v1.0.0)
2025-10-26 10:37:55,385 - AOO.Main - INFO -   注册 K区模块...
2025-10-26 10:37:55,385 - AOO.Registry - INFO - 模块注册成功: 687bb76bf94c346d (v1.0.0)
2025-10-26 10:37:55,385 - AOO.Registry - INFO - 模块注册成功: 2e372c7d0a2c717b (v1.0.0)
2025-10-26 10:37:55,385 - AOO.Registry - INFO - 模块注册成功: 62c7ab5bf1ef1e97 (v1.0.0)
2025-10-26 10:37:55,385 - AOO.Registry - INFO - 模块注册成功: 7dc4fe5aba7a9570 (v1.0.0)
2025-10-26 10:37:55,385 - AOO.Registry - INFO - 模块注册成功: 9f3eff1058bef431 (v1.0.0)
2025-10-26 10:37:55,385 - AOO.Registry - INFO - 模块注册成功: ed09b08ca6771505 (v1.0.0)
2025-10-26 10:37:55,385 - AOO.Registry - INFO - 模块注册成功: 4d7d28a361a64828 (v1.0.0)
2025-10-26 10:37:55,385 - AOO.Main - INFO - ✅ 注册完成: 17/17 个模块
2025-10-26 10:37:55,385 - AOO.Main - INFO - 🎉 AOO系统修复版启动完成!
2025-10-26 10:37:55,385 - AOO.Main - INFO - 📊 AOO系统修复版状态报告:
2025-10-26 10:37:55,385 - AOO.Main - INFO -    📈 实际注册模块: 17 个
2025-10-26 10:37:55,385 - AOO.Main - INFO -    - 配置管理器: ✅ 正常
2025-10-26 10:37:55,385 - AOO.Main - INFO -    - 模块扫描器: ✅ 正常
2025-10-26 10:37:55,385 - AOO.Main - INFO -    - 模块注册表: ✅ 正常
2025-10-26 10:37:55,385 - AOO.Main - INFO -    - 依赖解析器: ✅ 正常
2025-10-26 10:37:55,385 - AOO.Main - INFO -    - 自动装配工厂: ✅ 正常
2025-10-26 10:37:55,385 - AOO.Main - INFO -    - 生命周期管理器: ✅ 正常
2025-10-26 10:37:55,385 - AOO.Main - INFO - 🎯 系统修复完成，可以开始业务开发!
2025-10-26 10:37:55,385 - AOO.Main - INFO - 🎊 AOO系统修复版完全正常运行!
2025-10-26 13:26:37,136 - AOO.Main - INFO - 🚀 AOO系统修复版启动...
2025-10-26 13:26:37,136 - AOO.Main - INFO - 🎯 AOO系统修复版启动...
2025-10-26 13:26:37,421 - AOO.Config - INFO - 已加载环境变量文件: D:\AO\AOO\.env
2025-10-26 13:26:37,423 - AOO.Config - INFO - 配置文件加载成功: D:\AO\AOO\config\trading_config.json
2025-10-26 13:26:37,423 - AOO.Main - INFO - ✅ 配置管理器就绪
2025-10-26 13:26:37,423 - AOO.Main - INFO - ✅ 模块扫描器就绪
2025-10-26 13:26:37,423 - AOO.Main - INFO - ✅ 模块注册表就绪
2025-10-26 13:26:37,423 - AOO.Main - INFO - ✅ 依赖解析器就绪
2025-10-26 13:26:37,423 - AOO.Main - INFO - ✅ 自动装配工厂就绪
2025-10-26 13:26:37,423 - AOO.Main - INFO - ✅ 生命周期管理器就绪（无需显式初始化）
2025-10-26 13:26:37,424 - AOO.Main - INFO - 🔍 开始自动发现流程...
2025-10-26 13:26:37,424 - AOO.Scanner - INFO - 🔍 开始深度扫描AOO框架...
2025-10-26 13:26:37,424 - AOO.Scanner - INFO - 📁 扫描根目录: D:\AO\AOO
2025-10-26 13:26:37,432 - AOO.Scanner - INFO - ✅ E区: 发现 2 个模块
2025-10-26 13:26:37,432 - AOO.Scanner - INFO - ✅ A区: 发现 2 个模块
2025-10-26 13:26:37,433 - AOO.Scanner - INFO - ✅ D区: 发现 2 个模块
2025-10-26 13:26:37,434 - AOO.Scanner - INFO - ✅ F区: 发现 2 个模块
2025-10-26 13:26:37,434 - AOO.Scanner - INFO - ✅ G区: 发现 2 个模块
2025-10-26 13:26:37,457 - AOO.Scanner - INFO -     🎯 发现可发现类: DiscoverableModule, FactoryModule, ServiceModule, TradingModule
2025-10-26 13:26:37,533 - AOO.Scanner - INFO - ✅ K区: 发现 7 个模块
2025-10-26 13:26:37,534 - AOO.Scanner - INFO - 📦 深度扫描完成: 总共 0 个模块, 0 个类, 0 个可发现类
2025-10-26 13:26:37,534 - AOO.Scanner - INFO - ⏱️ 扫描耗时: 0.11 秒
2025-10-26 13:26:37,534 - AOO.Main - INFO - 📦 扫描完成: 17 个模块
2025-10-26 13:26:37,534 - AOO.Main - INFO -   注册 E区模块...
2025-10-26 13:26:37,535 - AOO.Registry - INFO - 模块注册成功: a1830d590c4f708d (v1.0.0)
2025-10-26 13:26:37,535 - AOO.Registry - INFO - 模块注册成功: 979470de2982c563 (v1.0.0)
2025-10-26 13:26:37,535 - AOO.Main - INFO -   注册 A区模块...
2025-10-26 13:26:37,535 - AOO.Registry - INFO - 模块注册成功: f2a09e8122f57501 (v1.0.0)
2025-10-26 13:26:37,535 - AOO.Registry - INFO - 模块注册成功: eddf1a9eb01d55d7 (v1.0.0)
2025-10-26 13:26:37,535 - AOO.Main - INFO -   注册 D区模块...
2025-10-26 13:26:37,535 - AOO.Registry - INFO - 模块注册成功: 9b1ed7bc34f1efb2 (v1.0.0)
2025-10-26 13:26:37,535 - AOO.Registry - INFO - 模块注册成功: 4e32136bcfd98d3e (v1.0.0)
2025-10-26 13:26:37,535 - AOO.Main - INFO -   注册 F区模块...
2025-10-26 13:26:37,535 - AOO.Registry - INFO - 模块注册成功: 70f2a089aac23cf9 (v1.0.0)
2025-10-26 13:26:37,535 - AOO.Registry - INFO - 模块注册成功: b381a578603198a3 (v1.0.0)
2025-10-26 13:26:37,535 - AOO.Main - INFO -   注册 G区模块...
2025-10-26 13:26:37,536 - AOO.Registry - INFO - 模块注册成功: 718afbcf096a4c42 (v1.0.0)
2025-10-26 13:26:37,536 - AOO.Registry - INFO - 模块注册成功: ffab45e17a7cac6c (v1.0.0)
2025-10-26 13:26:37,536 - AOO.Main - INFO -   注册 K区模块...
2025-10-26 13:26:37,536 - AOO.Registry - INFO - 模块注册成功: 687bb76bf94c346d (v1.0.0)
2025-10-26 13:26:37,536 - AOO.Registry - INFO - 模块注册成功: 2e372c7d0a2c717b (v1.0.0)
2025-10-26 13:26:37,536 - AOO.Registry - INFO - 模块注册成功: 62c7ab5bf1ef1e97 (v1.0.0)
2025-10-26 13:26:37,536 - AOO.Registry - INFO - 模块注册成功: 7dc4fe5aba7a9570 (v1.0.0)
2025-10-26 13:26:37,536 - AOO.Registry - INFO - 模块注册成功: 9f3eff1058bef431 (v1.0.0)
2025-10-26 13:26:37,536 - AOO.Registry - INFO - 模块注册成功: ed09b08ca6771505 (v1.0.0)
2025-10-26 13:26:37,536 - AOO.Registry - INFO - 模块注册成功: 4d7d28a361a64828 (v1.0.0)
2025-10-26 13:26:37,536 - AOO.Main - INFO - ✅ 注册完成: 17/17 个模块
2025-10-26 13:26:37,536 - AOO.Main - INFO - 🎉 AOO系统修复版启动完成!
2025-10-26 13:26:37,536 - AOO.Main - INFO - 📊 AOO系统修复版状态报告:
2025-10-26 13:26:37,537 - AOO.Main - INFO -    📈 实际注册模块: 17 个
2025-10-26 13:26:37,537 - AOO.Main - INFO -    - 配置管理器: ✅ 正常
2025-10-26 13:26:37,537 - AOO.Main - INFO -    - 模块扫描器: ✅ 正常
2025-10-26 13:26:37,537 - AOO.Main - INFO -    - 模块注册表: ✅ 正常
2025-10-26 13:26:37,537 - AOO.Main - INFO -    - 依赖解析器: ✅ 正常
2025-10-26 13:26:37,537 - AOO.Main - INFO -    - 自动装配工厂: ✅ 正常
2025-10-26 13:26:37,537 - AOO.Main - INFO -    - 生命周期管理器: ✅ 正常
2025-10-26 13:26:37,537 - AOO.Main - INFO - 🎯 系统修复完成，可以开始业务开发!
2025-10-26 13:26:37,537 - AOO.Main - INFO - 🎊 AOO系统修复版完全正常运行!
2025-10-26 14:47:17,321 - AOO.Main - INFO - 🚀 AOO系统修复版启动...
2025-10-26 14:47:17,321 - AOO.Main - INFO - 🎯 AOO系统修复版启动...
2025-10-26 14:47:17,626 - AOO.Config - INFO - 已加载环境变量文件: D:\AO\AOO\.env
2025-10-26 14:47:17,626 - AOO.Config - INFO - 配置文件加载成功: D:\AO\AOO\config\trading_config.json
2025-10-26 14:47:17,641 - AOO.Main - INFO - ✅ 配置管理器就绪
2025-10-26 14:47:17,641 - AOO.Main - INFO - ✅ 模块扫描器就绪
2025-10-26 14:47:17,641 - AOO.Main - INFO - ✅ 模块注册表就绪
2025-10-26 14:47:17,641 - AOO.Main - INFO - ✅ 依赖解析器就绪
2025-10-26 14:47:17,641 - AOO.Main - INFO - ✅ 自动装配工厂就绪
2025-10-26 14:47:17,641 - AOO.Main - INFO - ✅ 生命周期管理器就绪（无需显式初始化）
2025-10-26 14:47:17,641 - AOO.Main - INFO - 🔍 开始自动发现流程...
2025-10-26 14:47:17,641 - AOO.Scanner - INFO - 🔍 开始深度扫描AOO框架...
2025-10-26 14:47:17,641 - AOO.Scanner - INFO - 📁 扫描根目录: D:\AO\AOO
2025-10-26 14:47:17,659 - AOO.Scanner - INFO - ✅ E区: 发现 2 个模块
2025-10-26 14:47:17,659 - AOO.Scanner - INFO - ✅ F区: 发现 2 个模块
2025-10-26 14:47:17,659 - AOO.Scanner - INFO - ✅ G区: 发现 2 个模块
2025-10-26 14:47:17,659 - AOO.Scanner - INFO - ✅ A区: 发现 2 个模块
2025-10-26 14:47:17,659 - AOO.Scanner - INFO - ✅ D区: 发现 2 个模块
2025-10-26 14:47:17,690 - AOO.Scanner - INFO -     🎯 发现可发现类: DiscoverableModule, FactoryModule, ServiceModule, TradingModule
2025-10-26 14:47:17,800 - AOO.Scanner - INFO - ✅ K区: 发现 7 个模块
2025-10-26 14:47:17,800 - AOO.Scanner - INFO - 📦 深度扫描完成: 总共 0 个模块, 0 个类, 0 个可发现类
2025-10-26 14:47:17,800 - AOO.Scanner - INFO - ⏱️ 扫描耗时: 0.16 秒
2025-10-26 14:47:17,800 - AOO.Main - INFO - 📦 扫描完成: 17 个模块
2025-10-26 14:47:17,800 - AOO.Main - INFO -   注册 E区模块...
2025-10-26 14:47:17,800 - AOO.Registry - INFO - 模块注册成功: a1830d590c4f708d (v1.0.0)
2025-10-26 14:47:17,800 - AOO.Registry - INFO - 模块注册成功: 979470de2982c563 (v1.0.0)
2025-10-26 14:47:17,800 - AOO.Main - INFO -   注册 F区模块...
2025-10-26 14:47:17,800 - AOO.Registry - INFO - 模块注册成功: 70f2a089aac23cf9 (v1.0.0)
2025-10-26 14:47:17,800 - AOO.Registry - INFO - 模块注册成功: b381a578603198a3 (v1.0.0)
2025-10-26 14:47:17,800 - AOO.Main - INFO -   注册 G区模块...
2025-10-26 14:47:17,800 - AOO.Registry - INFO - 模块注册成功: 718afbcf096a4c42 (v1.0.0)
2025-10-26 14:47:17,800 - AOO.Registry - INFO - 模块注册成功: ffab45e17a7cac6c (v1.0.0)
2025-10-26 14:47:17,800 - AOO.Main - INFO -   注册 A区模块...
2025-10-26 14:47:17,810 - AOO.Registry - INFO - 模块注册成功: f2a09e8122f57501 (v1.0.0)
2025-10-26 14:47:17,810 - AOO.Registry - INFO - 模块注册成功: eddf1a9eb01d55d7 (v1.0.0)
2025-10-26 14:47:17,810 - AOO.Main - INFO -   注册 D区模块...
2025-10-26 14:47:17,810 - AOO.Registry - INFO - 模块注册成功: 9b1ed7bc34f1efb2 (v1.0.0)
2025-10-26 14:47:17,810 - AOO.Registry - INFO - 模块注册成功: 4e32136bcfd98d3e (v1.0.0)
2025-10-26 14:47:17,810 - AOO.Main - INFO -   注册 K区模块...
2025-10-26 14:47:17,810 - AOO.Registry - INFO - 模块注册成功: 687bb76bf94c346d (v1.0.0)
2025-10-26 14:47:17,810 - AOO.Registry - INFO - 模块注册成功: 2e372c7d0a2c717b (v1.0.0)
2025-10-26 14:47:17,810 - AOO.Registry - INFO - 模块注册成功: 62c7ab5bf1ef1e97 (v1.0.0)
2025-10-26 14:47:17,810 - AOO.Registry - INFO - 模块注册成功: 7dc4fe5aba7a9570 (v1.0.0)
2025-10-26 14:47:17,810 - AOO.Registry - INFO - 模块注册成功: 9f3eff1058bef431 (v1.0.0)
2025-10-26 14:47:17,810 - AOO.Registry - INFO - 模块注册成功: ed09b08ca6771505 (v1.0.0)
2025-10-26 14:47:17,810 - AOO.Registry - INFO - 模块注册成功: 4d7d28a361a64828 (v1.0.0)
2025-10-26 14:47:17,810 - AOO.Main - INFO - ✅ 注册完成: 17/17 个模块
2025-10-26 14:47:17,810 - AOO.Main - INFO - 🎉 AOO系统修复版启动完成!
2025-10-26 14:47:17,810 - AOO.Main - INFO - 📊 AOO系统修复版状态报告:
2025-10-26 14:47:17,810 - AOO.Main - INFO -    📈 实际注册模块: 17 个
2025-10-26 14:47:17,810 - AOO.Main - INFO -    - 配置管理器: ✅ 正常
2025-10-26 14:47:17,810 - AOO.Main - INFO -    - 模块扫描器: ✅ 正常
2025-10-26 14:47:17,810 - AOO.Main - INFO -    - 模块注册表: ✅ 正常
2025-10-26 14:47:17,810 - AOO.Main - INFO -    - 依赖解析器: ✅ 正常
2025-10-26 14:47:17,810 - AOO.Main - INFO -    - 自动装配工厂: ✅ 正常
2025-10-26 14:47:17,816 - AOO.Main - INFO -    - 生命周期管理器: ✅ 正常
2025-10-26 14:47:17,816 - AOO.Main - INFO - 🎯 系统修复完成，可以开始业务开发!
2025-10-26 14:47:17,816 - AOO.Main - INFO - 🎊 AOO系统修复版完全正常运行!
2025-10-26 17:00:16,902 - AOO.Main - INFO - 🚀 AOO系统修复版启动...
2025-10-26 17:00:16,902 - AOO.Main - INFO - 🎯 AOO系统修复版启动...
2025-10-26 17:00:17,252 - AOO.Config - INFO - 已加载环境变量文件: D:\AO\AOO\.env
2025-10-26 17:00:17,253 - AOO.Config - INFO - 配置文件加载成功: D:\AO\AOO\config\trading_config.json
2025-10-26 17:00:17,253 - AOO.Main - INFO - ✅ 配置管理器就绪
2025-10-26 17:00:17,253 - AOO.Main - INFO - ✅ 模块扫描器就绪
2025-10-26 17:00:17,253 - AOO.Main - INFO - ✅ 模块注册表就绪
2025-10-26 17:00:17,253 - AOO.Main - INFO - ✅ 依赖解析器就绪
2025-10-26 17:00:17,253 - AOO.Main - INFO - ✅ 自动装配工厂就绪
2025-10-26 17:00:17,253 - AOO.Main - INFO - ✅ 生命周期管理器就绪（无需显式初始化）
2025-10-26 17:00:17,253 - AOO.Main - INFO - 🔍 开始自动发现流程...
2025-10-26 17:00:17,253 - AOO.Scanner - INFO - 🔍 开始深度扫描AOO框架...
2025-10-26 17:00:17,253 - AOO.Scanner - INFO - 📁 扫描根目录: D:\AO\AOO
2025-10-26 17:00:17,274 - AOO.Scanner - INFO - ✅ A区: 发现 2 个模块
2025-10-26 17:00:17,278 - AOO.Scanner - INFO - ✅ A区: 发现 2 个模块
2025-10-26 17:00:17,279 - AOO.Scanner - INFO -     🎯 发现可发现类: FinalTestService
2025-10-26 17:00:17,280 - AOO.Scanner - INFO - ✅ D区: 发现 2 个模块
2025-10-26 17:00:17,281 - AOO.Scanner - INFO - ✅ FinalTest区: 发现 1 个模块
2025-10-26 17:00:17,281 - AOO.Scanner - INFO - ✅ E区: 发现 2 个模块
2025-10-26 17:00:17,283 - AOO.Scanner - INFO - ✅ F区: 发现 2 个模块
2025-10-26 17:00:17,284 - AOO.Scanner - INFO - ✅ G区: 发现 2 个模块
2025-10-26 17:00:17,284 - AOO.Scanner - INFO - ✅ F区: 发现 2 个模块
2025-10-26 17:00:17,285 - AOO.Scanner - INFO - ✅ D区: 发现 2 个模块
2025-10-26 17:00:17,285 - AOO.Scanner - INFO - ✅ G区: 发现 2 个模块
2025-10-26 17:00:17,285 - AOO.Scanner - INFO - ✅ E区: 发现 2 个模块
2025-10-26 17:00:17,330 - AOO.Scanner - INFO -     🎯 发现可发现类: DiscoverableModule, FactoryModule, ServiceModule, TradingModule
2025-10-26 17:00:17,340 - AOO.Scanner - INFO -     🎯 发现可发现类: DiscoverableModule, FactoryModule, ServiceModule, TradingModule
2025-10-26 17:00:17,481 - AOO.Scanner - INFO - ✅ K区: 发现 7 个模块
2025-10-26 17:00:17,491 - AOO.Scanner - INFO - ✅ K区: 发现 7 个模块
2025-10-26 17:00:17,492 - AOO.Scanner - INFO - 📦 深度扫描完成: 总共 0 个模块, 0 个类, 0 个可发现类
2025-10-26 17:00:17,492 - AOO.Scanner - INFO - ⏱️ 扫描耗时: 0.24 秒
2025-10-26 17:00:17,493 - AOO.Main - INFO - 📦 扫描完成: 18 个模块
2025-10-26 17:00:17,494 - AOO.Main - INFO -   注册 A区模块...
2025-10-26 17:00:17,494 - AOO.Registry - INFO - 模块注册成功: f2a09e8122f57501 (v1.0.0)
2025-10-26 17:00:17,494 - AOO.Registry - INFO - 模块注册成功: eddf1a9eb01d55d7 (v1.0.0)
2025-10-26 17:00:17,494 - AOO.Main - INFO -   注册 D区模块...
2025-10-26 17:00:17,494 - AOO.Registry - INFO - 模块注册成功: 9b1ed7bc34f1efb2 (v1.0.0)
2025-10-26 17:00:17,494 - AOO.Registry - INFO - 模块注册成功: 4e32136bcfd98d3e (v1.0.0)
2025-10-26 17:00:17,495 - AOO.Main - INFO -   注册 FinalTest区模块...
2025-10-26 17:00:17,495 - AOO.Registry - INFO - 模块注册成功: fe54475f21313dac (v1.0.0)
2025-10-26 17:00:17,495 - AOO.Main - INFO -   注册 E区模块...
2025-10-26 17:00:17,495 - AOO.Registry - INFO - 模块注册成功: a1830d590c4f708d (v1.0.0)
2025-10-26 17:00:17,495 - AOO.Registry - INFO - 模块注册成功: 979470de2982c563 (v1.0.0)
2025-10-26 17:00:17,495 - AOO.Main - INFO -   注册 F区模块...
2025-10-26 17:00:17,495 - AOO.Registry - INFO - 模块注册成功: 70f2a089aac23cf9 (v1.0.0)
2025-10-26 17:00:17,495 - AOO.Registry - INFO - 模块注册成功: b381a578603198a3 (v1.0.0)
2025-10-26 17:00:17,495 - AOO.Main - INFO -   注册 G区模块...
2025-10-26 17:00:17,495 - AOO.Registry - INFO - 模块注册成功: 718afbcf096a4c42 (v1.0.0)
2025-10-26 17:00:17,495 - AOO.Registry - INFO - 模块注册成功: ffab45e17a7cac6c (v1.0.0)
2025-10-26 17:00:17,495 - AOO.Main - INFO -   注册 K区模块...
2025-10-26 17:00:17,495 - AOO.Registry - INFO - 模块注册成功: 687bb76bf94c346d (v1.0.0)
2025-10-26 17:00:17,495 - AOO.Registry - INFO - 模块注册成功: 2e372c7d0a2c717b (v1.0.0)
2025-10-26 17:00:17,495 - AOO.Registry - INFO - 模块注册成功: 62c7ab5bf1ef1e97 (v1.0.0)
2025-10-26 17:00:17,495 - AOO.Registry - INFO - 模块注册成功: 7dc4fe5aba7a9570 (v1.0.0)
2025-10-26 17:00:17,495 - AOO.Registry - INFO - 模块注册成功: 9f3eff1058bef431 (v1.0.0)
2025-10-26 17:00:17,495 - AOO.Registry - INFO - 模块注册成功: ed09b08ca6771505 (v1.0.0)
2025-10-26 17:00:17,495 - AOO.Registry - INFO - 模块注册成功: 4d7d28a361a64828 (v1.0.0)
2025-10-26 17:00:17,495 - AOO.Main - INFO - ✅ 注册完成: 18/18 个模块
2025-10-26 17:00:17,495 - AOO.Main - INFO - 🎉 AOO系统修复版启动完成!
2025-10-26 17:00:17,495 - AOO.Main - INFO - 📊 AOO系统修复版状态报告:
2025-10-26 17:00:17,495 - AOO.Main - INFO -    📈 实际注册模块: 18 个
2025-10-26 17:00:17,495 - AOO.Main - INFO -    - 配置管理器: ✅ 正常
2025-10-26 17:00:17,495 - AOO.Main - INFO -    - 模块扫描器: ✅ 正常
2025-10-26 17:00:17,495 - AOO.Main - INFO -    - 模块注册表: ✅ 正常
2025-10-26 17:00:17,495 - AOO.Main - INFO -    - 依赖解析器: ✅ 正常
2025-10-26 17:00:17,495 - AOO.Main - INFO -    - 自动装配工厂: ✅ 正常
2025-10-26 17:00:17,495 - AOO.Main - INFO -    - 生命周期管理器: ✅ 正常
2025-10-26 17:00:17,495 - AOO.Main - INFO - 🎯 系统修复完成，可以开始业务开发!
2025-10-26 17:00:17,495 - AOO.Main - INFO - 🎊 AOO系统修复版完全正常运行!
2025-10-27 02:09:21,506 - AOO.Main - INFO - 🚀 AOO系统修复版启动...
2025-10-27 02:09:21,506 - AOO.Main - INFO - 🎯 AOO系统修复版启动...
2025-10-27 02:09:21,771 - AOO.Config - INFO - 已加载环境变量文件: D:\AO\AOO\.env
2025-10-27 02:09:21,771 - AOO.Config - INFO - 配置文件加载成功: D:\AO\AOO\config\trading_config.json
2025-10-27 02:09:21,771 - AOO.Main - INFO - ✅ 配置管理器就绪
2025-10-27 02:09:21,771 - AOO.Main - INFO - ✅ 模块扫描器就绪
2025-10-27 02:09:21,771 - AOO.Main - INFO - ✅ 模块注册表就绪
2025-10-27 02:09:21,771 - AOO.Main - INFO - ✅ 依赖解析器就绪
2025-10-27 02:09:21,776 - AOO.Main - INFO - ✅ 自动装配工厂就绪
2025-10-27 02:09:21,776 - AOO.Main - INFO - ✅ 生命周期管理器就绪（无需显式初始化）
2025-10-27 02:09:21,776 - AOO.Main - INFO - 🔍 开始自动发现流程...
2025-10-27 02:09:21,776 - AOO.Scanner - INFO - 🔍 开始深度扫描AOO框架...
2025-10-27 02:09:21,776 - AOO.Scanner - INFO - 📁 扫描根目录: D:\AO\AOO
2025-10-27 02:09:21,782 - AOO.Scanner - INFO -     🎯 发现可发现类: FinalTestService
2025-10-27 02:09:21,782 - AOO.Scanner - INFO - ✅ D区: 发现 2 个模块
2025-10-27 02:09:21,786 - AOO.Scanner - INFO - ✅ F区: 发现 2 个模块
2025-10-27 02:09:21,786 - AOO.Scanner - INFO - ✅ FinalTest区: 发现 1 个模块
2025-10-27 02:09:21,786 - AOO.Scanner - INFO - ✅ F区: 发现 2 个模块
2025-10-27 02:09:21,786 - AOO.Scanner - INFO - ✅ E区: 发现 2 个模块
2025-10-27 02:09:21,786 - AOO.Scanner - INFO - ✅ E区: 发现 2 个模块
2025-10-27 02:09:21,786 - AOO.Scanner - INFO - ✅ D区: 发现 2 个模块
2025-10-27 02:09:21,786 - AOO.Scanner - INFO - ✅ G区: 发现 2 个模块
2025-10-27 02:09:21,791 - AOO.Scanner - INFO -     🎯 发现可发现类: DataService
2025-10-27 02:09:21,791 - AOO.Scanner - INFO - ✅ G区: 发现 2 个模块
2025-10-27 02:09:21,791 - AOO.Scanner - INFO - ✅ MyBusiness区: 发现 1 个模块
2025-10-27 02:09:21,847 - AOO.Scanner - INFO -     🎯 发现可发现类: DiscoverableModule, FactoryModule, ServiceModule, TradingModule
2025-10-27 02:09:21,847 - AOO.Scanner - INFO -     🎯 发现可发现类: DiscoverableModule, FactoryModule, ServiceModule, TradingModule
2025-10-27 02:09:21,971 - AOO.Scanner - INFO - ✅ K区: 发现 7 个模块
2025-10-27 02:09:21,982 - AOO.Scanner - INFO - ✅ K区: 发现 7 个模块
2025-10-27 02:09:21,983 - AOO.Scanner - INFO - 📦 深度扫描完成: 总共 0 个模块, 0 个类, 0 个可发现类
2025-10-27 02:09:21,983 - AOO.Scanner - INFO - ⏱️ 扫描耗时: 0.21 秒
2025-10-27 02:09:21,983 - AOO.Main - INFO - 📦 扫描完成: 17 个模块
2025-10-27 02:09:21,983 - AOO.Main - INFO -   注册 D区模块...
2025-10-27 02:09:21,983 - AOO.Registry - INFO - 模块注册成功: 9b1ed7bc34f1efb2 (v1.0.0)
2025-10-27 02:09:21,983 - AOO.Registry - INFO - 模块注册成功: 4e32136bcfd98d3e (v1.0.0)
2025-10-27 02:09:21,984 - AOO.Main - INFO -   注册 F区模块...
2025-10-27 02:09:21,984 - AOO.Registry - INFO - 模块注册成功: 70f2a089aac23cf9 (v1.0.0)
2025-10-27 02:09:21,984 - AOO.Registry - INFO - 模块注册成功: b381a578603198a3 (v1.0.0)
2025-10-27 02:09:21,984 - AOO.Main - INFO -   注册 FinalTest区模块...
2025-10-27 02:09:21,984 - AOO.Registry - INFO - 模块注册成功: fe54475f21313dac (v1.0.0)
2025-10-27 02:09:21,984 - AOO.Main - INFO -   注册 E区模块...
2025-10-27 02:09:21,984 - AOO.Registry - INFO - 模块注册成功: a1830d590c4f708d (v1.0.0)
2025-10-27 02:09:21,985 - AOO.Registry - INFO - 模块注册成功: 979470de2982c563 (v1.0.0)
2025-10-27 02:09:21,985 - AOO.Main - INFO -   注册 G区模块...
2025-10-27 02:09:21,985 - AOO.Registry - INFO - 模块注册成功: 718afbcf096a4c42 (v1.0.0)
2025-10-27 02:09:21,985 - AOO.Registry - INFO - 模块注册成功: ffab45e17a7cac6c (v1.0.0)
2025-10-27 02:09:21,985 - AOO.Main - INFO -   注册 MyBusiness区模块...
2025-10-27 02:09:21,985 - AOO.Registry - INFO - 模块注册成功: 81f08f18307fe00b (v1.0.0)
2025-10-27 02:09:21,985 - AOO.Main - INFO -   注册 K区模块...
2025-10-27 02:09:21,986 - AOO.Registry - INFO - 模块注册成功: 687bb76bf94c346d (v1.0.0)
2025-10-27 02:09:21,986 - AOO.Registry - INFO - 模块注册成功: 2e372c7d0a2c717b (v1.0.0)
2025-10-27 02:09:21,986 - AOO.Registry - INFO - 模块注册成功: 62c7ab5bf1ef1e97 (v1.0.0)
2025-10-27 02:09:21,986 - AOO.Registry - INFO - 模块注册成功: 7dc4fe5aba7a9570 (v1.0.0)
2025-10-27 02:09:21,986 - AOO.Registry - INFO - 模块注册成功: 9f3eff1058bef431 (v1.0.0)
2025-10-27 02:09:21,987 - AOO.Registry - INFO - 模块注册成功: ed09b08ca6771505 (v1.0.0)
2025-10-27 02:09:21,987 - AOO.Registry - INFO - 模块注册成功: 4d7d28a361a64828 (v1.0.0)
2025-10-27 02:09:21,987 - AOO.Main - INFO - ✅ 注册完成: 17/17 个模块
2025-10-27 02:09:21,987 - AOO.Main - INFO - 🎉 AOO系统修复版启动完成!
2025-10-27 02:09:21,987 - AOO.Main - INFO - 📊 AOO系统修复版状态报告:
2025-10-27 02:09:21,987 - AOO.Main - INFO -    📈 实际注册模块: 17 个
2025-10-27 02:09:21,987 - AOO.Main - INFO -    - 配置管理器: ✅ 正常
2025-10-27 02:09:21,987 - AOO.Main - INFO -    - 模块扫描器: ✅ 正常
2025-10-27 02:09:21,987 - AOO.Main - INFO -    - 模块注册表: ✅ 正常
2025-10-27 02:09:21,987 - AOO.Main - INFO -    - 依赖解析器: ✅ 正常
2025-10-27 02:09:21,987 - AOO.Main - INFO -    - 自动装配工厂: ✅ 正常
2025-10-27 02:09:21,987 - AOO.Main - INFO -    - 生命周期管理器: ✅ 正常
2025-10-27 02:09:21,988 - AOO.Main - INFO - 🎯 系统修复完成，可以开始业务开发!
2025-10-27 02:09:21,988 - AOO.Main - INFO - 🎊 AOO系统修复版完全正常运行!
2025-10-27 02:09:30,095 - AOO.Main - INFO - 🚀 AOO系统修复版启动...
2025-10-27 02:09:30,095 - AOO.Main - INFO - 🎯 AOO系统修复版启动...
2025-10-27 02:09:30,359 - AOO.Config - INFO - 已加载环境变量文件: D:\AO\AOO\.env
2025-10-27 02:09:30,359 - AOO.Config - INFO - 配置文件加载成功: D:\AO\AOO\config\trading_config.json
2025-10-27 02:09:30,359 - AOO.Main - INFO - ✅ 配置管理器就绪
2025-10-27 02:09:30,359 - AOO.Main - INFO - ✅ 模块扫描器就绪
2025-10-27 02:09:30,359 - AOO.Main - INFO - ✅ 模块注册表就绪
2025-10-27 02:09:30,359 - AOO.Main - INFO - ✅ 依赖解析器就绪
2025-10-27 02:09:30,359 - AOO.Main - INFO - ✅ 自动装配工厂就绪
2025-10-27 02:09:30,359 - AOO.Main - INFO - ✅ 生命周期管理器就绪（无需显式初始化）
2025-10-27 02:09:30,359 - AOO.Main - INFO - 🔍 开始自动发现流程...
2025-10-27 02:09:30,359 - AOO.Scanner - INFO - 🔍 开始深度扫描AOO框架...
2025-10-27 02:09:30,359 - AOO.Scanner - INFO - 📁 扫描根目录: D:\AO\AOO
2025-10-27 02:09:30,371 - AOO.Scanner - INFO -     🎯 发现可发现类: FinalTestService
2025-10-27 02:09:30,371 - AOO.Scanner - INFO - ✅ D区: 发现 2 个模块
2025-10-27 02:09:30,375 - AOO.Scanner - INFO - ✅ D区: 发现 2 个模块
2025-10-27 02:09:30,375 - AOO.Scanner - INFO - ✅ E区: 发现 2 个模块
2025-10-27 02:09:30,375 - AOO.Scanner - INFO - ✅ FinalTest区: 发现 1 个模块
2025-10-27 02:09:30,375 - AOO.Scanner - INFO - ✅ E区: 发现 2 个模块
2025-10-27 02:09:30,375 - AOO.Scanner - INFO - ✅ F区: 发现 2 个模块
2025-10-27 02:09:30,375 - AOO.Scanner - INFO - ✅ F区: 发现 2 个模块
2025-10-27 02:09:30,375 - AOO.Scanner - INFO - ✅ G区: 发现 2 个模块
2025-10-27 02:09:30,375 - AOO.Scanner - INFO -     🎯 发现可发现类: DataService
2025-10-27 02:09:30,375 - AOO.Scanner - INFO - ✅ G区: 发现 2 个模块
2025-10-27 02:09:30,415 - AOO.Scanner - INFO - ✅ MyBusiness区: 发现 1 个模块
2025-10-27 02:09:30,425 - AOO.Scanner - INFO -     🎯 发现可发现类: DiscoverableModule, FactoryModule, ServiceModule, TradingModule
2025-10-27 02:09:30,430 - AOO.Scanner - INFO -     🎯 发现可发现类: DiscoverableModule, FactoryModule, ServiceModule, TradingModule
2025-10-27 02:09:30,531 - AOO.Scanner - INFO - ✅ K区: 发现 7 个模块
2025-10-27 02:09:30,541 - AOO.Scanner - INFO - ✅ K区: 发现 7 个模块
2025-10-27 02:09:30,541 - AOO.Scanner - INFO - 📦 深度扫描完成: 总共 0 个模块, 0 个类, 0 个可发现类
2025-10-27 02:09:30,541 - AOO.Scanner - INFO - ⏱️ 扫描耗时: 0.18 秒
2025-10-27 02:09:30,541 - AOO.Main - INFO - 📦 扫描完成: 17 个模块
2025-10-27 02:09:30,541 - AOO.Main - INFO -   注册 D区模块...
2025-10-27 02:09:30,541 - AOO.Registry - INFO - 模块注册成功: 9b1ed7bc34f1efb2 (v1.0.0)
2025-10-27 02:09:30,546 - AOO.Registry - INFO - 模块注册成功: 4e32136bcfd98d3e (v1.0.0)
2025-10-27 02:09:30,546 - AOO.Main - INFO -   注册 E区模块...
2025-10-27 02:09:30,546 - AOO.Registry - INFO - 模块注册成功: a1830d590c4f708d (v1.0.0)
2025-10-27 02:09:30,546 - AOO.Registry - INFO - 模块注册成功: 979470de2982c563 (v1.0.0)
2025-10-27 02:09:30,546 - AOO.Main - INFO -   注册 FinalTest区模块...
2025-10-27 02:09:30,546 - AOO.Registry - INFO - 模块注册成功: fe54475f21313dac (v1.0.0)
2025-10-27 02:09:30,546 - AOO.Main - INFO -   注册 F区模块...
2025-10-27 02:09:30,546 - AOO.Registry - INFO - 模块注册成功: 70f2a089aac23cf9 (v1.0.0)
2025-10-27 02:09:30,546 - AOO.Registry - INFO - 模块注册成功: b381a578603198a3 (v1.0.0)
2025-10-27 02:09:30,546 - AOO.Main - INFO -   注册 G区模块...
2025-10-27 02:09:30,546 - AOO.Registry - INFO - 模块注册成功: 718afbcf096a4c42 (v1.0.0)
2025-10-27 02:09:30,546 - AOO.Registry - INFO - 模块注册成功: ffab45e17a7cac6c (v1.0.0)
2025-10-27 02:09:30,546 - AOO.Main - INFO -   注册 MyBusiness区模块...
2025-10-27 02:09:30,546 - AOO.Registry - INFO - 模块注册成功: 81f08f18307fe00b (v1.0.0)
2025-10-27 02:09:30,546 - AOO.Main - INFO -   注册 K区模块...
2025-10-27 02:09:30,546 - AOO.Registry - INFO - 模块注册成功: 687bb76bf94c346d (v1.0.0)
2025-10-27 02:09:30,546 - AOO.Registry - INFO - 模块注册成功: 2e372c7d0a2c717b (v1.0.0)
2025-10-27 02:09:30,546 - AOO.Registry - INFO - 模块注册成功: 62c7ab5bf1ef1e97 (v1.0.0)
2025-10-27 02:09:30,546 - AOO.Registry - INFO - 模块注册成功: 7dc4fe5aba7a9570 (v1.0.0)
2025-10-27 02:09:30,549 - AOO.Registry - INFO - 模块注册成功: 9f3eff1058bef431 (v1.0.0)
2025-10-27 02:09:30,549 - AOO.Registry - INFO - 模块注册成功: ed09b08ca6771505 (v1.0.0)
2025-10-27 02:09:30,549 - AOO.Registry - INFO - 模块注册成功: 4d7d28a361a64828 (v1.0.0)
2025-10-27 02:09:30,550 - AOO.Main - INFO - ✅ 注册完成: 17/17 个模块
2025-10-27 02:09:30,550 - AOO.Main - INFO - 🎉 AOO系统修复版启动完成!
2025-10-27 02:09:30,550 - AOO.Main - INFO - 📊 AOO系统修复版状态报告:
2025-10-27 02:09:30,550 - AOO.Main - INFO -    📈 实际注册模块: 17 个
2025-10-27 02:09:30,550 - AOO.Main - INFO -    - 配置管理器: ✅ 正常
2025-10-27 02:09:30,550 - AOO.Main - INFO -    - 模块扫描器: ✅ 正常
2025-10-27 02:09:30,550 - AOO.Main - INFO -    - 模块注册表: ✅ 正常
2025-10-27 02:09:30,550 - AOO.Main - INFO -    - 依赖解析器: ✅ 正常
2025-10-27 02:09:30,550 - AOO.Main - INFO -    - 自动装配工厂: ✅ 正常
2025-10-27 02:09:30,551 - AOO.Main - INFO -    - 生命周期管理器: ✅ 正常
2025-10-27 02:09:30,551 - AOO.Main - INFO - 🎯 系统修复完成，可以开始业务开发!
2025-10-27 02:09:30,551 - AOO.Main - INFO - 🎊 AOO系统修复版完全正常运行!
2025-10-27 02:09:44,099 - AOO.Main - INFO - 🚀 AOO系统修复版启动...
2025-10-27 02:09:44,099 - AOO.Main - INFO - 🎯 AOO系统修复版启动...
2025-10-27 02:09:44,403 - AOO.Config - INFO - 已加载环境变量文件: D:\AO\AOO\.env
2025-10-27 02:09:44,403 - AOO.Config - INFO - 配置文件加载成功: D:\AO\AOO\config\trading_config.json
2025-10-27 02:09:44,403 - AOO.Main - INFO - ✅ 配置管理器就绪
2025-10-27 02:09:44,403 - AOO.Main - INFO - ✅ 模块扫描器就绪
2025-10-27 02:09:44,408 - AOO.Main - INFO - ✅ 模块注册表就绪
2025-10-27 02:09:44,408 - AOO.Main - INFO - ✅ 依赖解析器就绪
2025-10-27 02:09:44,408 - AOO.Main - INFO - ✅ 自动装配工厂就绪
2025-10-27 02:09:44,408 - AOO.Main - INFO - ✅ 生命周期管理器就绪（无需显式初始化）
2025-10-27 02:09:44,408 - AOO.Main - INFO - 🔍 开始自动发现流程...
2025-10-27 02:09:44,408 - AOO.Scanner - INFO - 🔍 开始深度扫描AOO框架...
2025-10-27 02:09:44,408 - AOO.Scanner - INFO - 📁 扫描根目录: D:\AO\AOO
2025-10-27 02:09:44,418 - AOO.Scanner - INFO - ✅ D区: 发现 2 个模块
2025-10-27 02:09:44,418 - AOO.Scanner - INFO - ✅ D区: 发现 2 个模块
2025-10-27 02:09:44,418 - AOO.Scanner - INFO - ✅ F区: 发现 2 个模块
2025-10-27 02:09:44,418 - AOO.Scanner - INFO - ✅ E区: 发现 2 个模块
2025-10-27 02:09:44,418 - AOO.Scanner - INFO - ✅ F区: 发现 2 个模块
2025-10-27 02:09:44,421 - AOO.Scanner - INFO - ✅ E区: 发现 2 个模块
2025-10-27 02:09:44,421 - AOO.Scanner - INFO -     🎯 发现可发现类: FinalTestService
2025-10-27 02:09:44,421 - AOO.Scanner - INFO - ✅ FinalTest区: 发现 1 个模块
2025-10-27 02:09:44,423 - AOO.Scanner - INFO - ✅ G区: 发现 2 个模块
2025-10-27 02:09:44,423 - AOO.Scanner - INFO - ✅ G区: 发现 2 个模块
2025-10-27 02:09:44,423 - AOO.Scanner - INFO -     🎯 发现可发现类: DataService
2025-10-27 02:09:44,423 - AOO.Scanner - INFO - ✅ MyBusiness区: 发现 1 个模块
2025-10-27 02:09:44,471 - AOO.Scanner - INFO -     🎯 发现可发现类: DiscoverableModule, FactoryModule, ServiceModule, TradingModule
2025-10-27 02:09:44,482 - AOO.Scanner - INFO -     🎯 发现可发现类: DiscoverableModule, FactoryModule, ServiceModule, TradingModule
2025-10-27 02:09:44,611 - AOO.Scanner - INFO - ✅ K区: 发现 7 个模块
2025-10-27 02:09:44,626 - AOO.Scanner - INFO - ✅ K区: 发现 7 个模块
2025-10-27 02:09:44,627 - AOO.Scanner - INFO - 📦 深度扫描完成: 总共 0 个模块, 0 个类, 0 个可发现类
2025-10-27 02:09:44,627 - AOO.Scanner - INFO - ⏱️ 扫描耗时: 0.22 秒
2025-10-27 02:09:44,627 - AOO.Main - INFO - 📦 扫描完成: 17 个模块
2025-10-27 02:09:44,628 - AOO.Main - INFO -   注册 D区模块...
2025-10-27 02:09:44,629 - AOO.Registry - INFO - 模块注册成功: 9b1ed7bc34f1efb2 (v1.0.0)
2025-10-27 02:09:44,629 - AOO.Registry - INFO - 模块注册成功: 4e32136bcfd98d3e (v1.0.0)
2025-10-27 02:09:44,629 - AOO.Main - INFO -   注册 F区模块...
2025-10-27 02:09:44,629 - AOO.Registry - INFO - 模块注册成功: 70f2a089aac23cf9 (v1.0.0)
2025-10-27 02:09:44,629 - AOO.Registry - INFO - 模块注册成功: b381a578603198a3 (v1.0.0)
2025-10-27 02:09:44,629 - AOO.Main - INFO -   注册 E区模块...
2025-10-27 02:09:44,629 - AOO.Registry - INFO - 模块注册成功: a1830d590c4f708d (v1.0.0)
2025-10-27 02:09:44,629 - AOO.Registry - INFO - 模块注册成功: 979470de2982c563 (v1.0.0)
2025-10-27 02:09:44,629 - AOO.Main - INFO -   注册 FinalTest区模块...
2025-10-27 02:09:44,629 - AOO.Registry - INFO - 模块注册成功: fe54475f21313dac (v1.0.0)
2025-10-27 02:09:44,629 - AOO.Main - INFO -   注册 G区模块...
2025-10-27 02:09:44,629 - AOO.Registry - INFO - 模块注册成功: 718afbcf096a4c42 (v1.0.0)
2025-10-27 02:09:44,629 - AOO.Registry - INFO - 模块注册成功: ffab45e17a7cac6c (v1.0.0)
2025-10-27 02:09:44,629 - AOO.Main - INFO -   注册 MyBusiness区模块...
2025-10-27 02:09:44,629 - AOO.Registry - INFO - 模块注册成功: 81f08f18307fe00b (v1.0.0)
2025-10-27 02:09:44,629 - AOO.Main - INFO -   注册 K区模块...
2025-10-27 02:09:44,629 - AOO.Registry - INFO - 模块注册成功: 687bb76bf94c346d (v1.0.0)
2025-10-27 02:09:44,629 - AOO.Registry - INFO - 模块注册成功: 2e372c7d0a2c717b (v1.0.0)
2025-10-27 02:09:44,629 - AOO.Registry - INFO - 模块注册成功: 62c7ab5bf1ef1e97 (v1.0.0)
2025-10-27 02:09:44,629 - AOO.Registry - INFO - 模块注册成功: 7dc4fe5aba7a9570 (v1.0.0)
2025-10-27 02:09:44,629 - AOO.Registry - INFO - 模块注册成功: 9f3eff1058bef431 (v1.0.0)
2025-10-27 02:09:44,629 - AOO.Registry - INFO - 模块注册成功: ed09b08ca6771505 (v1.0.0)
2025-10-27 02:09:44,629 - AOO.Registry - INFO - 模块注册成功: 4d7d28a361a64828 (v1.0.0)
2025-10-27 02:09:44,629 - AOO.Main - INFO - ✅ 注册完成: 17/17 个模块
2025-10-27 02:09:44,629 - AOO.Main - INFO - 🎉 AOO系统修复版启动完成!
2025-10-27 02:09:44,629 - AOO.Main - INFO - 📊 AOO系统修复版状态报告:
2025-10-27 02:09:44,629 - AOO.Main - INFO -    📈 实际注册模块: 17 个
2025-10-27 02:09:44,629 - AOO.Main - INFO -    - 配置管理器: ✅ 正常
2025-10-27 02:09:44,629 - AOO.Main - INFO -    - 模块扫描器: ✅ 正常
2025-10-27 02:09:44,629 - AOO.Main - INFO -    - 模块注册表: ✅ 正常
2025-10-27 02:09:44,629 - AOO.Main - INFO -    - 依赖解析器: ✅ 正常
2025-10-27 02:09:44,629 - AOO.Main - INFO -    - 自动装配工厂: ✅ 正常
2025-10-27 02:09:44,631 - AOO.Main - INFO -    - 生命周期管理器: ✅ 正常
2025-10-27 02:09:44,631 - AOO.Main - INFO - 🎯 系统修复完成，可以开始业务开发!
2025-10-27 02:09:44,631 - AOO.Main - INFO - 🎊 AOO系统修复版完全正常运行!
2025-10-27 02:44:10,025 - AOO.Main - INFO - 🚀 AOO系统修复版启动...
2025-10-27 02:44:10,026 - AOO.Main - INFO - 🎯 AOO系统修复版启动...
2025-10-27 02:44:10,307 - AOO.Config - INFO - 已加载环境变量文件: D:\AO\AOO\.env
2025-10-27 02:44:10,308 - AOO.Config - INFO - 配置文件加载成功: D:\AO\AOO\config\trading_config.json
2025-10-27 02:44:10,308 - AOO.Main - INFO - ✅ 配置管理器就绪
2025-10-27 02:44:10,309 - AOO.Main - INFO - ✅ 模块扫描器就绪
2025-10-27 02:44:10,309 - AOO.Main - INFO - ✅ 模块注册表就绪
2025-10-27 02:44:10,309 - AOO.Main - INFO - ✅ 依赖解析器就绪
2025-10-27 02:44:10,309 - AOO.Main - INFO - ✅ 自动装配工厂就绪
2025-10-27 02:44:10,309 - AOO.Main - INFO - ✅ 生命周期管理器就绪（无需显式初始化）
2025-10-27 02:44:10,309 - AOO.Main - INFO - 🔍 开始自动发现流程...
2025-10-27 02:44:10,309 - AOO.Scanner - INFO - 🔍 开始深度扫描AOO框架...
2025-10-27 02:44:10,310 - AOO.Scanner - INFO - 📁 扫描根目录: D:\AO\AOO
2025-10-27 02:44:10,355 - AOO.Scanner - INFO -     🎯 发现可发现类: DiscoverableModule, FactoryModule, ServiceModule, TradingModule
2025-10-27 02:44:10,364 - AOO.Scanner - INFO -     🎯 发现可发现类: DiscoverableModule, FactoryModule, ServiceModule, TradingModule
2025-10-27 02:44:10,491 - AOO.Scanner - INFO - ✅ K区: 发现 7 个模块
2025-10-27 02:44:10,502 - AOO.Scanner - INFO - ✅ K区: 发现 7 个模块
2025-10-27 02:44:10,503 - AOO.Scanner - INFO - 📦 深度扫描完成: 总共 0 个模块, 0 个类, 0 个可发现类
2025-10-27 02:44:10,503 - AOO.Scanner - INFO - ⏱️ 扫描耗时: 0.19 秒
2025-10-27 02:44:10,503 - AOO.Main - INFO - 📦 扫描完成: 7 个模块
2025-10-27 02:44:10,503 - AOO.Main - INFO -   注册 K区模块...
2025-10-27 02:44:10,504 - AOO.Registry - INFO - 模块注册成功: 687bb76bf94c346d (v1.0.0)
2025-10-27 02:44:10,504 - AOO.Registry - INFO - 模块注册成功: 2e372c7d0a2c717b (v1.0.0)
2025-10-27 02:44:10,504 - AOO.Registry - INFO - 模块注册成功: 62c7ab5bf1ef1e97 (v1.0.0)
2025-10-27 02:44:10,504 - AOO.Registry - INFO - 模块注册成功: 7dc4fe5aba7a9570 (v1.0.0)
2025-10-27 02:44:10,504 - AOO.Registry - INFO - 模块注册成功: 9f3eff1058bef431 (v1.0.0)
2025-10-27 02:44:10,505 - AOO.Registry - INFO - 模块注册成功: ed09b08ca6771505 (v1.0.0)
2025-10-27 02:44:10,505 - AOO.Registry - INFO - 模块注册成功: 4d7d28a361a64828 (v1.0.0)
2025-10-27 02:44:10,505 - AOO.Main - INFO - ✅ 注册完成: 7/7 个模块
2025-10-27 02:44:10,505 - AOO.Main - INFO - 🎉 AOO系统修复版启动完成!
2025-10-27 02:44:10,505 - AOO.Main - INFO - 📊 AOO系统修复版状态报告:
2025-10-27 02:44:10,505 - AOO.Main - INFO -    📈 实际注册模块: 7 个
2025-10-27 02:44:10,505 - AOO.Main - INFO -    - 配置管理器: ✅ 正常
2025-10-27 02:44:10,505 - AOO.Main - INFO -    - 模块扫描器: ✅ 正常
2025-10-27 02:44:10,505 - AOO.Main - INFO -    - 模块注册表: ✅ 正常
2025-10-27 02:44:10,506 - AOO.Main - INFO -    - 依赖解析器: ✅ 正常
2025-10-27 02:44:10,506 - AOO.Main - INFO -    - 自动装配工厂: ✅ 正常
2025-10-27 02:44:10,506 - AOO.Main - INFO -    - 生命周期管理器: ✅ 正常
2025-10-27 02:44:10,507 - AOO.Main - INFO - 🎯 系统修复完成，可以开始业务开发!
2025-10-27 02:44:10,507 - AOO.Main - INFO - 🎊 AOO系统修复版完全正常运行!
2025-10-27 02:46:06,333 - AOO.Main - INFO - 🚀 AOO系统修复版启动...
2025-10-27 02:46:06,333 - AOO.Main - INFO - 🎯 AOO系统修复版启动...
2025-10-27 02:46:06,619 - AOO.Config - INFO - 已加载环境变量文件: D:\AO\AOO\.env
2025-10-27 02:46:06,621 - AOO.Config - INFO - 配置文件加载成功: D:\AO\AOO\config\trading_config.json
2025-10-27 02:46:06,621 - AOO.Main - INFO - ✅ 配置管理器就绪
2025-10-27 02:46:06,621 - AOO.Main - INFO - ✅ 模块扫描器就绪
2025-10-27 02:46:06,621 - AOO.Main - INFO - ✅ 模块注册表就绪
2025-10-27 02:46:06,621 - AOO.Main - INFO - ✅ 依赖解析器就绪
2025-10-27 02:46:06,621 - AOO.Main - INFO - ✅ 自动装配工厂就绪
2025-10-27 02:46:06,621 - AOO.Main - INFO - ✅ 生命周期管理器就绪（无需显式初始化）
2025-10-27 02:46:06,621 - AOO.Main - INFO - 🔍 开始自动发现流程...
2025-10-27 02:46:06,621 - AOO.Scanner - INFO - 🔍 开始深度扫描AOO框架...
2025-10-27 02:46:06,621 - AOO.Scanner - INFO - 📁 扫描根目录: D:\AO\AOO
2025-10-27 02:46:06,676 - AOO.Scanner - INFO -     🎯 发现可发现类: DiscoverableModule, FactoryModule, ServiceModule, TradingModule
2025-10-27 02:46:06,682 - AOO.Scanner - INFO -     🎯 发现可发现类: DiscoverableModule, FactoryModule, ServiceModule, TradingModule
2025-10-27 02:46:06,789 - AOO.Scanner - INFO - ✅ K区: 发现 7 个模块
2025-10-27 02:46:06,789 - AOO.Scanner - INFO - ✅ K区: 发现 7 个模块
2025-10-27 02:46:06,790 - AOO.Scanner - INFO - 📦 深度扫描完成: 总共 0 个模块, 0 个类, 0 个可发现类
2025-10-27 02:46:06,790 - AOO.Scanner - INFO - ⏱️ 扫描耗时: 0.17 秒
2025-10-27 02:46:06,790 - AOO.Main - INFO - 📦 扫描完成: 7 个模块
2025-10-27 02:46:06,790 - AOO.Main - INFO -   注册 K区模块...
2025-10-27 02:46:06,791 - AOO.Registry - INFO - 模块注册成功: 687bb76bf94c346d (v1.0.0)
2025-10-27 02:46:06,791 - AOO.Registry - INFO - 模块注册成功: 2e372c7d0a2c717b (v1.0.0)
2025-10-27 02:46:06,791 - AOO.Registry - INFO - 模块注册成功: 62c7ab5bf1ef1e97 (v1.0.0)
2025-10-27 02:46:06,791 - AOO.Registry - INFO - 模块注册成功: 7dc4fe5aba7a9570 (v1.0.0)
2025-10-27 02:46:06,791 - AOO.Registry - INFO - 模块注册成功: 9f3eff1058bef431 (v1.0.0)
2025-10-27 02:46:06,791 - AOO.Registry - INFO - 模块注册成功: ed09b08ca6771505 (v1.0.0)
2025-10-27 02:46:06,791 - AOO.Registry - INFO - 模块注册成功: 4d7d28a361a64828 (v1.0.0)
2025-10-27 02:46:06,791 - AOO.Main - INFO - ✅ 注册完成: 7/7 个模块
2025-10-27 02:46:06,791 - AOO.Main - INFO - 🎉 AOO系统修复版启动完成!
2025-10-27 02:46:06,791 - AOO.Main - INFO - 📊 AOO系统修复版状态报告:
2025-10-27 02:46:06,791 - AOO.Main - INFO -    📈 实际注册模块: 7 个
2025-10-27 02:46:06,792 - AOO.Main - INFO -    - 配置管理器: ✅ 正常
2025-10-27 02:46:06,792 - AOO.Main - INFO -    - 模块扫描器: ✅ 正常
2025-10-27 02:46:06,792 - AOO.Main - INFO -    - 模块注册表: ✅ 正常
2025-10-27 02:46:06,792 - AOO.Main - INFO -    - 依赖解析器: ✅ 正常
2025-10-27 02:46:06,792 - AOO.Main - INFO -    - 自动装配工厂: ✅ 正常
2025-10-27 02:46:06,792 - AOO.Main - INFO -    - 生命周期管理器: ✅ 正常
2025-10-27 02:46:06,792 - AOO.Main - INFO - 🎯 系统修复完成，可以开始业务开发!
2025-10-27 02:46:06,792 - AOO.Main - INFO - 🎊 AOO系统修复版完全正常运行!
2025-10-27 02:52:59,522 - AOO.Main - INFO - 🚀 AOO系统修复版启动...
2025-10-27 02:52:59,523 - AOO.Main - INFO - 🎯 AOO系统修复版启动...
2025-10-27 02:52:59,833 - AOO.Config - INFO - 已加载环境变量文件: D:\AO\AOO\.env
2025-10-27 02:52:59,834 - AOO.Config - INFO - 配置文件加载成功: D:\AO\AOO\config\trading_config.json
2025-10-27 02:52:59,834 - AOO.Main - INFO - ✅ 配置管理器就绪
2025-10-27 02:52:59,835 - AOO.Main - INFO - ✅ 模块扫描器就绪
2025-10-27 02:52:59,835 - AOO.Main - INFO - ✅ 模块注册表就绪
2025-10-27 02:52:59,836 - AOO.Main - INFO - ✅ 依赖解析器就绪
2025-10-27 02:52:59,836 - AOO.Main - INFO - ✅ 自动装配工厂就绪
2025-10-27 02:52:59,836 - AOO.Main - INFO - ✅ 生命周期管理器就绪（无需显式初始化）
2025-10-27 02:52:59,837 - AOO.Main - INFO - 🔍 开始自动发现流程...
2025-10-27 02:52:59,837 - AOO.Scanner - INFO - 🔍 开始深度扫描AOO框架...
2025-10-27 02:52:59,837 - AOO.Scanner - INFO - 📁 扫描根目录: D:\AO\AOO
2025-10-27 02:52:59,869 - AOO.Scanner - INFO -     🎯 发现可发现类: DiscoverableModule, FactoryModule, ServiceModule, TradingModule
2025-10-27 02:52:59,869 - AOO.Scanner - INFO -     🎯 发现可发现类: DiscoverableModule, FactoryModule, ServiceModule, TradingModule
2025-10-27 02:53:00,027 - AOO.Scanner - INFO - ✅ K区: 发现 7 个模块
2025-10-27 02:53:00,037 - AOO.Scanner - INFO - ✅ K区: 发现 7 个模块
2025-10-27 02:53:00,038 - AOO.Scanner - INFO - 📦 深度扫描完成: 总共 0 个模块, 0 个类, 0 个可发现类
2025-10-27 02:53:00,038 - AOO.Scanner - INFO - ⏱️ 扫描耗时: 0.20 秒
2025-10-27 02:53:00,039 - AOO.Main - INFO - 📦 扫描完成: 7 个模块
2025-10-27 02:53:00,039 - AOO.Main - INFO -   注册 K区模块...
2025-10-27 02:53:00,039 - AOO.Registry - INFO - 模块注册成功: 687bb76bf94c346d (v1.0.0)
2025-10-27 02:53:00,039 - AOO.Registry - INFO - 模块注册成功: 2e372c7d0a2c717b (v1.0.0)
2025-10-27 02:53:00,039 - AOO.Registry - INFO - 模块注册成功: 62c7ab5bf1ef1e97 (v1.0.0)
2025-10-27 02:53:00,039 - AOO.Registry - INFO - 模块注册成功: 7dc4fe5aba7a9570 (v1.0.0)
2025-10-27 02:53:00,039 - AOO.Registry - INFO - 模块注册成功: 9f3eff1058bef431 (v1.0.0)
2025-10-27 02:53:00,039 - AOO.Registry - INFO - 模块注册成功: ed09b08ca6771505 (v1.0.0)
2025-10-27 02:53:00,039 - AOO.Registry - INFO - 模块注册成功: 4d7d28a361a64828 (v1.0.0)
2025-10-27 02:53:00,039 - AOO.Main - INFO - ✅ 注册完成: 7/7 个模块
2025-10-27 02:53:00,039 - AOO.Main - INFO - 🎉 AOO系统修复版启动完成!
2025-10-27 02:53:00,040 - AOO.Main - INFO - 📊 AOO系统修复版状态报告:
2025-10-27 02:53:00,040 - AOO.Main - INFO -    📈 实际注册模块: 7 个
2025-10-27 02:53:00,040 - AOO.Main - INFO -    - 配置管理器: ✅ 正常
2025-10-27 02:53:00,040 - AOO.Main - INFO -    - 模块扫描器: ✅ 正常
2025-10-27 02:53:00,040 - AOO.Main - INFO -    - 模块注册表: ✅ 正常
2025-10-27 02:53:00,040 - AOO.Main - INFO -    - 依赖解析器: ✅ 正常
2025-10-27 02:53:00,040 - AOO.Main - INFO -    - 自动装配工厂: ✅ 正常
2025-10-27 02:53:00,040 - AOO.Main - INFO -    - 生命周期管理器: ✅ 正常
2025-10-27 02:53:00,040 - AOO.Main - INFO - 🎯 系统修复完成，可以开始业务开发!
2025-10-27 02:53:00,040 - AOO.Main - INFO - 🎊 AOO系统修复版完全正常运行!
2025-10-27 02:58:23,986 - AOO.Main - INFO - 🚀 AOO系统修复版启动...
2025-10-27 02:58:23,986 - AOO.Main - INFO - 🎯 AOO系统修复版启动...
2025-10-27 02:58:24,287 - AOO.Config - INFO - 已加载环境变量文件: D:\AO\AOO\.env
2025-10-27 02:58:24,289 - AOO.Config - INFO - 配置文件加载成功: D:\AO\AOO\config\trading_config.json
2025-10-27 02:58:24,289 - AOO.Main - INFO - ✅ 配置管理器就绪
2025-10-27 02:58:24,290 - AOO.Main - INFO - ✅ 模块扫描器就绪
2025-10-27 02:58:24,290 - AOO.Main - INFO - ✅ 模块注册表就绪
2025-10-27 02:58:24,290 - AOO.Main - INFO - ✅ 依赖解析器就绪
2025-10-27 02:58:24,291 - AOO.Main - INFO - ✅ 自动装配工厂就绪
2025-10-27 02:58:24,291 - AOO.Main - INFO - ✅ 生命周期管理器就绪（无需显式初始化）
2025-10-27 02:58:24,291 - AOO.Main - INFO - 🔍 开始自动发现流程...
2025-10-27 02:58:24,291 - AOO.Scanner - INFO - 🔍 开始深度扫描AOO框架...
2025-10-27 02:58:24,291 - AOO.Scanner - INFO - 📁 扫描根目录: D:\AO\AOO
2025-10-27 02:58:24,299 - AOO.Scanner - INFO - ✅ A区: 发现 1 个模块
2025-10-27 02:58:24,300 - AOO.Scanner - INFO - ✅ A区: 发现 1 个模块
2025-10-27 02:58:24,354 - AOO.Scanner - INFO -     🎯 发现可发现类: DiscoverableModule, FactoryModule, ServiceModule, TradingModule
2025-10-27 02:58:24,360 - AOO.Scanner - INFO -     🎯 发现可发现类: DiscoverableModule, FactoryModule, ServiceModule, TradingModule
2025-10-27 02:58:24,505 - AOO.Scanner - INFO - ✅ K区: 发现 7 个模块
2025-10-27 02:58:24,513 - AOO.Scanner - INFO - ✅ K区: 发现 7 个模块
2025-10-27 02:58:24,513 - AOO.Scanner - INFO - 📦 深度扫描完成: 总共 0 个模块, 0 个类, 0 个可发现类
2025-10-27 02:58:24,513 - AOO.Scanner - INFO - ⏱️ 扫描耗时: 0.22 秒
2025-10-27 02:58:24,513 - AOO.Main - INFO - 📦 扫描完成: 8 个模块
2025-10-27 02:58:24,513 - AOO.Main - INFO -   注册 A区模块...
2025-10-27 02:58:24,513 - AOO.Registry - INFO - 模块注册成功: fc85b32fefc75926 (v1.0.0)
2025-10-27 02:58:24,513 - AOO.Main - INFO -   注册 K区模块...
2025-10-27 02:58:24,513 - AOO.Registry - INFO - 模块注册成功: 687bb76bf94c346d (v1.0.0)
2025-10-27 02:58:24,513 - AOO.Registry - INFO - 模块注册成功: 2e372c7d0a2c717b (v1.0.0)
2025-10-27 02:58:24,513 - AOO.Registry - INFO - 模块注册成功: 62c7ab5bf1ef1e97 (v1.0.0)
2025-10-27 02:58:24,513 - AOO.Registry - INFO - 模块注册成功: 7dc4fe5aba7a9570 (v1.0.0)
2025-10-27 02:58:24,513 - AOO.Registry - INFO - 模块注册成功: 9f3eff1058bef431 (v1.0.0)
2025-10-27 02:58:24,513 - AOO.Registry - INFO - 模块注册成功: ed09b08ca6771505 (v1.0.0)
2025-10-27 02:58:24,513 - AOO.Registry - INFO - 模块注册成功: 4d7d28a361a64828 (v1.0.0)
2025-10-27 02:58:24,513 - AOO.Main - INFO - ✅ 注册完成: 8/8 个模块
2025-10-27 02:58:24,513 - AOO.Main - INFO - 🎉 AOO系统修复版启动完成!
2025-10-27 02:58:24,518 - AOO.Main - INFO - 📊 AOO系统修复版状态报告:
2025-10-27 02:58:24,518 - AOO.Main - INFO -    📈 实际注册模块: 8 个
2025-10-27 02:58:24,518 - AOO.Main - INFO -    - 配置管理器: ✅ 正常
2025-10-27 02:58:24,518 - AOO.Main - INFO -    - 模块扫描器: ✅ 正常
2025-10-27 02:58:24,518 - AOO.Main - INFO -    - 模块注册表: ✅ 正常
2025-10-27 02:58:24,518 - AOO.Main - INFO -    - 依赖解析器: ✅ 正常
2025-10-27 02:58:24,518 - AOO.Main - INFO -    - 自动装配工厂: ✅ 正常
2025-10-27 02:58:24,518 - AOO.Main - INFO -    - 生命周期管理器: ✅ 正常
2025-10-27 02:58:24,518 - AOO.Main - INFO - 🎯 系统修复完成，可以开始业务开发!
2025-10-27 02:58:24,519 - AOO.Main - INFO - 🎊 AOO系统修复版完全正常运行!
2025-10-27 03:01:36,345 - AOO.Main - INFO - 🚀 AOO系统修复版启动...
2025-10-27 03:01:36,345 - AOO.Main - INFO - 🎯 AOO系统修复版启动...
2025-10-27 03:01:36,650 - AOO.Config - INFO - 已加载环境变量文件: D:\AO\AOO\.env
2025-10-27 03:01:36,652 - AOO.Config - INFO - 配置文件加载成功: D:\AO\AOO\config\trading_config.json
2025-10-27 03:01:36,652 - AOO.Main - INFO - ✅ 配置管理器就绪
2025-10-27 03:01:36,652 - AOO.Main - INFO - ✅ 模块扫描器就绪
2025-10-27 03:01:36,653 - AOO.Main - INFO - ✅ 模块注册表就绪
2025-10-27 03:01:36,653 - AOO.Main - INFO - ✅ 依赖解析器就绪
2025-10-27 03:01:36,653 - AOO.Main - INFO - ✅ 自动装配工厂就绪
2025-10-27 03:01:36,653 - AOO.Main - INFO - ✅ 生命周期管理器就绪（无需显式初始化）
2025-10-27 03:01:36,653 - AOO.Main - INFO - 🔍 开始自动发现流程...
2025-10-27 03:01:36,654 - AOO.Scanner - INFO - 🔍 开始深度扫描AOO框架...
2025-10-27 03:01:36,654 - AOO.Scanner - INFO - 📁 扫描根目录: D:\AO\AOO
2025-10-27 03:01:36,683 - AOO.Scanner - INFO -     🎯 发现可发现类: DiscoverableModule, FactoryModule, ServiceModule, TradingModule
2025-10-27 03:01:36,707 - AOO.Scanner - INFO -     🎯 发现可发现类: DiscoverableModule, FactoryModule, ServiceModule, TradingModule
2025-10-27 03:01:36,840 - AOO.Scanner - INFO - ✅ K区: 发现 7 个模块
2025-10-27 03:01:36,852 - AOO.Scanner - INFO - ✅ K区: 发现 7 个模块
2025-10-27 03:01:36,852 - AOO.Scanner - INFO - 📦 深度扫描完成: 总共 0 个模块, 0 个类, 0 个可发现类
2025-10-27 03:01:36,852 - AOO.Scanner - INFO - ⏱️ 扫描耗时: 0.20 秒
2025-10-27 03:01:36,852 - AOO.Main - INFO - 📦 扫描完成: 7 个模块
2025-10-27 03:01:36,852 - AOO.Main - INFO -   注册 K区模块...
2025-10-27 03:01:36,852 - AOO.Registry - INFO - 模块注册成功: 687bb76bf94c346d (v1.0.0)
2025-10-27 03:01:36,852 - AOO.Registry - INFO - 模块注册成功: 2e372c7d0a2c717b (v1.0.0)
2025-10-27 03:01:36,852 - AOO.Registry - INFO - 模块注册成功: 62c7ab5bf1ef1e97 (v1.0.0)
2025-10-27 03:01:36,852 - AOO.Registry - INFO - 模块注册成功: 7dc4fe5aba7a9570 (v1.0.0)
2025-10-27 03:01:36,852 - AOO.Registry - INFO - 模块注册成功: 9f3eff1058bef431 (v1.0.0)
2025-10-27 03:01:36,852 - AOO.Registry - INFO - 模块注册成功: ed09b08ca6771505 (v1.0.0)
2025-10-27 03:01:36,852 - AOO.Registry - INFO - 模块注册成功: 4d7d28a361a64828 (v1.0.0)
2025-10-27 03:01:36,852 - AOO.Main - INFO - ✅ 注册完成: 7/7 个模块
2025-10-27 03:01:36,852 - AOO.Main - INFO - 🎉 AOO系统修复版启动完成!
2025-10-27 03:01:36,852 - AOO.Main - INFO - 📊 AOO系统修复版状态报告:
2025-10-27 03:01:36,852 - AOO.Main - INFO -    📈 实际注册模块: 7 个
2025-10-27 03:01:36,852 - AOO.Main - INFO -    - 配置管理器: ✅ 正常
2025-10-27 03:01:36,852 - AOO.Main - INFO -    - 模块扫描器: ✅ 正常
2025-10-27 03:01:36,852 - AOO.Main - INFO -    - 模块注册表: ✅ 正常
2025-10-27 03:01:36,852 - AOO.Main - INFO -    - 依赖解析器: ✅ 正常
2025-10-27 03:01:36,852 - AOO.Main - INFO -    - 自动装配工厂: ✅ 正常
2025-10-27 03:01:36,852 - AOO.Main - INFO -    - 生命周期管理器: ✅ 正常
2025-10-27 03:01:36,852 - AOO.Main - INFO - 🎯 系统修复完成，可以开始业务开发!
2025-10-27 03:01:36,852 - AOO.Main - INFO - 🎊 AOO系统修复版完全正常运行!
