2025-11-06 04:19:29,396 - LogBackup - INFO - 开始备份日志，类型: all
2025-11-06 04:19:29,397 - LogBackup - INFO - 成功备份 system 日志: 1 个文件，134 字节
2025-11-06 04:19:29,405 - LogBackup - INFO - 成功备份 application 日志: 1 个文件，140 字节
2025-11-06 04:19:29,412 - LogBackup - INFO - 成功备份 transaction 日志: 1 个文件，157 字节
2025-11-06 04:19:29,420 - LogBackup - INFO - 成功备份 error 日志: 1 个文件，156 字节
2025-11-06 04:19:29,427 - LogBackup - INFO - 成功备份 access 日志: 1 个文件，153 字节
2025-11-06 04:19:29,434 - LogBackup - INFO - 完成备份，共 5 个记录
2025-11-06 04:19:29,435 - LogBackup - INFO - 备份报告已导出到: /tmp/tmpy5_qly1d/backup_report.json
2025-11-06 04:19:29,462 - LogBackup - INFO - 开始备份日志，类型: all
2025-11-06 04:19:29,462 - LogBackup - INFO - 成功备份 system 日志: 1 个文件，134 字节
2025-11-06 04:19:29,471 - LogBackup - INFO - 成功备份 application 日志: 1 个文件，140 字节
2025-11-06 04:19:29,478 - LogBackup - INFO - 成功备份 transaction 日志: 1 个文件，157 字节
2025-11-06 04:19:29,484 - LogBackup - INFO - 成功备份 error 日志: 1 个文件，156 字节
2025-11-06 04:19:29,491 - LogBackup - INFO - 成功备份 access 日志: 1 个文件，153 字节
2025-11-06 04:19:29,498 - LogBackup - INFO - 完成备份，共 5 个记录
2025-11-06 04:19:29,522 - LogBackup - INFO - 开始备份日志，类型: all
2025-11-06 04:19:29,523 - LogBackup - INFO - 成功备份 system 日志: 1 个文件，134 字节
2025-11-06 04:19:29,529 - LogBackup - INFO - 成功备份 application 日志: 1 个文件，140 字节
2025-11-06 04:19:29,533 - LogBackup - INFO - 成功备份 transaction 日志: 1 个文件，157 字节
2025-11-06 04:19:29,537 - LogBackup - INFO - 成功备份 error 日志: 1 个文件，156 字节
2025-11-06 04:19:29,540 - LogBackup - INFO - 成功备份 access 日志: 1 个文件，153 字节
2025-11-06 04:19:29,543 - LogBackup - INFO - 完成备份，共 5 个记录
2025-11-06 04:19:29,545 - LogBackup - WARNING - 日志索引未启用，无法搜索
2025-11-06 04:19:29,604 - LogBackup - INFO - 开始备份日志，类型: all
2025-11-06 04:19:29,605 - LogBackup - INFO - 成功备份 system 日志: 1 个文件，134 字节
2025-11-06 04:19:29,614 - LogBackup - INFO - 成功备份 application 日志: 1 个文件，140 字节
2025-11-06 04:19:29,621 - LogBackup - INFO - 成功备份 transaction 日志: 1 个文件，157 字节
2025-11-06 04:19:29,628 - LogBackup - INFO - 成功备份 error 日志: 1 个文件，156 字节
2025-11-06 04:19:29,635 - LogBackup - INFO - 成功备份 access 日志: 1 个文件，153 字节
2025-11-06 04:19:29,642 - LogBackup - INFO - 完成备份，共 5 个记录
2025-11-06 04:19:29,642 - LogBackup - INFO - 成功恢复备份 backup_20251106_041929_050db618 到 /tmp/tmpksifob6v/restore_test
2025-11-06 04:19:29,670 - LogBackup - ERROR - 备份记录不存在: nonexistent_backup_id
2025-11-06 04:19:29,695 - LogBackup - INFO - 开始备份日志，类型: all
2025-11-06 04:19:29,696 - LogBackup - INFO - 成功备份 system 日志: 1 个文件，134 字节
2025-11-06 04:19:29,706 - LogBackup - INFO - 成功备份 application 日志: 1 个文件，140 字节
2025-11-06 04:19:29,713 - LogBackup - INFO - 成功备份 transaction 日志: 1 个文件，157 字节
2025-11-06 04:19:29,720 - LogBackup - INFO - 成功备份 error 日志: 1 个文件，156 字节
2025-11-06 04:19:29,727 - LogBackup - INFO - 成功备份 access 日志: 1 个文件，153 字节
2025-11-06 04:19:29,733 - LogBackup - INFO - 完成备份，共 5 个记录
2025-11-06 04:19:30,758 - LogBackup - INFO - 开始备份日志，类型: all
2025-11-06 04:19:30,759 - LogBackup - INFO - 成功备份 system 日志: 1 个文件，134 字节
2025-11-06 04:19:30,769 - LogBackup - INFO - 成功备份 application 日志: 1 个文件，140 字节
2025-11-06 04:19:30,776 - LogBackup - INFO - 成功备份 transaction 日志: 1 个文件，157 字节
2025-11-06 04:19:30,783 - LogBackup - INFO - 成功备份 error 日志: 1 个文件，156 字节
2025-11-06 04:19:30,789 - LogBackup - INFO - 成功备份 access 日志: 1 个文件，153 字节
2025-11-06 04:19:30,795 - LogBackup - INFO - 完成备份，共 5 个记录
2025-11-06 04:19:31,841 - LogBackup - INFO - 开始备份日志，类型: all
2025-11-06 04:19:31,844 - LogBackup - INFO - 成功备份 system 日志: 1 个文件，46765 字节
2025-11-06 04:19:31,862 - LogBackup - INFO - 成功备份 application 日志: 1 个文件，46838 字节
2025-11-06 04:19:31,880 - LogBackup - INFO - 成功备份 transaction 日志: 1 个文件，46964 字节
2025-11-06 04:19:31,898 - LogBackup - INFO - 成功备份 error 日志: 1 个文件，46894 字节
2025-11-06 04:19:31,917 - LogBackup - INFO - 成功备份 access 日志: 1 个文件，46710 字节
2025-11-06 04:19:31,933 - LogBackup - INFO - 完成备份，共 5 个记录
2025-11-06 04:19:32,934 - LogBackup - INFO - 开始备份日志，类型: all
2025-11-06 04:19:32,937 - LogBackup - INFO - 成功备份 system 日志: 1 个文件，46765 字节
2025-11-06 04:19:32,961 - LogBackup - INFO - 成功备份 application 日志: 1 个文件，46838 字节
2025-11-06 04:19:32,979 - LogBackup - INFO - 成功备份 transaction 日志: 1 个文件，46964 字节
2025-11-06 04:19:32,998 - LogBackup - INFO - 成功备份 error 日志: 1 个文件，46894 字节
2025-11-06 04:19:33,017 - LogBackup - INFO - 成功备份 access 日志: 1 个文件，46710 字节
2025-11-06 04:19:33,035 - LogBackup - INFO - 完成备份，共 5 个记录
2025-11-06 04:19:34,035 - LogBackup - INFO - 开始备份日志，类型: all
2025-11-06 04:19:34,038 - LogBackup - INFO - 成功备份 system 日志: 1 个文件，46765 字节
2025-11-06 04:19:34,058 - LogBackup - INFO - 成功备份 application 日志: 1 个文件，46838 字节
2025-11-06 04:19:34,077 - LogBackup - INFO - 成功备份 transaction 日志: 1 个文件，46964 字节
2025-11-06 04:19:34,097 - LogBackup - INFO - 成功备份 error 日志: 1 个文件，46894 字节
2025-11-06 04:19:34,117 - LogBackup - INFO - 成功备份 access 日志: 1 个文件，46710 字节
2025-11-06 04:19:34,135 - LogBackup - INFO - 完成备份，共 5 个记录
2025-11-06 04:19:35,136 - LogBackup - INFO - 开始清理 30 天前的备份
2025-11-06 04:19:35,136 - LogBackup - INFO - 清理完成，共清理 0 个备份
2025-11-06 04:19:35,188 - LogBackup - INFO - 开始备份日志，类型: all
2025-11-06 04:19:35,191 - LogBackup - INFO - 成功备份 system 日志: 1 个文件，46915 字节
2025-11-06 04:19:35,210 - LogBackup - INFO - 成功备份 application 日志: 1 个文件，46728 字节
2025-11-06 04:19:35,228 - LogBackup - INFO - 成功备份 transaction 日志: 1 个文件，46818 字节
2025-11-06 04:19:35,246 - LogBackup - INFO - 成功备份 error 日志: 1 个文件，46912 字节
2025-11-06 04:19:35,265 - LogBackup - INFO - 成功备份 access 日志: 1 个文件，47205 字节
2025-11-06 04:19:35,282 - LogBackup - INFO - 完成备份，共 5 个记录
2025-11-06 04:19:37,291 - LogBackup - INFO - 成功恢复备份 backup_20251106_041935_351461a6 到 /tmp/tmp7k9mssdk/restore_test
2025-11-06 04:19:37,294 - LogBackup - INFO - 备份报告已导出到: /tmp/tmp7k9mssdk/integration_report.json
2025-11-06 04:19:37,342 - LogBackup - INFO - 开始备份日志，类型: all
2025-11-06 04:19:37,345 - LogBackup - INFO - 成功备份 system 日志: 1 个文件，46931 字节
2025-11-06 04:19:37,364 - LogBackup - INFO - 成功备份 application 日志: 1 个文件，47017 字节
2025-11-06 04:19:37,383 - LogBackup - INFO - 成功备份 transaction 日志: 1 个文件，46813 字节
2025-11-06 04:19:37,401 - LogBackup - INFO - 成功备份 error 日志: 1 个文件，47020 字节
2025-11-06 04:19:37,419 - LogBackup - INFO - 成功备份 access 日志: 1 个文件，46827 字节
2025-11-06 04:19:37,436 - LogBackup - INFO - 完成备份，共 5 个记录
