2025-11-06 01:17:25,987 - root - INFO - 交易配置管理器初始化完成
2025-11-06 01:17:25,994 - __main__ - INFO - 扩展交易配置管理器初始化完成
2025-11-06 01:17:25,994 - __main__ - INFO - 交易参数配置更新成功
2025-11-06 01:17:43,979 - root - INFO - 交易配置管理器初始化完成
2025-11-06 01:17:43,982 - __main__ - INFO - 扩展交易配置管理器初始化完成
2025-11-06 01:17:43,982 - __main__ - INFO - 交易参数配置更新成功
2025-11-06 01:17:55,515 - root - INFO - 交易配置管理器初始化完成
2025-11-06 01:17:55,517 - __main__ - INFO - 扩展交易配置管理器初始化完成
2025-11-06 01:17:55,517 - __main__ - INFO - 交易参数配置更新成功
2025-11-06 01:18:18,990 - root - INFO - 交易配置管理器初始化完成
2025-11-06 01:18:18,992 - __main__ - INFO - 扩展交易配置管理器初始化完成
2025-11-06 01:18:18,992 - __main__ - INFO - 交易参数配置更新成功
2025-11-06 01:18:18,992 - __main__ - INFO - 交易所配置添加成功: test_exchange
2025-11-06 01:18:18,992 - __main__ - INFO - 交易限制配置更新成功
2025-11-06 01:18:18,992 - __main__ - INFO - 交易成本配置更新成功
2025-11-06 01:18:18,992 - __main__ - INFO - 交易执行配置更新成功
2025-11-06 01:18:18,993 - __main__ - INFO - 策略配置注册成功: test_strategy
2025-11-06 01:18:18,993 - __main__ - INFO - 风险配置创建成功: test_risk
2025-11-06 01:18:18,993 - __main__ - INFO - 交易限制配置更新成功
2025-11-06 01:18:18,993 - __main__ - INFO - 风险配置已激活: test_risk
2025-11-06 01:18:18,993 - __main__ - INFO - 市场数据源注册成功: test_data
2025-11-06 01:18:18,993 - __main__ - INFO - 告警规则添加成功: test_alert
2025-11-06 01:18:18,993 - __main__ - ERROR - 配置保存失败: asdict() should be called on dataclass instances
2025-11-06 01:18:18,993 - __main__ - ERROR - 配置备份失败: 配置备份失败
2025-11-06 01:18:39,020 - root - INFO - 交易配置管理器初始化完成
2025-11-06 01:18:39,022 - __main__ - INFO - 扩展交易配置管理器初始化完成
2025-11-06 01:18:39,022 - __main__ - INFO - 交易参数配置更新成功
2025-11-06 01:18:39,022 - __main__ - INFO - 交易所配置添加成功: test_exchange
2025-11-06 01:18:39,022 - __main__ - INFO - 交易限制配置更新成功
2025-11-06 01:18:39,022 - __main__ - INFO - 交易成本配置更新成功
2025-11-06 01:18:39,022 - __main__ - INFO - 交易执行配置更新成功
2025-11-06 01:18:39,022 - __main__ - INFO - 策略配置注册成功: test_strategy
2025-11-06 01:18:39,022 - __main__ - INFO - 风险配置创建成功: test_risk
2025-11-06 01:18:39,022 - __main__ - INFO - 交易限制配置更新成功
2025-11-06 01:18:39,022 - __main__ - INFO - 风险配置已激活: test_risk
2025-11-06 01:18:39,022 - __main__ - INFO - 市场数据源注册成功: test_data
2025-11-06 01:18:39,022 - __main__ - INFO - 告警规则添加成功: test_alert
2025-11-06 01:18:39,022 - __main__ - ERROR - 配置保存失败: asdict() should be called on dataclass instances
2025-11-06 01:18:39,022 - __main__ - ERROR - 配置备份失败: 配置备份失败
2025-11-06 01:18:58,585 - root - INFO - 交易配置管理器初始化完成
2025-11-06 01:18:58,586 - __main__ - INFO - 扩展交易配置管理器初始化完成
2025-11-06 01:18:58,586 - __main__ - INFO - 交易参数配置更新成功
2025-11-06 01:18:58,587 - __main__ - INFO - 交易所配置添加成功: test_exchange
2025-11-06 01:18:58,587 - __main__ - INFO - 交易限制配置更新成功
2025-11-06 01:18:58,587 - __main__ - INFO - 交易成本配置更新成功
2025-11-06 01:18:58,587 - __main__ - INFO - 交易执行配置更新成功
2025-11-06 01:18:58,587 - __main__ - INFO - 策略配置注册成功: test_strategy
2025-11-06 01:18:58,587 - __main__ - INFO - 风险配置创建成功: test_risk
2025-11-06 01:18:58,587 - __main__ - INFO - 交易限制配置更新成功
2025-11-06 01:18:58,587 - __main__ - INFO - 风险配置已激活: test_risk
2025-11-06 01:18:58,587 - __main__ - INFO - 市场数据源注册成功: test_data
2025-11-06 01:18:58,587 - __main__ - INFO - 告警规则添加成功: test_alert
2025-11-06 01:18:58,606 - __main__ - INFO - 配置保存成功: config_backups/test_backup.json
2025-11-06 01:18:58,606 - __main__ - INFO - 配置备份创建成功: config_backups/test_backup.json
2025-11-06 01:19:06,231 - root - INFO - 交易配置管理器初始化完成
2025-11-06 01:19:06,233 - __main__ - INFO - 扩展交易配置管理器初始化完成
2025-11-06 01:19:06,233 - __main__ - INFO - 交易参数配置更新成功
2025-11-06 01:19:06,233 - __main__ - INFO - 交易所配置添加成功: test_exchange
2025-11-06 01:19:06,233 - __main__ - INFO - 交易限制配置更新成功
2025-11-06 01:19:06,233 - __main__ - INFO - 交易成本配置更新成功
2025-11-06 01:19:06,233 - __main__ - INFO - 交易执行配置更新成功
2025-11-06 01:19:06,233 - __main__ - INFO - 策略配置注册成功: test_strategy
2025-11-06 01:19:06,233 - __main__ - INFO - 风险配置创建成功: test_risk
2025-11-06 01:19:06,233 - __main__ - INFO - 交易限制配置更新成功
2025-11-06 01:19:06,233 - __main__ - INFO - 风险配置已激活: test_risk
2025-11-06 01:19:06,233 - __main__ - INFO - 市场数据源注册成功: test_data
2025-11-06 01:19:06,233 - __main__ - INFO - 告警规则添加成功: test_alert
2025-11-06 01:19:06,250 - __main__ - INFO - 配置保存成功: config_backups/test_backup.json
2025-11-06 01:19:06,250 - __main__ - INFO - 配置备份创建成功: config_backups/test_backup.json
2025-11-06 01:19:06,366 - __main__ - INFO - 完整配置保存成功: ./test_config.json
2025-11-06 01:19:06,376 - root - INFO - 交易配置管理器初始化完成
2025-11-06 01:19:06,378 - __main__ - INFO - 扩展交易配置管理器初始化完成
2025-11-06 01:19:06,388 - __main__ - ERROR - 配置加载失败: __main__.TimeRange() argument after ** must be a mapping, not str
2025-11-06 01:19:34,482 - root - INFO - 交易配置管理器初始化完成
2025-11-06 01:19:34,484 - __main__ - INFO - 扩展交易配置管理器初始化完成
2025-11-06 01:19:34,484 - __main__ - INFO - 交易参数配置更新成功
2025-11-06 01:19:34,484 - __main__ - INFO - 交易所配置添加成功: test_exchange
2025-11-06 01:19:34,484 - __main__ - INFO - 交易限制配置更新成功
2025-11-06 01:19:34,484 - __main__ - INFO - 交易成本配置更新成功
2025-11-06 01:19:34,484 - __main__ - INFO - 交易执行配置更新成功
2025-11-06 01:19:34,484 - __main__ - INFO - 策略配置注册成功: test_strategy
2025-11-06 01:19:34,484 - __main__ - INFO - 风险配置创建成功: test_risk
2025-11-06 01:19:34,484 - __main__ - INFO - 交易限制配置更新成功
2025-11-06 01:19:34,484 - __main__ - INFO - 风险配置已激活: test_risk
2025-11-06 01:19:34,484 - __main__ - INFO - 市场数据源注册成功: test_data
2025-11-06 01:19:34,484 - __main__ - INFO - 告警规则添加成功: test_alert
2025-11-06 01:19:34,499 - __main__ - INFO - 配置保存成功: config_backups/test_backup.json
2025-11-06 01:19:34,499 - __main__ - INFO - 配置备份创建成功: config_backups/test_backup.json
2025-11-06 01:19:34,616 - __main__ - INFO - 完整配置保存成功: ./test_config.json
2025-11-06 01:19:34,623 - root - INFO - 交易配置管理器初始化完成
2025-11-06 01:19:34,625 - __main__ - INFO - 扩展交易配置管理器初始化完成
2025-11-06 01:19:34,631 - __main__ - ERROR - 配置加载失败: __main__.TimeRange() argument after ** must be a mapping, not str
2025-11-06 01:19:53,556 - root - INFO - 交易配置管理器初始化完成
2025-11-06 01:19:53,558 - __main__ - INFO - 扩展交易配置管理器初始化完成
2025-11-06 01:19:53,558 - __main__ - INFO - 交易参数配置更新成功
2025-11-06 01:19:53,558 - __main__ - INFO - 交易所配置添加成功: test_exchange
2025-11-06 01:19:53,558 - __main__ - INFO - 交易限制配置更新成功
2025-11-06 01:19:53,558 - __main__ - INFO - 交易成本配置更新成功
2025-11-06 01:19:53,558 - __main__ - INFO - 交易执行配置更新成功
2025-11-06 01:19:53,558 - __main__ - INFO - 策略配置注册成功: test_strategy
2025-11-06 01:19:53,558 - __main__ - INFO - 风险配置创建成功: test_risk
2025-11-06 01:19:53,558 - __main__ - INFO - 交易限制配置更新成功
2025-11-06 01:19:53,558 - __main__ - INFO - 风险配置已激活: test_risk
2025-11-06 01:19:53,558 - __main__ - INFO - 市场数据源注册成功: test_data
2025-11-06 01:19:53,558 - __main__ - INFO - 告警规则添加成功: test_alert
2025-11-06 01:19:53,569 - __main__ - INFO - 配置保存成功: config_backups/test_backup.json
2025-11-06 01:19:53,569 - __main__ - INFO - 配置备份创建成功: config_backups/test_backup.json
2025-11-06 01:19:53,681 - __main__ - INFO - 完整配置保存成功: ./test_config.json
2025-11-06 01:19:53,688 - root - INFO - 交易配置管理器初始化完成
2025-11-06 01:19:53,690 - __main__ - INFO - 扩展交易配置管理器初始化完成
2025-11-06 01:19:53,696 - __main__ - ERROR - 配置加载失败: __main__.TimeRange() argument after ** must be a mapping, not str
2025-11-06 01:20:14,140 - root - INFO - 交易配置管理器初始化完成
2025-11-06 01:20:14,142 - TradingConfigurationManager - INFO - 扩展交易配置管理器初始化完成
2025-11-06 01:20:14,142 - TradingConfigurationManager - INFO - 交易参数配置更新成功
2025-11-06 01:20:14,154 - TradingConfigurationManager - INFO - 完整配置保存成功: ./debug_config.json
2025-11-06 01:20:14,163 - root - INFO - 交易配置管理器初始化完成
2025-11-06 01:20:14,164 - TradingConfigurationManager - INFO - 扩展交易配置管理器初始化完成
2025-11-06 01:20:14,171 - TradingConfigurationManager - ERROR - 配置加载失败: TradingConfigurationManager.TimeRange() argument after ** must be a mapping, not str
2025-11-06 01:20:41,855 - root - INFO - 交易配置管理器初始化完成
2025-11-06 01:20:41,857 - __main__ - INFO - 扩展交易配置管理器初始化完成
2025-11-06 01:20:41,858 - __main__ - INFO - 交易参数配置更新成功
2025-11-06 01:20:41,858 - __main__ - INFO - 交易所配置添加成功: test_exchange
2025-11-06 01:20:41,858 - __main__ - INFO - 交易限制配置更新成功
2025-11-06 01:20:41,858 - __main__ - INFO - 交易成本配置更新成功
2025-11-06 01:20:41,858 - __main__ - INFO - 交易执行配置更新成功
2025-11-06 01:20:41,858 - __main__ - INFO - 策略配置注册成功: test_strategy
2025-11-06 01:20:41,858 - __main__ - INFO - 风险配置创建成功: test_risk
2025-11-06 01:20:41,858 - __main__ - INFO - 交易限制配置更新成功
2025-11-06 01:20:41,858 - __main__ - INFO - 风险配置已激活: test_risk
2025-11-06 01:20:41,858 - __main__ - INFO - 市场数据源注册成功: test_data
2025-11-06 01:20:41,858 - __main__ - INFO - 告警规则添加成功: test_alert
2025-11-06 01:20:41,858 - __main__ - ERROR - 配置保存失败: asdict() should be called on dataclass instances
2025-11-06 01:20:41,858 - __main__ - ERROR - 配置备份失败: 配置备份失败
2025-11-06 01:20:56,120 - root - INFO - 交易配置管理器初始化完成
2025-11-06 01:20:56,123 - __main__ - INFO - 扩展交易配置管理器初始化完成
2025-11-06 01:20:56,123 - __main__ - INFO - 交易参数配置更新成功
2025-11-06 01:20:56,123 - __main__ - INFO - 交易所配置添加成功: test_exchange
2025-11-06 01:20:56,123 - __main__ - INFO - 交易限制配置更新成功
2025-11-06 01:20:56,123 - __main__ - INFO - 交易成本配置更新成功
2025-11-06 01:20:56,123 - __main__ - INFO - 交易执行配置更新成功
2025-11-06 01:20:56,124 - __main__ - INFO - 策略配置注册成功: test_strategy
2025-11-06 01:20:56,124 - __main__ - INFO - 风险配置创建成功: test_risk
2025-11-06 01:20:56,124 - __main__ - INFO - 交易限制配置更新成功
2025-11-06 01:20:56,124 - __main__ - INFO - 风险配置已激活: test_risk
2025-11-06 01:20:56,124 - __main__ - INFO - 市场数据源注册成功: test_data
2025-11-06 01:20:56,124 - __main__ - INFO - 告警规则添加成功: test_alert
2025-11-06 01:20:56,124 - __main__ - ERROR - 配置备份失败: asdict() should be called on dataclass instances
2025-11-06 01:21:13,137 - root - INFO - 交易配置管理器初始化完成
2025-11-06 01:21:13,139 - __main__ - INFO - 扩展交易配置管理器初始化完成
2025-11-06 01:21:13,139 - __main__ - INFO - 交易参数配置更新成功
2025-11-06 01:21:13,139 - __main__ - INFO - 交易所配置添加成功: test_exchange
2025-11-06 01:21:13,139 - __main__ - INFO - 交易限制配置更新成功
2025-11-06 01:21:13,139 - __main__ - INFO - 交易成本配置更新成功
2025-11-06 01:21:13,139 - __main__ - INFO - 交易执行配置更新成功
2025-11-06 01:21:13,139 - __main__ - INFO - 策略配置注册成功: test_strategy
2025-11-06 01:21:13,139 - __main__ - INFO - 风险配置创建成功: test_risk
2025-11-06 01:21:13,139 - __main__ - INFO - 交易限制配置更新成功
2025-11-06 01:21:13,139 - __main__ - INFO - 风险配置已激活: test_risk
2025-11-06 01:21:13,139 - __main__ - INFO - 市场数据源注册成功: test_data
2025-11-06 01:21:13,139 - __main__ - INFO - 告警规则添加成功: test_alert
2025-11-06 01:21:13,148 - __main__ - INFO - 配置备份创建成功: config_backups/test_backup.json
2025-11-06 01:21:13,258 - __main__ - INFO - 完整配置保存成功: ./test_config.json
2025-11-06 01:21:13,265 - root - INFO - 交易配置管理器初始化完成
2025-11-06 01:21:13,268 - __main__ - INFO - 扩展交易配置管理器初始化完成
2025-11-06 01:21:13,274 - __main__ - ERROR - 配置加载失败: 'OrderType.MARKET' is not a valid OrderType
2025-11-13 20:12:26,365 - root - INFO - 交易配置管理器初始化完成
