2025-11-15 03:00:15 - 智能量化交易系统 - INFO - [[系统事件] 策略 moving_average 已注册]
2025-11-15 03:00:15 - 智能量化交易系统 - INFO - [[系统事件] 策略 rsi 已注册]
2025-11-15 03:00:15 - 智能量化交易系统 - INFO - [[系统事件] 已注册交易策略]
2025-11-15 03:00:15 - 智能量化交易系统 - INFO - [[系统事件] 智能交易系统 智能量化交易系统 v2.0.0 初始化完成]
2025-11-15 03:00:15 - 智能量化交易系统 - INFO - [[系统事件] 正在启动智能交易系统...]
2025-11-15 03:00:15 - 智能量化交易系统 - INFO - [[系统事件] 正在初始化交易所连接...]
2025-11-15 03:00:15 - 智能量化交易系统 - INFO - [[系统事件] 使用模拟交易配置]
2025-11-15 03:00:19 - 智能量化交易系统 - INFO - [[系统事件] 交易所 okx_paper 连接成功]
2025-11-15 03:00:19 - 智能量化交易系统 - INFO - [[系统事件] 智能交易系统启动完成]
2025-11-15 03:00:19 - 智能量化交易系统 - INFO - [[系统事件] 进入主交易循环]
2025-11-15 03:00:19 - 智能量化交易系统 - WARNING - [[系统事件] ExchangeManager: 获取 okx_paper 价格失败: 'SystemLogger' object has no attribute 'debug']
2025-11-15 03:00:19 - 智能量化交易系统 - WARNING - [[系统事件] 收集 BTCUSDT 数据失败: 'SystemLogger' object has no attribute 'debug']
2025-11-15 03:00:19 - 智能量化交易系统 - WARNING - [[系统事件] ExchangeManager: 获取 okx_paper 价格失败: 'SystemLogger' object has no attribute 'debug']
2025-11-15 03:00:19 - 智能量化交易系统 - WARNING - [[系统事件] 收集 ETHUSDT 数据失败: 'SystemLogger' object has no attribute 'debug']
2025-11-15 03:00:19 - 智能量化交易系统 - WARNING - [[系统事件] ExchangeManager: 获取 okx_paper 价格失败: 'SystemLogger' object has no attribute 'debug']
2025-11-15 03:00:19 - 智能量化交易系统 - WARNING - [[系统事件] 收集 ADAUSDT 数据失败: 'SystemLogger' object has no attribute 'debug']
2025-11-15 03:00:19 - 智能量化交易系统 - WARNING - [[系统事件] ExchangeManager: 获取 okx_paper 价格失败: 'SystemLogger' object has no attribute 'debug']
2025-11-15 03:00:19 - 智能量化交易系统 - WARNING - [[系统事件] 收集 SOLUSDT 数据失败: 'SystemLogger' object has no attribute 'debug']
2025-11-15 03:00:19 - 智能量化交易系统 - INFO - [[系统事件] 收集了 0 个交易对的市场数据]
2025-11-15 03:00:19 - 智能量化交易系统 - INFO - [[系统事件] 策略执行完成，生成 3 个交易信号]
2025-11-15 03:00:20 - 智能量化交易系统 - WARNING - [[系统事件] ExchangeManager: 获取 okx_paper 价格失败: 'SystemLogger' object has no attribute 'debug']
2025-11-15 03:00:20 - 智能量化交易系统 - WARNING - [[系统事件] 收集 BTCUSDT 数据失败: 'SystemLogger' object has no attribute 'debug']
2025-11-15 03:00:20 - 智能量化交易系统 - WARNING - [[系统事件] ExchangeManager: 获取 okx_paper 价格失败: 'SystemLogger' object has no attribute 'debug']
2025-11-15 03:00:20 - 智能量化交易系统 - WARNING - [[系统事件] 收集 ETHUSDT 数据失败: 'SystemLogger' object has no attribute 'debug']
2025-11-15 03:00:20 - 智能量化交易系统 - WARNING - [[系统事件] ExchangeManager: 获取 okx_paper 价格失败: 'SystemLogger' object has no attribute 'debug']
2025-11-15 03:00:20 - 智能量化交易系统 - WARNING - [[系统事件] 收集 ADAUSDT 数据失败: 'SystemLogger' object has no attribute 'debug']
2025-11-15 03:00:20 - 智能量化交易系统 - WARNING - [[系统事件] ExchangeManager: 获取 okx_paper 价格失败: 'SystemLogger' object has no attribute 'debug']
2025-11-15 03:00:20 - 智能量化交易系统 - WARNING - [[系统事件] 收集 SOLUSDT 数据失败: 'SystemLogger' object has no attribute 'debug']
2025-11-15 03:00:20 - 智能量化交易系统 - INFO - [[系统事件] 收集了 0 个交易对的市场数据]
2025-11-15 03:00:20 - 智能量化交易系统 - INFO - [[系统事件] 策略执行完成，生成 0 个交易信号]
2025-11-15 03:00:21 - 智能量化交易系统 - WARNING - [[系统事件] ExchangeManager: 获取 okx_paper 价格失败: 'SystemLogger' object has no attribute 'debug']
2025-11-15 03:00:21 - 智能量化交易系统 - WARNING - [[系统事件] 收集 BTCUSDT 数据失败: 'SystemLogger' object has no attribute 'debug']
2025-11-15 03:00:21 - 智能量化交易系统 - WARNING - [[系统事件] ExchangeManager: 获取 okx_paper 价格失败: 'SystemLogger' object has no attribute 'debug']
2025-11-15 03:00:21 - 智能量化交易系统 - WARNING - [[系统事件] 收集 ETHUSDT 数据失败: 'SystemLogger' object has no attribute 'debug']
2025-11-15 03:00:21 - 智能量化交易系统 - WARNING - [[系统事件] ExchangeManager: 获取 okx_paper 价格失败: 'SystemLogger' object has no attribute 'debug']
2025-11-15 03:00:21 - 智能量化交易系统 - WARNING - [[系统事件] 收集 ADAUSDT 数据失败: 'SystemLogger' object has no attribute 'debug']
2025-11-15 03:00:21 - 智能量化交易系统 - WARNING - [[系统事件] ExchangeManager: 获取 okx_paper 价格失败: 'SystemLogger' object has no attribute 'debug']
2025-11-15 03:00:21 - 智能量化交易系统 - WARNING - [[系统事件] 收集 SOLUSDT 数据失败: 'SystemLogger' object has no attribute 'debug']
2025-11-15 03:00:21 - 智能量化交易系统 - INFO - [[系统事件] 收集了 0 个交易对的市场数据]
2025-11-15 03:00:21 - 智能量化交易系统 - INFO - [[系统事件] 策略执行完成，生成 0 个交易信号]
2025-11-15 03:00:22 - 智能量化交易系统 - WARNING - [[系统事件] ExchangeManager: 获取 okx_paper 价格失败: 'SystemLogger' object has no attribute 'debug']
2025-11-15 03:00:22 - 智能量化交易系统 - WARNING - [[系统事件] 收集 BTCUSDT 数据失败: 'SystemLogger' object has no attribute 'debug']
2025-11-15 03:00:22 - 智能量化交易系统 - WARNING - [[系统事件] ExchangeManager: 获取 okx_paper 价格失败: 'SystemLogger' object has no attribute 'debug']
2025-11-15 03:00:22 - 智能量化交易系统 - WARNING - [[系统事件] 收集 ETHUSDT 数据失败: 'SystemLogger' object has no attribute 'debug']
2025-11-15 03:00:22 - 智能量化交易系统 - WARNING - [[系统事件] ExchangeManager: 获取 okx_paper 价格失败: 'SystemLogger' object has no attribute 'debug']
2025-11-15 03:00:22 - 智能量化交易系统 - WARNING - [[系统事件] 收集 ADAUSDT 数据失败: 'SystemLogger' object has no attribute 'debug']
2025-11-15 03:00:22 - 智能量化交易系统 - WARNING - [[系统事件] ExchangeManager: 获取 okx_paper 价格失败: 'SystemLogger' object has no attribute 'debug']
2025-11-15 03:00:22 - 智能量化交易系统 - WARNING - [[系统事件] 收集 SOLUSDT 数据失败: 'SystemLogger' object has no attribute 'debug']
2025-11-15 03:00:22 - 智能量化交易系统 - INFO - [[系统事件] 收集了 0 个交易对的市场数据]
2025-11-15 03:00:22 - 智能量化交易系统 - INFO - [[系统事件] 策略执行完成，生成 2 个交易信号]
2025-11-15 03:00:22 - 智能量化交易系统 - INFO - [[系统事件] 交易结果: 策略 moving_average 盈亏 -17.58]
2025-11-15 03:00:22 - 智能量化交易系统 - INFO - [[系统事件] 性能分析完成：2 个优化建议]
2025-11-15 03:00:22 - 智能量化交易系统 - INFO - [[系统事件] 应用优化: {'type': 'strategy_tuning', 'parameter': 'entry_threshold', 'action': 'increase', 'reason': '胜率过低，调整入场阈值'}]
2025-11-15 03:00:22 - 智能量化交易系统 - INFO - [[系统事件] 应用优化: {'type': 'strategy_selection', 'action': 'deactivate', 'reason': '平均收益为负，暂停此策略'}]
2025-11-15 03:00:22 - 智能量化交易系统 - INFO - [[系统事件] 应用 2 个优化建议]
2025-11-15 03:00:22 - 智能量化交易系统 - INFO - [[系统事件] 应用 2 个优化建议]
2025-11-15 03:00:23 - 智能量化交易系统 - WARNING - [[系统事件] ExchangeManager: 获取 okx_paper 价格失败: 'SystemLogger' object has no attribute 'debug']
2025-11-15 03:00:23 - 智能量化交易系统 - WARNING - [[系统事件] 收集 BTCUSDT 数据失败: 'SystemLogger' object has no attribute 'debug']
2025-11-15 03:00:23 - 智能量化交易系统 - WARNING - [[系统事件] ExchangeManager: 获取 okx_paper 价格失败: 'SystemLogger' object has no attribute 'debug']
2025-11-15 03:00:23 - 智能量化交易系统 - WARNING - [[系统事件] 收集 ETHUSDT 数据失败: 'SystemLogger' object has no attribute 'debug']
2025-11-15 03:00:23 - 智能量化交易系统 - WARNING - [[系统事件] ExchangeManager: 获取 okx_paper 价格失败: 'SystemLogger' object has no attribute 'debug']
2025-11-15 03:00:23 - 智能量化交易系统 - WARNING - [[系统事件] 收集 ADAUSDT 数据失败: 'SystemLogger' object has no attribute 'debug']
2025-11-15 03:00:23 - 智能量化交易系统 - WARNING - [[系统事件] ExchangeManager: 获取 okx_paper 价格失败: 'SystemLogger' object has no attribute 'debug']
2025-11-15 03:00:23 - 智能量化交易系统 - WARNING - [[系统事件] 收集 SOLUSDT 数据失败: 'SystemLogger' object has no attribute 'debug']
2025-11-15 03:00:23 - 智能量化交易系统 - INFO - [[系统事件] 收集了 0 个交易对的市场数据]
2025-11-15 03:00:23 - 智能量化交易系统 - INFO - [[系统事件] 策略执行完成，生成 1 个交易信号]
2025-11-15 03:00:23 - 智能量化交易系统 - INFO - [[系统事件] 性能分析完成：2 个优化建议]
2025-11-15 03:00:23 - 智能量化交易系统 - INFO - [[系统事件] 应用优化: {'type': 'strategy_tuning', 'parameter': 'entry_threshold', 'action': 'increase', 'reason': '胜率过低，调整入场阈值'}]
2025-11-15 03:00:23 - 智能量化交易系统 - INFO - [[系统事件] 应用优化: {'type': 'strategy_selection', 'action': 'deactivate', 'reason': '平均收益为负，暂停此策略'}]
2025-11-15 03:00:23 - 智能量化交易系统 - INFO - [[系统事件] 应用 2 个优化建议]
2025-11-15 03:00:23 - 智能量化交易系统 - INFO - [[系统事件] 应用 2 个优化建议]
2025-11-15 03:00:24 - 智能量化交易系统 - WARNING - [[系统事件] ExchangeManager: 获取 okx_paper 价格失败: 'SystemLogger' object has no attribute 'debug']
2025-11-15 03:00:24 - 智能量化交易系统 - WARNING - [[系统事件] 收集 BTCUSDT 数据失败: 'SystemLogger' object has no attribute 'debug']
2025-11-15 03:00:24 - 智能量化交易系统 - WARNING - [[系统事件] ExchangeManager: 获取 okx_paper 价格失败: 'SystemLogger' object has no attribute 'debug']
2025-11-15 03:00:24 - 智能量化交易系统 - WARNING - [[系统事件] 收集 ETHUSDT 数据失败: 'SystemLogger' object has no attribute 'debug']
2025-11-15 03:00:24 - 智能量化交易系统 - WARNING - [[系统事件] ExchangeManager: 获取 okx_paper 价格失败: 'SystemLogger' object has no attribute 'debug']
2025-11-15 03:00:24 - 智能量化交易系统 - WARNING - [[系统事件] 收集 ADAUSDT 数据失败: 'SystemLogger' object has no attribute 'debug']
2025-11-15 03:00:24 - 智能量化交易系统 - WARNING - [[系统事件] ExchangeManager: 获取 okx_paper 价格失败: 'SystemLogger' object has no attribute 'debug']
2025-11-15 03:00:24 - 智能量化交易系统 - WARNING - [[系统事件] 收集 SOLUSDT 数据失败: 'SystemLogger' object has no attribute 'debug']
2025-11-15 03:00:24 - 智能量化交易系统 - INFO - [[系统事件] 收集了 0 个交易对的市场数据]
2025-11-15 03:00:24 - 智能量化交易系统 - INFO - [[系统事件] 策略执行完成，生成 0 个交易信号]
2025-11-15 03:00:24 - 智能量化交易系统 - INFO - [[系统事件] 交易结果: 策略 moving_average 盈亏 61.48]
2025-11-15 03:00:24 - 智能量化交易系统 - INFO - [[系统事件] 性能分析完成：0 个优化建议]
2025-11-15 03:00:25 - 智能量化交易系统 - WARNING - [[系统事件] ExchangeManager: 获取 okx_paper 价格失败: 'SystemLogger' object has no attribute 'debug']
2025-11-15 03:00:25 - 智能量化交易系统 - WARNING - [[系统事件] 收集 BTCUSDT 数据失败: 'SystemLogger' object has no attribute 'debug']
2025-11-15 03:00:25 - 智能量化交易系统 - WARNING - [[系统事件] ExchangeManager: 获取 okx_paper 价格失败: 'SystemLogger' object has no attribute 'debug']
2025-11-15 03:00:25 - 智能量化交易系统 - WARNING - [[系统事件] 收集 ETHUSDT 数据失败: 'SystemLogger' object has no attribute 'debug']
2025-11-15 03:00:25 - 智能量化交易系统 - WARNING - [[系统事件] ExchangeManager: 获取 okx_paper 价格失败: 'SystemLogger' object has no attribute 'debug']
2025-11-15 03:00:25 - 智能量化交易系统 - WARNING - [[系统事件] 收集 ADAUSDT 数据失败: 'SystemLogger' object has no attribute 'debug']
2025-11-15 03:00:25 - 智能量化交易系统 - WARNING - [[系统事件] ExchangeManager: 获取 okx_paper 价格失败: 'SystemLogger' object has no attribute 'debug']
2025-11-15 03:00:25 - 智能量化交易系统 - WARNING - [[系统事件] 收集 SOLUSDT 数据失败: 'SystemLogger' object has no attribute 'debug']
2025-11-15 03:00:25 - 智能量化交易系统 - INFO - [[系统事件] 收集了 0 个交易对的市场数据]
2025-11-15 03:00:25 - 智能量化交易系统 - INFO - [[系统事件] 策略执行完成，生成 1 个交易信号]
2025-11-15 03:00:25 - 智能量化交易系统 - INFO - [[系统事件] 性能分析完成：0 个优化建议]
2025-11-15 03:00:26 - 智能量化交易系统 - WARNING - [[系统事件] ExchangeManager: 获取 okx_paper 价格失败: 'SystemLogger' object has no attribute 'debug']
2025-11-15 03:00:26 - 智能量化交易系统 - WARNING - [[系统事件] 收集 BTCUSDT 数据失败: 'SystemLogger' object has no attribute 'debug']
2025-11-15 03:00:26 - 智能量化交易系统 - WARNING - [[系统事件] ExchangeManager: 获取 okx_paper 价格失败: 'SystemLogger' object has no attribute 'debug']
2025-11-15 03:00:26 - 智能量化交易系统 - WARNING - [[系统事件] 收集 ETHUSDT 数据失败: 'SystemLogger' object has no attribute 'debug']
2025-11-15 03:00:26 - 智能量化交易系统 - WARNING - [[系统事件] ExchangeManager: 获取 okx_paper 价格失败: 'SystemLogger' object has no attribute 'debug']
2025-11-15 03:00:26 - 智能量化交易系统 - WARNING - [[系统事件] 收集 ADAUSDT 数据失败: 'SystemLogger' object has no attribute 'debug']
2025-11-15 03:00:26 - 智能量化交易系统 - WARNING - [[系统事件] ExchangeManager: 获取 okx_paper 价格失败: 'SystemLogger' object has no attribute 'debug']
2025-11-15 03:00:26 - 智能量化交易系统 - WARNING - [[系统事件] 收集 SOLUSDT 数据失败: 'SystemLogger' object has no attribute 'debug']
2025-11-15 03:00:26 - 智能量化交易系统 - INFO - [[系统事件] 收集了 0 个交易对的市场数据]
2025-11-15 03:00:26 - 智能量化交易系统 - INFO - [[系统事件] 策略执行完成，生成 1 个交易信号]
2025-11-15 03:00:26 - 智能量化交易系统 - INFO - [[系统事件] 性能分析完成：0 个优化建议]
2025-11-15 03:00:26 - 智能量化交易系统 - INFO - [[系统事件] 接收到信号 2，正在关闭系统...]
2025-11-15 03:00:32 - 智能量化交易系统 - INFO - [[系统事件] 策略 moving_average 已注册]
2025-11-15 03:00:32 - 智能量化交易系统 - INFO - [[系统事件] 策略 rsi 已注册]
2025-11-15 03:00:32 - 智能量化交易系统 - INFO - [[系统事件] 已注册交易策略]
2025-11-15 03:00:32 - 智能量化交易系统 - INFO - [[系统事件] 智能交易系统 智能量化交易系统 v2.0.0 初始化完成]
2025-11-15 03:00:32 - 智能量化交易系统 - INFO - [[系统事件] 正在启动智能交易系统...]
2025-11-15 03:00:32 - 智能量化交易系统 - INFO - [[系统事件] 正在初始化交易所连接...]
2025-11-15 03:00:32 - 智能量化交易系统 - INFO - [[系统事件] 使用实盘交易配置: live_trading]
2025-11-15 03:00:37 - 智能量化交易系统 - INFO - [[系统事件] 交易所 binance 连接成功]
2025-11-15 03:00:37 - 智能量化交易系统 - ERROR - [[系统事件] 交易所 okx 连接失败: 'SystemLogger' object has no attribute 'info']
2025-11-15 03:00:37 - 智能量化交易系统 - INFO - [[系统事件] 智能交易系统启动完成]
2025-11-15 03:00:37 - 智能量化交易系统 - INFO - [[系统事件] 进入主交易循环]
2025-11-15 03:00:37 - 智能量化交易系统 - WARNING - [[系统事件] ExchangeManager: 获取 binance 价格失败: 'SystemLogger' object has no attribute 'debug']
2025-11-15 03:00:37 - 智能量化交易系统 - WARNING - [[系统事件] 收集 BTCUSDT 数据失败: 'SystemLogger' object has no attribute 'debug']
2025-11-15 03:00:37 - 智能量化交易系统 - WARNING - [[系统事件] ExchangeManager: 获取 binance 价格失败: 'SystemLogger' object has no attribute 'debug']
2025-11-15 03:00:37 - 智能量化交易系统 - WARNING - [[系统事件] 收集 ETHUSDT 数据失败: 'SystemLogger' object has no attribute 'debug']
2025-11-15 03:00:37 - 智能量化交易系统 - WARNING - [[系统事件] ExchangeManager: 获取 binance 价格失败: 'SystemLogger' object has no attribute 'debug']
2025-11-15 03:00:37 - 智能量化交易系统 - WARNING - [[系统事件] 收集 ADAUSDT 数据失败: 'SystemLogger' object has no attribute 'debug']
2025-11-15 03:00:37 - 智能量化交易系统 - WARNING - [[系统事件] ExchangeManager: 获取 binance 价格失败: 'SystemLogger' object has no attribute 'debug']
2025-11-15 03:00:37 - 智能量化交易系统 - WARNING - [[系统事件] 收集 SOLUSDT 数据失败: 'SystemLogger' object has no attribute 'debug']
2025-11-15 03:00:37 - 智能量化交易系统 - INFO - [[系统事件] 收集了 0 个交易对的市场数据]
2025-11-15 03:00:37 - 智能量化交易系统 - INFO - [[系统事件] 策略执行完成，生成 2 个交易信号]
2025-11-15 03:00:38 - 智能量化交易系统 - WARNING - [[系统事件] ExchangeManager: 获取 binance 价格失败: 'SystemLogger' object has no attribute 'debug']
2025-11-15 03:00:38 - 智能量化交易系统 - WARNING - [[系统事件] 收集 BTCUSDT 数据失败: 'SystemLogger' object has no attribute 'debug']
2025-11-15 03:00:38 - 智能量化交易系统 - WARNING - [[系统事件] ExchangeManager: 获取 binance 价格失败: 'SystemLogger' object has no attribute 'debug']
2025-11-15 03:00:38 - 智能量化交易系统 - WARNING - [[系统事件] 收集 ETHUSDT 数据失败: 'SystemLogger' object has no attribute 'debug']
2025-11-15 03:00:38 - 智能量化交易系统 - WARNING - [[系统事件] ExchangeManager: 获取 binance 价格失败: 'SystemLogger' object has no attribute 'debug']
2025-11-15 03:00:38 - 智能量化交易系统 - WARNING - [[系统事件] 收集 ADAUSDT 数据失败: 'SystemLogger' object has no attribute 'debug']
2025-11-15 03:00:38 - 智能量化交易系统 - WARNING - [[系统事件] ExchangeManager: 获取 binance 价格失败: 'SystemLogger' object has no attribute 'debug']
2025-11-15 03:00:38 - 智能量化交易系统 - WARNING - [[系统事件] 收集 SOLUSDT 数据失败: 'SystemLogger' object has no attribute 'debug']
2025-11-15 03:00:38 - 智能量化交易系统 - INFO - [[系统事件] 收集了 0 个交易对的市场数据]
2025-11-15 03:00:38 - 智能量化交易系统 - INFO - [[系统事件] 策略执行完成，生成 1 个交易信号]
2025-11-15 03:00:39 - 智能量化交易系统 - WARNING - [[系统事件] ExchangeManager: 获取 binance 价格失败: 'SystemLogger' object has no attribute 'debug']
2025-11-15 03:00:39 - 智能量化交易系统 - WARNING - [[系统事件] 收集 BTCUSDT 数据失败: 'SystemLogger' object has no attribute 'debug']
2025-11-15 03:00:39 - 智能量化交易系统 - WARNING - [[系统事件] ExchangeManager: 获取 binance 价格失败: 'SystemLogger' object has no attribute 'debug']
2025-11-15 03:00:39 - 智能量化交易系统 - WARNING - [[系统事件] 收集 ETHUSDT 数据失败: 'SystemLogger' object has no attribute 'debug']
2025-11-15 03:00:39 - 智能量化交易系统 - WARNING - [[系统事件] ExchangeManager: 获取 binance 价格失败: 'SystemLogger' object has no attribute 'debug']
2025-11-15 03:00:39 - 智能量化交易系统 - WARNING - [[系统事件] 收集 ADAUSDT 数据失败: 'SystemLogger' object has no attribute 'debug']
2025-11-15 03:00:39 - 智能量化交易系统 - WARNING - [[系统事件] ExchangeManager: 获取 binance 价格失败: 'SystemLogger' object has no attribute 'debug']
2025-11-15 03:00:39 - 智能量化交易系统 - WARNING - [[系统事件] 收集 SOLUSDT 数据失败: 'SystemLogger' object has no attribute 'debug']
2025-11-15 03:00:39 - 智能量化交易系统 - INFO - [[系统事件] 收集了 0 个交易对的市场数据]
2025-11-15 03:00:39 - 智能量化交易系统 - INFO - [[系统事件] 策略执行完成，生成 2 个交易信号]
2025-11-15 03:00:40 - 智能量化交易系统 - WARNING - [[系统事件] ExchangeManager: 获取 binance 价格失败: 'SystemLogger' object has no attribute 'debug']
2025-11-15 03:00:40 - 智能量化交易系统 - WARNING - [[系统事件] 收集 BTCUSDT 数据失败: 'SystemLogger' object has no attribute 'debug']
2025-11-15 03:00:40 - 智能量化交易系统 - WARNING - [[系统事件] ExchangeManager: 获取 binance 价格失败: 'SystemLogger' object has no attribute 'debug']
2025-11-15 03:00:40 - 智能量化交易系统 - WARNING - [[系统事件] 收集 ETHUSDT 数据失败: 'SystemLogger' object has no attribute 'debug']
2025-11-15 03:00:40 - 智能量化交易系统 - WARNING - [[系统事件] ExchangeManager: 获取 binance 价格失败: 'SystemLogger' object has no attribute 'debug']
2025-11-15 03:00:40 - 智能量化交易系统 - WARNING - [[系统事件] 收集 ADAUSDT 数据失败: 'SystemLogger' object has no attribute 'debug']
2025-11-15 03:00:40 - 智能量化交易系统 - WARNING - [[系统事件] ExchangeManager: 获取 binance 价格失败: 'SystemLogger' object has no attribute 'debug']
2025-11-15 03:00:40 - 智能量化交易系统 - WARNING - [[系统事件] 收集 SOLUSDT 数据失败: 'SystemLogger' object has no attribute 'debug']
2025-11-15 03:00:40 - 智能量化交易系统 - INFO - [[系统事件] 收集了 0 个交易对的市场数据]
2025-11-15 03:00:40 - 智能量化交易系统 - INFO - [[系统事件] 策略执行完成，生成 1 个交易信号]
2025-11-15 03:00:41 - 智能量化交易系统 - WARNING - [[系统事件] ExchangeManager: 获取 binance 价格失败: 'SystemLogger' object has no attribute 'debug']
2025-11-15 03:00:41 - 智能量化交易系统 - WARNING - [[系统事件] 收集 BTCUSDT 数据失败: 'SystemLogger' object has no attribute 'debug']
2025-11-15 03:00:41 - 智能量化交易系统 - WARNING - [[系统事件] ExchangeManager: 获取 binance 价格失败: 'SystemLogger' object has no attribute 'debug']
2025-11-15 03:00:41 - 智能量化交易系统 - WARNING - [[系统事件] 收集 ETHUSDT 数据失败: 'SystemLogger' object has no attribute 'debug']
2025-11-15 03:00:41 - 智能量化交易系统 - WARNING - [[系统事件] ExchangeManager: 获取 binance 价格失败: 'SystemLogger' object has no attribute 'debug']
2025-11-15 03:00:41 - 智能量化交易系统 - WARNING - [[系统事件] 收集 ADAUSDT 数据失败: 'SystemLogger' object has no attribute 'debug']
2025-11-15 03:00:41 - 智能量化交易系统 - WARNING - [[系统事件] ExchangeManager: 获取 binance 价格失败: 'SystemLogger' object has no attribute 'debug']
2025-11-15 03:00:41 - 智能量化交易系统 - WARNING - [[系统事件] 收集 SOLUSDT 数据失败: 'SystemLogger' object has no attribute 'debug']
2025-11-15 03:00:41 - 智能量化交易系统 - INFO - [[系统事件] 收集了 0 个交易对的市场数据]
2025-11-15 03:00:41 - 智能量化交易系统 - INFO - [[系统事件] 策略执行完成，生成 1 个交易信号]
2025-11-15 03:00:42 - 智能量化交易系统 - WARNING - [[系统事件] ExchangeManager: 获取 binance 价格失败: 'SystemLogger' object has no attribute 'debug']
2025-11-15 03:00:42 - 智能量化交易系统 - WARNING - [[系统事件] 收集 BTCUSDT 数据失败: 'SystemLogger' object has no attribute 'debug']
2025-11-15 03:00:42 - 智能量化交易系统 - WARNING - [[系统事件] ExchangeManager: 获取 binance 价格失败: 'SystemLogger' object has no attribute 'debug']
2025-11-15 03:00:42 - 智能量化交易系统 - WARNING - [[系统事件] 收集 ETHUSDT 数据失败: 'SystemLogger' object has no attribute 'debug']
2025-11-15 03:00:42 - 智能量化交易系统 - WARNING - [[系统事件] ExchangeManager: 获取 binance 价格失败: 'SystemLogger' object has no attribute 'debug']
2025-11-15 03:00:42 - 智能量化交易系统 - WARNING - [[系统事件] 收集 ADAUSDT 数据失败: 'SystemLogger' object has no attribute 'debug']
2025-11-15 03:00:42 - 智能量化交易系统 - WARNING - [[系统事件] ExchangeManager: 获取 binance 价格失败: 'SystemLogger' object has no attribute 'debug']
2025-11-15 03:00:42 - 智能量化交易系统 - WARNING - [[系统事件] 收集 SOLUSDT 数据失败: 'SystemLogger' object has no attribute 'debug']
2025-11-15 03:00:42 - 智能量化交易系统 - INFO - [[系统事件] 收集了 0 个交易对的市场数据]
2025-11-15 03:00:42 - 智能量化交易系统 - INFO - [[系统事件] 策略执行完成，生成 2 个交易信号]
2025-11-15 03:00:43 - 智能量化交易系统 - WARNING - [[系统事件] ExchangeManager: 获取 binance 价格失败: 'SystemLogger' object has no attribute 'debug']
2025-11-15 03:00:43 - 智能量化交易系统 - WARNING - [[系统事件] 收集 BTCUSDT 数据失败: 'SystemLogger' object has no attribute 'debug']
2025-11-15 03:00:43 - 智能量化交易系统 - WARNING - [[系统事件] ExchangeManager: 获取 binance 价格失败: 'SystemLogger' object has no attribute 'debug']
2025-11-15 03:00:43 - 智能量化交易系统 - WARNING - [[系统事件] 收集 ETHUSDT 数据失败: 'SystemLogger' object has no attribute 'debug']
2025-11-15 03:00:43 - 智能量化交易系统 - WARNING - [[系统事件] ExchangeManager: 获取 binance 价格失败: 'SystemLogger' object has no attribute 'debug']
2025-11-15 03:00:43 - 智能量化交易系统 - WARNING - [[系统事件] 收集 ADAUSDT 数据失败: 'SystemLogger' object has no attribute 'debug']
2025-11-15 03:00:43 - 智能量化交易系统 - WARNING - [[系统事件] ExchangeManager: 获取 binance 价格失败: 'SystemLogger' object has no attribute 'debug']
2025-11-15 03:00:43 - 智能量化交易系统 - WARNING - [[系统事件] 收集 SOLUSDT 数据失败: 'SystemLogger' object has no attribute 'debug']
2025-11-15 03:00:43 - 智能量化交易系统 - INFO - [[系统事件] 收集了 0 个交易对的市场数据]
2025-11-15 03:00:43 - 智能量化交易系统 - INFO - [[系统事件] 策略执行完成，生成 1 个交易信号]
2025-11-15 03:00:44 - 智能量化交易系统 - WARNING - [[系统事件] ExchangeManager: 获取 binance 价格失败: 'SystemLogger' object has no attribute 'debug']
2025-11-15 03:00:44 - 智能量化交易系统 - WARNING - [[系统事件] 收集 BTCUSDT 数据失败: 'SystemLogger' object has no attribute 'debug']
2025-11-15 03:00:44 - 智能量化交易系统 - WARNING - [[系统事件] ExchangeManager: 获取 binance 价格失败: 'SystemLogger' object has no attribute 'debug']
2025-11-15 03:00:44 - 智能量化交易系统 - WARNING - [[系统事件] 收集 ETHUSDT 数据失败: 'SystemLogger' object has no attribute 'debug']
2025-11-15 03:00:44 - 智能量化交易系统 - WARNING - [[系统事件] ExchangeManager: 获取 binance 价格失败: 'SystemLogger' object has no attribute 'debug']
2025-11-15 03:00:44 - 智能量化交易系统 - WARNING - [[系统事件] 收集 ADAUSDT 数据失败: 'SystemLogger' object has no attribute 'debug']
2025-11-15 03:00:44 - 智能量化交易系统 - WARNING - [[系统事件] ExchangeManager: 获取 binance 价格失败: 'SystemLogger' object has no attribute 'debug']
2025-11-15 03:00:44 - 智能量化交易系统 - WARNING - [[系统事件] 收集 SOLUSDT 数据失败: 'SystemLogger' object has no attribute 'debug']
2025-11-15 03:00:44 - 智能量化交易系统 - INFO - [[系统事件] 收集了 0 个交易对的市场数据]
2025-11-15 03:00:44 - 智能量化交易系统 - INFO - [[系统事件] 策略执行完成，生成 1 个交易信号]
2025-11-15 03:00:44 - 智能量化交易系统 - INFO - [[系统事件] 接收到信号 2，正在关闭系统...]
2025-11-15 09:44:19 - 智能量化交易系统 - INFO - [[系统事件] 策略 moving_average 已注册]
2025-11-15 09:44:19 - 智能量化交易系统 - INFO - [[系统事件] 策略 rsi 已注册]
2025-11-15 09:44:19 - 智能量化交易系统 - INFO - [[系统事件] 已注册交易策略]
2025-11-15 09:44:19 - 智能量化交易系统 - INFO - [[系统事件] 智能交易系统 智能量化交易系统 v2.0.0 初始化完成]
2025-11-15 09:44:19 - 智能量化交易系统 - INFO - [[系统事件] 正在启动智能交易系统...]
2025-11-15 09:44:19 - 智能量化交易系统 - INFO - [[系统事件] 正在初始化交易所连接...]
2025-11-15 09:44:19 - 智能量化交易系统 - INFO - [[系统事件] 使用模拟交易配置]
2025-11-15 09:44:26 - 智能量化交易系统 - INFO - [[系统事件] 交易所 okx_paper 连接成功]
2025-11-15 09:44:26 - 智能量化交易系统 - INFO - [[系统事件] 智能交易系统启动完成]
2025-11-15 09:44:26 - 智能量化交易系统 - INFO - [[系统事件] 进入主交易循环]
2025-11-15 09:44:26 - 智能量化交易系统 - WARNING - [[系统事件] ExchangeManager: 获取 okx_paper 价格失败: 'SystemLogger' object has no attribute 'debug']
2025-11-15 09:44:26 - 智能量化交易系统 - WARNING - [[系统事件] 收集 BTCUSDT 数据失败: 'SystemLogger' object has no attribute 'debug']
2025-11-15 09:44:26 - 智能量化交易系统 - WARNING - [[系统事件] ExchangeManager: 获取 okx_paper 价格失败: 'SystemLogger' object has no attribute 'debug']
2025-11-15 09:44:26 - 智能量化交易系统 - WARNING - [[系统事件] 收集 ETHUSDT 数据失败: 'SystemLogger' object has no attribute 'debug']
2025-11-15 09:44:26 - 智能量化交易系统 - WARNING - [[系统事件] ExchangeManager: 获取 okx_paper 价格失败: 'SystemLogger' object has no attribute 'debug']
2025-11-15 09:44:26 - 智能量化交易系统 - WARNING - [[系统事件] 收集 ADAUSDT 数据失败: 'SystemLogger' object has no attribute 'debug']
2025-11-15 09:44:26 - 智能量化交易系统 - WARNING - [[系统事件] ExchangeManager: 获取 okx_paper 价格失败: 'SystemLogger' object has no attribute 'debug']
2025-11-15 09:44:26 - 智能量化交易系统 - WARNING - [[系统事件] 收集 SOLUSDT 数据失败: 'SystemLogger' object has no attribute 'debug']
2025-11-15 09:44:26 - 智能量化交易系统 - INFO - [[系统事件] 收集了 0 个交易对的市场数据]
2025-11-15 09:44:26 - 智能量化交易系统 - INFO - [[系统事件] 策略执行完成，生成 0 个交易信号]
2025-11-15 09:44:27 - 智能量化交易系统 - WARNING - [[系统事件] ExchangeManager: 获取 okx_paper 价格失败: 'SystemLogger' object has no attribute 'debug']
2025-11-15 09:44:27 - 智能量化交易系统 - WARNING - [[系统事件] 收集 BTCUSDT 数据失败: 'SystemLogger' object has no attribute 'debug']
2025-11-15 09:44:27 - 智能量化交易系统 - WARNING - [[系统事件] ExchangeManager: 获取 okx_paper 价格失败: 'SystemLogger' object has no attribute 'debug']
2025-11-15 09:44:27 - 智能量化交易系统 - WARNING - [[系统事件] 收集 ETHUSDT 数据失败: 'SystemLogger' object has no attribute 'debug']
2025-11-15 09:44:27 - 智能量化交易系统 - WARNING - [[系统事件] ExchangeManager: 获取 okx_paper 价格失败: 'SystemLogger' object has no attribute 'debug']
2025-11-15 09:44:27 - 智能量化交易系统 - WARNING - [[系统事件] 收集 ADAUSDT 数据失败: 'SystemLogger' object has no attribute 'debug']
2025-11-15 09:44:27 - 智能量化交易系统 - WARNING - [[系统事件] ExchangeManager: 获取 okx_paper 价格失败: 'SystemLogger' object has no attribute 'debug']
2025-11-15 09:44:27 - 智能量化交易系统 - WARNING - [[系统事件] 收集 SOLUSDT 数据失败: 'SystemLogger' object has no attribute 'debug']
2025-11-15 09:44:27 - 智能量化交易系统 - INFO - [[系统事件] 收集了 0 个交易对的市场数据]
2025-11-15 09:44:27 - 智能量化交易系统 - INFO - [[系统事件] 策略执行完成，生成 2 个交易信号]
2025-11-15 09:44:28 - 智能量化交易系统 - WARNING - [[系统事件] ExchangeManager: 获取 okx_paper 价格失败: 'SystemLogger' object has no attribute 'debug']
2025-11-15 09:44:28 - 智能量化交易系统 - WARNING - [[系统事件] 收集 BTCUSDT 数据失败: 'SystemLogger' object has no attribute 'debug']
2025-11-15 09:44:28 - 智能量化交易系统 - WARNING - [[系统事件] ExchangeManager: 获取 okx_paper 价格失败: 'SystemLogger' object has no attribute 'debug']
2025-11-15 09:44:28 - 智能量化交易系统 - WARNING - [[系统事件] 收集 ETHUSDT 数据失败: 'SystemLogger' object has no attribute 'debug']
2025-11-15 09:44:28 - 智能量化交易系统 - WARNING - [[系统事件] ExchangeManager: 获取 okx_paper 价格失败: 'SystemLogger' object has no attribute 'debug']
2025-11-15 09:44:28 - 智能量化交易系统 - WARNING - [[系统事件] 收集 ADAUSDT 数据失败: 'SystemLogger' object has no attribute 'debug']
2025-11-15 09:44:28 - 智能量化交易系统 - WARNING - [[系统事件] ExchangeManager: 获取 okx_paper 价格失败: 'SystemLogger' object has no attribute 'debug']
2025-11-15 09:44:28 - 智能量化交易系统 - WARNING - [[系统事件] 收集 SOLUSDT 数据失败: 'SystemLogger' object has no attribute 'debug']
2025-11-15 09:44:28 - 智能量化交易系统 - INFO - [[系统事件] 收集了 0 个交易对的市场数据]
2025-11-15 09:44:28 - 智能量化交易系统 - INFO - [[系统事件] 策略执行完成，生成 0 个交易信号]
2025-11-15 09:44:29 - 智能量化交易系统 - WARNING - [[系统事件] ExchangeManager: 获取 okx_paper 价格失败: 'SystemLogger' object has no attribute 'debug']
2025-11-15 09:44:29 - 智能量化交易系统 - WARNING - [[系统事件] 收集 BTCUSDT 数据失败: 'SystemLogger' object has no attribute 'debug']
2025-11-15 09:44:29 - 智能量化交易系统 - WARNING - [[系统事件] ExchangeManager: 获取 okx_paper 价格失败: 'SystemLogger' object has no attribute 'debug']
2025-11-15 09:44:29 - 智能量化交易系统 - WARNING - [[系统事件] 收集 ETHUSDT 数据失败: 'SystemLogger' object has no attribute 'debug']
2025-11-15 09:44:29 - 智能量化交易系统 - WARNING - [[系统事件] ExchangeManager: 获取 okx_paper 价格失败: 'SystemLogger' object has no attribute 'debug']
2025-11-15 09:44:29 - 智能量化交易系统 - WARNING - [[系统事件] 收集 ADAUSDT 数据失败: 'SystemLogger' object has no attribute 'debug']
2025-11-15 09:44:29 - 智能量化交易系统 - WARNING - [[系统事件] ExchangeManager: 获取 okx_paper 价格失败: 'SystemLogger' object has no attribute 'debug']
2025-11-15 09:44:29 - 智能量化交易系统 - WARNING - [[系统事件] 收集 SOLUSDT 数据失败: 'SystemLogger' object has no attribute 'debug']
2025-11-15 09:44:29 - 智能量化交易系统 - INFO - [[系统事件] 收集了 0 个交易对的市场数据]
2025-11-15 09:44:29 - 智能量化交易系统 - INFO - [[系统事件] 策略执行完成，生成 0 个交易信号]
2025-11-15 09:44:30 - 智能量化交易系统 - WARNING - [[系统事件] ExchangeManager: 获取 okx_paper 价格失败: 'SystemLogger' object has no attribute 'debug']
2025-11-15 09:44:30 - 智能量化交易系统 - WARNING - [[系统事件] 收集 BTCUSDT 数据失败: 'SystemLogger' object has no attribute 'debug']
2025-11-15 09:44:30 - 智能量化交易系统 - WARNING - [[系统事件] ExchangeManager: 获取 okx_paper 价格失败: 'SystemLogger' object has no attribute 'debug']
2025-11-15 09:44:30 - 智能量化交易系统 - WARNING - [[系统事件] 收集 ETHUSDT 数据失败: 'SystemLogger' object has no attribute 'debug']
2025-11-15 09:44:30 - 智能量化交易系统 - WARNING - [[系统事件] ExchangeManager: 获取 okx_paper 价格失败: 'SystemLogger' object has no attribute 'debug']
2025-11-15 09:44:30 - 智能量化交易系统 - WARNING - [[系统事件] 收集 ADAUSDT 数据失败: 'SystemLogger' object has no attribute 'debug']
2025-11-15 09:44:30 - 智能量化交易系统 - WARNING - [[系统事件] ExchangeManager: 获取 okx_paper 价格失败: 'SystemLogger' object has no attribute 'debug']
2025-11-15 09:44:30 - 智能量化交易系统 - WARNING - [[系统事件] 收集 SOLUSDT 数据失败: 'SystemLogger' object has no attribute 'debug']
2025-11-15 09:44:30 - 智能量化交易系统 - INFO - [[系统事件] 收集了 0 个交易对的市场数据]
2025-11-15 09:44:30 - 智能量化交易系统 - INFO - [[系统事件] 策略执行完成，生成 1 个交易信号]
2025-11-15 09:44:31 - 智能量化交易系统 - WARNING - [[系统事件] ExchangeManager: 获取 okx_paper 价格失败: 'SystemLogger' object has no attribute 'debug']
2025-11-15 09:44:31 - 智能量化交易系统 - WARNING - [[系统事件] 收集 BTCUSDT 数据失败: 'SystemLogger' object has no attribute 'debug']
2025-11-15 09:44:31 - 智能量化交易系统 - WARNING - [[系统事件] ExchangeManager: 获取 okx_paper 价格失败: 'SystemLogger' object has no attribute 'debug']
2025-11-15 09:44:31 - 智能量化交易系统 - WARNING - [[系统事件] 收集 ETHUSDT 数据失败: 'SystemLogger' object has no attribute 'debug']
2025-11-15 09:44:31 - 智能量化交易系统 - WARNING - [[系统事件] ExchangeManager: 获取 okx_paper 价格失败: 'SystemLogger' object has no attribute 'debug']
2025-11-15 09:44:31 - 智能量化交易系统 - WARNING - [[系统事件] 收集 ADAUSDT 数据失败: 'SystemLogger' object has no attribute 'debug']
2025-11-15 09:44:31 - 智能量化交易系统 - WARNING - [[系统事件] ExchangeManager: 获取 okx_paper 价格失败: 'SystemLogger' object has no attribute 'debug']
2025-11-15 09:44:31 - 智能量化交易系统 - WARNING - [[系统事件] 收集 SOLUSDT 数据失败: 'SystemLogger' object has no attribute 'debug']
2025-11-15 09:44:31 - 智能量化交易系统 - INFO - [[系统事件] 收集了 0 个交易对的市场数据]
2025-11-15 09:44:31 - 智能量化交易系统 - INFO - [[系统事件] 策略执行完成，生成 1 个交易信号]
2025-11-15 09:44:32 - 智能量化交易系统 - WARNING - [[系统事件] ExchangeManager: 获取 okx_paper 价格失败: 'SystemLogger' object has no attribute 'debug']
2025-11-15 09:44:32 - 智能量化交易系统 - WARNING - [[系统事件] 收集 BTCUSDT 数据失败: 'SystemLogger' object has no attribute 'debug']
2025-11-15 09:44:32 - 智能量化交易系统 - WARNING - [[系统事件] ExchangeManager: 获取 okx_paper 价格失败: 'SystemLogger' object has no attribute 'debug']
2025-11-15 09:44:32 - 智能量化交易系统 - WARNING - [[系统事件] 收集 ETHUSDT 数据失败: 'SystemLogger' object has no attribute 'debug']
2025-11-15 09:44:32 - 智能量化交易系统 - WARNING - [[系统事件] ExchangeManager: 获取 okx_paper 价格失败: 'SystemLogger' object has no attribute 'debug']
2025-11-15 09:44:32 - 智能量化交易系统 - WARNING - [[系统事件] 收集 ADAUSDT 数据失败: 'SystemLogger' object has no attribute 'debug']
2025-11-15 09:44:32 - 智能量化交易系统 - WARNING - [[系统事件] ExchangeManager: 获取 okx_paper 价格失败: 'SystemLogger' object has no attribute 'debug']
2025-11-15 09:44:32 - 智能量化交易系统 - WARNING - [[系统事件] 收集 SOLUSDT 数据失败: 'SystemLogger' object has no attribute 'debug']
2025-11-15 09:44:32 - 智能量化交易系统 - INFO - [[系统事件] 收集了 0 个交易对的市场数据]
2025-11-15 09:44:32 - 智能量化交易系统 - INFO - [[系统事件] 策略执行完成，生成 3 个交易信号]
2025-11-15 09:44:33 - 智能量化交易系统 - WARNING - [[系统事件] ExchangeManager: 获取 okx_paper 价格失败: 'SystemLogger' object has no attribute 'debug']
2025-11-15 09:44:33 - 智能量化交易系统 - WARNING - [[系统事件] 收集 BTCUSDT 数据失败: 'SystemLogger' object has no attribute 'debug']
2025-11-15 09:44:33 - 智能量化交易系统 - WARNING - [[系统事件] ExchangeManager: 获取 okx_paper 价格失败: 'SystemLogger' object has no attribute 'debug']
2025-11-15 09:44:33 - 智能量化交易系统 - WARNING - [[系统事件] 收集 ETHUSDT 数据失败: 'SystemLogger' object has no attribute 'debug']
2025-11-15 09:44:33 - 智能量化交易系统 - WARNING - [[系统事件] ExchangeManager: 获取 okx_paper 价格失败: 'SystemLogger' object has no attribute 'debug']
2025-11-15 09:44:33 - 智能量化交易系统 - WARNING - [[系统事件] 收集 ADAUSDT 数据失败: 'SystemLogger' object has no attribute 'debug']
2025-11-15 09:44:33 - 智能量化交易系统 - WARNING - [[系统事件] ExchangeManager: 获取 okx_paper 价格失败: 'SystemLogger' object has no attribute 'debug']
2025-11-15 09:44:33 - 智能量化交易系统 - WARNING - [[系统事件] 收集 SOLUSDT 数据失败: 'SystemLogger' object has no attribute 'debug']
2025-11-15 09:44:33 - 智能量化交易系统 - INFO - [[系统事件] 收集了 0 个交易对的市场数据]
2025-11-15 09:44:33 - 智能量化交易系统 - INFO - [[系统事件] 策略执行完成，生成 0 个交易信号]
2025-11-15 09:44:33 - 智能量化交易系统 - INFO - [[订单事件] {'order_id': '', 'symbol': 'ADAUSDT', 'side': 'BUY', 'quantity': 10, 'type': 'MARKET', 'exchange': 'okx_paper'}]
2025-11-15 09:44:34 - 智能量化交易系统 - WARNING - [[系统事件] ExchangeManager: 获取 okx_paper 价格失败: 'SystemLogger' object has no attribute 'debug']
2025-11-15 09:44:34 - 智能量化交易系统 - WARNING - [[系统事件] 收集 BTCUSDT 数据失败: 'SystemLogger' object has no attribute 'debug']
2025-11-15 09:44:34 - 智能量化交易系统 - WARNING - [[系统事件] ExchangeManager: 获取 okx_paper 价格失败: 'SystemLogger' object has no attribute 'debug']
2025-11-15 09:44:34 - 智能量化交易系统 - WARNING - [[系统事件] 收集 ETHUSDT 数据失败: 'SystemLogger' object has no attribute 'debug']
2025-11-15 09:44:34 - 智能量化交易系统 - WARNING - [[系统事件] ExchangeManager: 获取 okx_paper 价格失败: 'SystemLogger' object has no attribute 'debug']
2025-11-15 09:44:34 - 智能量化交易系统 - WARNING - [[系统事件] 收集 ADAUSDT 数据失败: 'SystemLogger' object has no attribute 'debug']
2025-11-15 09:44:34 - 智能量化交易系统 - WARNING - [[系统事件] ExchangeManager: 获取 okx_paper 价格失败: 'SystemLogger' object has no attribute 'debug']
2025-11-15 09:44:34 - 智能量化交易系统 - WARNING - [[系统事件] 收集 SOLUSDT 数据失败: 'SystemLogger' object has no attribute 'debug']
2025-11-15 09:44:34 - 智能量化交易系统 - INFO - [[系统事件] 收集了 0 个交易对的市场数据]
2025-11-15 09:44:34 - 智能量化交易系统 - INFO - [[系统事件] 策略执行完成，生成 0 个交易信号]
2025-11-15 09:44:35 - 智能量化交易系统 - WARNING - [[系统事件] ExchangeManager: 获取 okx_paper 价格失败: 'SystemLogger' object has no attribute 'debug']
2025-11-15 09:44:35 - 智能量化交易系统 - WARNING - [[系统事件] 收集 BTCUSDT 数据失败: 'SystemLogger' object has no attribute 'debug']
2025-11-15 09:44:35 - 智能量化交易系统 - WARNING - [[系统事件] ExchangeManager: 获取 okx_paper 价格失败: 'SystemLogger' object has no attribute 'debug']
2025-11-15 09:44:35 - 智能量化交易系统 - WARNING - [[系统事件] 收集 ETHUSDT 数据失败: 'SystemLogger' object has no attribute 'debug']
2025-11-15 09:44:35 - 智能量化交易系统 - WARNING - [[系统事件] ExchangeManager: 获取 okx_paper 价格失败: 'SystemLogger' object has no attribute 'debug']
2025-11-15 09:44:35 - 智能量化交易系统 - WARNING - [[系统事件] 收集 ADAUSDT 数据失败: 'SystemLogger' object has no attribute 'debug']
2025-11-15 09:44:35 - 智能量化交易系统 - WARNING - [[系统事件] ExchangeManager: 获取 okx_paper 价格失败: 'SystemLogger' object has no attribute 'debug']
2025-11-15 09:44:35 - 智能量化交易系统 - WARNING - [[系统事件] 收集 SOLUSDT 数据失败: 'SystemLogger' object has no attribute 'debug']
2025-11-15 09:44:35 - 智能量化交易系统 - INFO - [[系统事件] 收集了 0 个交易对的市场数据]
2025-11-15 09:44:35 - 智能量化交易系统 - INFO - [[系统事件] 策略执行完成，生成 2 个交易信号]
2025-11-15 09:44:36 - 智能量化交易系统 - WARNING - [[系统事件] ExchangeManager: 获取 okx_paper 价格失败: 'SystemLogger' object has no attribute 'debug']
2025-11-15 09:44:36 - 智能量化交易系统 - WARNING - [[系统事件] 收集 BTCUSDT 数据失败: 'SystemLogger' object has no attribute 'debug']
2025-11-15 09:44:36 - 智能量化交易系统 - WARNING - [[系统事件] ExchangeManager: 获取 okx_paper 价格失败: 'SystemLogger' object has no attribute 'debug']
2025-11-15 09:44:36 - 智能量化交易系统 - WARNING - [[系统事件] 收集 ETHUSDT 数据失败: 'SystemLogger' object has no attribute 'debug']
2025-11-15 09:44:36 - 智能量化交易系统 - WARNING - [[系统事件] ExchangeManager: 获取 okx_paper 价格失败: 'SystemLogger' object has no attribute 'debug']
2025-11-15 09:44:36 - 智能量化交易系统 - WARNING - [[系统事件] 收集 ADAUSDT 数据失败: 'SystemLogger' object has no attribute 'debug']
2025-11-15 09:44:36 - 智能量化交易系统 - WARNING - [[系统事件] ExchangeManager: 获取 okx_paper 价格失败: 'SystemLogger' object has no attribute 'debug']
2025-11-15 09:44:36 - 智能量化交易系统 - WARNING - [[系统事件] 收集 SOLUSDT 数据失败: 'SystemLogger' object has no attribute 'debug']
2025-11-15 09:44:36 - 智能量化交易系统 - INFO - [[系统事件] 收集了 0 个交易对的市场数据]
2025-11-15 09:44:36 - 智能量化交易系统 - INFO - [[系统事件] 策略执行完成，生成 2 个交易信号]
2025-11-15 09:44:37 - 智能量化交易系统 - WARNING - [[系统事件] ExchangeManager: 获取 okx_paper 价格失败: 'SystemLogger' object has no attribute 'debug']
2025-11-15 09:44:37 - 智能量化交易系统 - WARNING - [[系统事件] 收集 BTCUSDT 数据失败: 'SystemLogger' object has no attribute 'debug']
2025-11-15 09:44:37 - 智能量化交易系统 - WARNING - [[系统事件] ExchangeManager: 获取 okx_paper 价格失败: 'SystemLogger' object has no attribute 'debug']
2025-11-15 09:44:37 - 智能量化交易系统 - WARNING - [[系统事件] 收集 ETHUSDT 数据失败: 'SystemLogger' object has no attribute 'debug']
2025-11-15 09:44:37 - 智能量化交易系统 - WARNING - [[系统事件] ExchangeManager: 获取 okx_paper 价格失败: 'SystemLogger' object has no attribute 'debug']
2025-11-15 09:44:37 - 智能量化交易系统 - WARNING - [[系统事件] 收集 ADAUSDT 数据失败: 'SystemLogger' object has no attribute 'debug']
2025-11-15 09:44:37 - 智能量化交易系统 - WARNING - [[系统事件] ExchangeManager: 获取 okx_paper 价格失败: 'SystemLogger' object has no attribute 'debug']
2025-11-15 09:44:37 - 智能量化交易系统 - WARNING - [[系统事件] 收集 SOLUSDT 数据失败: 'SystemLogger' object has no attribute 'debug']
2025-11-15 09:44:37 - 智能量化交易系统 - INFO - [[系统事件] 收集了 0 个交易对的市场数据]
2025-11-15 09:44:37 - 智能量化交易系统 - INFO - [[系统事件] 策略执行完成，生成 2 个交易信号]
2025-11-15 09:44:38 - 智能量化交易系统 - WARNING - [[系统事件] ExchangeManager: 获取 okx_paper 价格失败: 'SystemLogger' object has no attribute 'debug']
2025-11-15 09:44:38 - 智能量化交易系统 - WARNING - [[系统事件] 收集 BTCUSDT 数据失败: 'SystemLogger' object has no attribute 'debug']
2025-11-15 09:44:38 - 智能量化交易系统 - WARNING - [[系统事件] ExchangeManager: 获取 okx_paper 价格失败: 'SystemLogger' object has no attribute 'debug']
2025-11-15 09:44:38 - 智能量化交易系统 - WARNING - [[系统事件] 收集 ETHUSDT 数据失败: 'SystemLogger' object has no attribute 'debug']
2025-11-15 09:44:38 - 智能量化交易系统 - WARNING - [[系统事件] ExchangeManager: 获取 okx_paper 价格失败: 'SystemLogger' object has no attribute 'debug']
2025-11-15 09:44:38 - 智能量化交易系统 - WARNING - [[系统事件] 收集 ADAUSDT 数据失败: 'SystemLogger' object has no attribute 'debug']
2025-11-15 09:44:38 - 智能量化交易系统 - WARNING - [[系统事件] ExchangeManager: 获取 okx_paper 价格失败: 'SystemLogger' object has no attribute 'debug']
2025-11-15 09:44:38 - 智能量化交易系统 - WARNING - [[系统事件] 收集 SOLUSDT 数据失败: 'SystemLogger' object has no attribute 'debug']
2025-11-15 09:44:38 - 智能量化交易系统 - INFO - [[系统事件] 收集了 0 个交易对的市场数据]
2025-11-15 09:44:38 - 智能量化交易系统 - INFO - [[系统事件] 策略执行完成，生成 0 个交易信号]
2025-11-15 09:44:39 - 智能量化交易系统 - WARNING - [[系统事件] ExchangeManager: 获取 okx_paper 价格失败: 'SystemLogger' object has no attribute 'debug']
2025-11-15 09:44:39 - 智能量化交易系统 - WARNING - [[系统事件] 收集 BTCUSDT 数据失败: 'SystemLogger' object has no attribute 'debug']
2025-11-15 09:44:39 - 智能量化交易系统 - WARNING - [[系统事件] ExchangeManager: 获取 okx_paper 价格失败: 'SystemLogger' object has no attribute 'debug']
2025-11-15 09:44:39 - 智能量化交易系统 - WARNING - [[系统事件] 收集 ETHUSDT 数据失败: 'SystemLogger' object has no attribute 'debug']
2025-11-15 09:44:39 - 智能量化交易系统 - WARNING - [[系统事件] ExchangeManager: 获取 okx_paper 价格失败: 'SystemLogger' object has no attribute 'debug']
2025-11-15 09:44:39 - 智能量化交易系统 - WARNING - [[系统事件] 收集 ADAUSDT 数据失败: 'SystemLogger' object has no attribute 'debug']
2025-11-15 09:44:39 - 智能量化交易系统 - WARNING - [[系统事件] ExchangeManager: 获取 okx_paper 价格失败: 'SystemLogger' object has no attribute 'debug']
2025-11-15 09:44:39 - 智能量化交易系统 - WARNING - [[系统事件] 收集 SOLUSDT 数据失败: 'SystemLogger' object has no attribute 'debug']
2025-11-15 09:44:39 - 智能量化交易系统 - INFO - [[系统事件] 收集了 0 个交易对的市场数据]
2025-11-15 09:44:39 - 智能量化交易系统 - INFO - [[系统事件] 策略执行完成，生成 2 个交易信号]
2025-11-15 09:44:39 - 智能量化交易系统 - INFO - [[系统事件] 交易结果: 策略 rsi 盈亏 -33.64]
2025-11-15 09:44:39 - 智能量化交易系统 - INFO - [[系统事件] 性能分析完成：2 个优化建议]
2025-11-15 09:44:39 - 智能量化交易系统 - INFO - [[系统事件] 应用优化: {'type': 'strategy_tuning', 'parameter': 'entry_threshold', 'action': 'increase', 'reason': '胜率过低，调整入场阈值'}]
2025-11-15 09:44:39 - 智能量化交易系统 - INFO - [[系统事件] 应用优化: {'type': 'strategy_selection', 'action': 'deactivate', 'reason': '平均收益为负，暂停此策略'}]
2025-11-15 09:44:39 - 智能量化交易系统 - INFO - [[系统事件] 应用 2 个优化建议]
2025-11-15 09:44:39 - 智能量化交易系统 - INFO - [[系统事件] 应用 2 个优化建议]
2025-11-15 09:44:40 - 智能量化交易系统 - WARNING - [[系统事件] ExchangeManager: 获取 okx_paper 价格失败: 'SystemLogger' object has no attribute 'debug']
2025-11-15 09:44:40 - 智能量化交易系统 - WARNING - [[系统事件] 收集 BTCUSDT 数据失败: 'SystemLogger' object has no attribute 'debug']
2025-11-15 09:44:40 - 智能量化交易系统 - WARNING - [[系统事件] ExchangeManager: 获取 okx_paper 价格失败: 'SystemLogger' object has no attribute 'debug']
2025-11-15 09:44:40 - 智能量化交易系统 - WARNING - [[系统事件] 收集 ETHUSDT 数据失败: 'SystemLogger' object has no attribute 'debug']
2025-11-15 09:44:40 - 智能量化交易系统 - WARNING - [[系统事件] ExchangeManager: 获取 okx_paper 价格失败: 'SystemLogger' object has no attribute 'debug']
2025-11-15 09:44:40 - 智能量化交易系统 - WARNING - [[系统事件] 收集 ADAUSDT 数据失败: 'SystemLogger' object has no attribute 'debug']
2025-11-15 09:44:40 - 智能量化交易系统 - WARNING - [[系统事件] ExchangeManager: 获取 okx_paper 价格失败: 'SystemLogger' object has no attribute 'debug']
2025-11-15 09:44:40 - 智能量化交易系统 - WARNING - [[系统事件] 收集 SOLUSDT 数据失败: 'SystemLogger' object has no attribute 'debug']
2025-11-15 09:44:40 - 智能量化交易系统 - INFO - [[系统事件] 收集了 0 个交易对的市场数据]
2025-11-15 09:44:40 - 智能量化交易系统 - INFO - [[系统事件] 策略执行完成，生成 0 个交易信号]
2025-11-15 09:44:40 - 智能量化交易系统 - INFO - [[系统事件] 交易结果: 策略 moving_average 盈亏 24.01]
2025-11-15 09:44:40 - 智能量化交易系统 - INFO - [[系统事件] 性能分析完成：1 个优化建议]
2025-11-15 09:44:40 - 智能量化交易系统 - INFO - [[系统事件] 应用优化: {'type': 'strategy_selection', 'action': 'deactivate', 'reason': '平均收益为负，暂停此策略'}]
2025-11-15 09:44:40 - 智能量化交易系统 - INFO - [[系统事件] 应用 1 个优化建议]
2025-11-15 09:44:40 - 智能量化交易系统 - INFO - [[系统事件] 应用 1 个优化建议]
2025-11-15 09:44:41 - 智能量化交易系统 - WARNING - [[系统事件] ExchangeManager: 获取 okx_paper 价格失败: 'SystemLogger' object has no attribute 'debug']
2025-11-15 09:44:41 - 智能量化交易系统 - WARNING - [[系统事件] 收集 BTCUSDT 数据失败: 'SystemLogger' object has no attribute 'debug']
2025-11-15 09:44:41 - 智能量化交易系统 - WARNING - [[系统事件] ExchangeManager: 获取 okx_paper 价格失败: 'SystemLogger' object has no attribute 'debug']
2025-11-15 09:44:41 - 智能量化交易系统 - WARNING - [[系统事件] 收集 ETHUSDT 数据失败: 'SystemLogger' object has no attribute 'debug']
2025-11-15 09:44:41 - 智能量化交易系统 - WARNING - [[系统事件] ExchangeManager: 获取 okx_paper 价格失败: 'SystemLogger' object has no attribute 'debug']
2025-11-15 09:44:41 - 智能量化交易系统 - WARNING - [[系统事件] 收集 ADAUSDT 数据失败: 'SystemLogger' object has no attribute 'debug']
2025-11-15 09:44:41 - 智能量化交易系统 - WARNING - [[系统事件] ExchangeManager: 获取 okx_paper 价格失败: 'SystemLogger' object has no attribute 'debug']
2025-11-15 09:44:41 - 智能量化交易系统 - WARNING - [[系统事件] 收集 SOLUSDT 数据失败: 'SystemLogger' object has no attribute 'debug']
2025-11-15 09:44:41 - 智能量化交易系统 - INFO - [[系统事件] 收集了 0 个交易对的市场数据]
2025-11-15 09:44:41 - 智能量化交易系统 - INFO - [[系统事件] 策略执行完成，生成 1 个交易信号]
2025-11-15 09:44:41 - 智能量化交易系统 - INFO - [[系统事件] 性能分析完成：1 个优化建议]
2025-11-15 09:44:41 - 智能量化交易系统 - INFO - [[系统事件] 应用优化: {'type': 'strategy_selection', 'action': 'deactivate', 'reason': '平均收益为负，暂停此策略'}]
2025-11-15 09:44:41 - 智能量化交易系统 - INFO - [[系统事件] 应用 1 个优化建议]
2025-11-15 09:44:41 - 智能量化交易系统 - INFO - [[系统事件] 应用 1 个优化建议]
2025-11-15 09:44:42 - 智能量化交易系统 - WARNING - [[系统事件] ExchangeManager: 获取 okx_paper 价格失败: 'SystemLogger' object has no attribute 'debug']
2025-11-15 09:44:42 - 智能量化交易系统 - WARNING - [[系统事件] 收集 BTCUSDT 数据失败: 'SystemLogger' object has no attribute 'debug']
2025-11-15 09:44:42 - 智能量化交易系统 - WARNING - [[系统事件] ExchangeManager: 获取 okx_paper 价格失败: 'SystemLogger' object has no attribute 'debug']
2025-11-15 09:44:42 - 智能量化交易系统 - WARNING - [[系统事件] 收集 ETHUSDT 数据失败: 'SystemLogger' object has no attribute 'debug']
2025-11-15 09:44:42 - 智能量化交易系统 - WARNING - [[系统事件] ExchangeManager: 获取 okx_paper 价格失败: 'SystemLogger' object has no attribute 'debug']
2025-11-15 09:44:42 - 智能量化交易系统 - WARNING - [[系统事件] 收集 ADAUSDT 数据失败: 'SystemLogger' object has no attribute 'debug']
2025-11-15 09:44:42 - 智能量化交易系统 - WARNING - [[系统事件] ExchangeManager: 获取 okx_paper 价格失败: 'SystemLogger' object has no attribute 'debug']
2025-11-15 09:44:42 - 智能量化交易系统 - WARNING - [[系统事件] 收集 SOLUSDT 数据失败: 'SystemLogger' object has no attribute 'debug']
2025-11-15 09:44:42 - 智能量化交易系统 - INFO - [[系统事件] 收集了 0 个交易对的市场数据]
2025-11-15 09:44:42 - 智能量化交易系统 - INFO - [[系统事件] 策略执行完成，生成 3 个交易信号]
2025-11-15 09:44:42 - 智能量化交易系统 - INFO - [[系统事件] 性能分析完成：1 个优化建议]
2025-11-15 09:44:42 - 智能量化交易系统 - INFO - [[系统事件] 应用优化: {'type': 'strategy_selection', 'action': 'deactivate', 'reason': '平均收益为负，暂停此策略'}]
2025-11-15 09:44:42 - 智能量化交易系统 - INFO - [[系统事件] 应用 1 个优化建议]
2025-11-15 09:44:42 - 智能量化交易系统 - INFO - [[系统事件] 应用 1 个优化建议]
2025-11-15 09:44:43 - 智能量化交易系统 - WARNING - [[系统事件] ExchangeManager: 获取 okx_paper 价格失败: 'SystemLogger' object has no attribute 'debug']
2025-11-15 09:44:43 - 智能量化交易系统 - WARNING - [[系统事件] 收集 BTCUSDT 数据失败: 'SystemLogger' object has no attribute 'debug']
2025-11-15 09:44:43 - 智能量化交易系统 - WARNING - [[系统事件] ExchangeManager: 获取 okx_paper 价格失败: 'SystemLogger' object has no attribute 'debug']
2025-11-15 09:44:43 - 智能量化交易系统 - WARNING - [[系统事件] 收集 ETHUSDT 数据失败: 'SystemLogger' object has no attribute 'debug']
2025-11-15 09:44:43 - 智能量化交易系统 - WARNING - [[系统事件] ExchangeManager: 获取 okx_paper 价格失败: 'SystemLogger' object has no attribute 'debug']
2025-11-15 09:44:43 - 智能量化交易系统 - WARNING - [[系统事件] 收集 ADAUSDT 数据失败: 'SystemLogger' object has no attribute 'debug']
2025-11-15 09:44:43 - 智能量化交易系统 - WARNING - [[系统事件] ExchangeManager: 获取 okx_paper 价格失败: 'SystemLogger' object has no attribute 'debug']
2025-11-15 09:44:43 - 智能量化交易系统 - WARNING - [[系统事件] 收集 SOLUSDT 数据失败: 'SystemLogger' object has no attribute 'debug']
2025-11-15 09:44:43 - 智能量化交易系统 - INFO - [[系统事件] 收集了 0 个交易对的市场数据]
2025-11-15 09:44:43 - 智能量化交易系统 - INFO - [[系统事件] 策略执行完成，生成 1 个交易信号]
2025-11-15 09:44:43 - 智能量化交易系统 - INFO - [[系统事件] 性能分析完成：1 个优化建议]
2025-11-15 09:44:43 - 智能量化交易系统 - INFO - [[系统事件] 应用优化: {'type': 'strategy_selection', 'action': 'deactivate', 'reason': '平均收益为负，暂停此策略'}]
2025-11-15 09:44:43 - 智能量化交易系统 - INFO - [[系统事件] 应用 1 个优化建议]
2025-11-15 09:44:43 - 智能量化交易系统 - INFO - [[系统事件] 应用 1 个优化建议]
2025-11-15 09:44:44 - 智能量化交易系统 - WARNING - [[系统事件] ExchangeManager: 获取 okx_paper 价格失败: 'SystemLogger' object has no attribute 'debug']
2025-11-15 09:44:44 - 智能量化交易系统 - WARNING - [[系统事件] 收集 BTCUSDT 数据失败: 'SystemLogger' object has no attribute 'debug']
2025-11-15 09:44:44 - 智能量化交易系统 - WARNING - [[系统事件] ExchangeManager: 获取 okx_paper 价格失败: 'SystemLogger' object has no attribute 'debug']
2025-11-15 09:44:44 - 智能量化交易系统 - WARNING - [[系统事件] 收集 ETHUSDT 数据失败: 'SystemLogger' object has no attribute 'debug']
2025-11-15 09:44:44 - 智能量化交易系统 - WARNING - [[系统事件] ExchangeManager: 获取 okx_paper 价格失败: 'SystemLogger' object has no attribute 'debug']
2025-11-15 09:44:44 - 智能量化交易系统 - WARNING - [[系统事件] 收集 ADAUSDT 数据失败: 'SystemLogger' object has no attribute 'debug']
2025-11-15 09:44:44 - 智能量化交易系统 - WARNING - [[系统事件] ExchangeManager: 获取 okx_paper 价格失败: 'SystemLogger' object has no attribute 'debug']
2025-11-15 09:44:44 - 智能量化交易系统 - WARNING - [[系统事件] 收集 SOLUSDT 数据失败: 'SystemLogger' object has no attribute 'debug']
2025-11-15 09:44:44 - 智能量化交易系统 - INFO - [[系统事件] 收集了 0 个交易对的市场数据]
2025-11-15 09:44:44 - 智能量化交易系统 - INFO - [[系统事件] 策略执行完成，生成 1 个交易信号]
2025-11-15 09:44:44 - 智能量化交易系统 - INFO - [[系统事件] 性能分析完成：1 个优化建议]
2025-11-15 09:44:44 - 智能量化交易系统 - INFO - [[系统事件] 应用优化: {'type': 'strategy_selection', 'action': 'deactivate', 'reason': '平均收益为负，暂停此策略'}]
2025-11-15 09:44:44 - 智能量化交易系统 - INFO - [[系统事件] 应用 1 个优化建议]
2025-11-15 09:44:44 - 智能量化交易系统 - INFO - [[系统事件] 应用 1 个优化建议]
2025-11-15 09:44:45 - 智能量化交易系统 - WARNING - [[系统事件] ExchangeManager: 获取 okx_paper 价格失败: 'SystemLogger' object has no attribute 'debug']
2025-11-15 09:44:45 - 智能量化交易系统 - WARNING - [[系统事件] 收集 BTCUSDT 数据失败: 'SystemLogger' object has no attribute 'debug']
2025-11-15 09:44:45 - 智能量化交易系统 - WARNING - [[系统事件] ExchangeManager: 获取 okx_paper 价格失败: 'SystemLogger' object has no attribute 'debug']
2025-11-15 09:44:45 - 智能量化交易系统 - WARNING - [[系统事件] 收集 ETHUSDT 数据失败: 'SystemLogger' object has no attribute 'debug']
2025-11-15 09:44:45 - 智能量化交易系统 - WARNING - [[系统事件] ExchangeManager: 获取 okx_paper 价格失败: 'SystemLogger' object has no attribute 'debug']
2025-11-15 09:44:45 - 智能量化交易系统 - WARNING - [[系统事件] 收集 ADAUSDT 数据失败: 'SystemLogger' object has no attribute 'debug']
2025-11-15 09:44:45 - 智能量化交易系统 - WARNING - [[系统事件] ExchangeManager: 获取 okx_paper 价格失败: 'SystemLogger' object has no attribute 'debug']
2025-11-15 09:44:45 - 智能量化交易系统 - WARNING - [[系统事件] 收集 SOLUSDT 数据失败: 'SystemLogger' object has no attribute 'debug']
2025-11-15 09:44:45 - 智能量化交易系统 - INFO - [[系统事件] 收集了 0 个交易对的市场数据]
2025-11-15 09:44:45 - 智能量化交易系统 - INFO - [[系统事件] 策略执行完成，生成 0 个交易信号]
2025-11-15 09:44:45 - 智能量化交易系统 - INFO - [[系统事件] 性能分析完成：1 个优化建议]
2025-11-15 09:44:45 - 智能量化交易系统 - INFO - [[系统事件] 应用优化: {'type': 'strategy_selection', 'action': 'deactivate', 'reason': '平均收益为负，暂停此策略'}]
2025-11-15 09:44:45 - 智能量化交易系统 - INFO - [[系统事件] 应用 1 个优化建议]
2025-11-15 09:44:45 - 智能量化交易系统 - INFO - [[系统事件] 应用 1 个优化建议]
2025-11-15 09:44:46 - 智能量化交易系统 - WARNING - [[系统事件] ExchangeManager: 获取 okx_paper 价格失败: 'SystemLogger' object has no attribute 'debug']
2025-11-15 09:44:46 - 智能量化交易系统 - WARNING - [[系统事件] 收集 BTCUSDT 数据失败: 'SystemLogger' object has no attribute 'debug']
2025-11-15 09:44:46 - 智能量化交易系统 - WARNING - [[系统事件] ExchangeManager: 获取 okx_paper 价格失败: 'SystemLogger' object has no attribute 'debug']
2025-11-15 09:44:46 - 智能量化交易系统 - WARNING - [[系统事件] 收集 ETHUSDT 数据失败: 'SystemLogger' object has no attribute 'debug']
2025-11-15 09:44:46 - 智能量化交易系统 - WARNING - [[系统事件] ExchangeManager: 获取 okx_paper 价格失败: 'SystemLogger' object has no attribute 'debug']
2025-11-15 09:44:46 - 智能量化交易系统 - WARNING - [[系统事件] 收集 ADAUSDT 数据失败: 'SystemLogger' object has no attribute 'debug']
2025-11-15 09:44:46 - 智能量化交易系统 - WARNING - [[系统事件] ExchangeManager: 获取 okx_paper 价格失败: 'SystemLogger' object has no attribute 'debug']
2025-11-15 09:44:46 - 智能量化交易系统 - WARNING - [[系统事件] 收集 SOLUSDT 数据失败: 'SystemLogger' object has no attribute 'debug']
2025-11-15 09:44:46 - 智能量化交易系统 - INFO - [[系统事件] 收集了 0 个交易对的市场数据]
2025-11-15 09:44:46 - 智能量化交易系统 - INFO - [[系统事件] 策略执行完成，生成 1 个交易信号]
2025-11-15 09:44:46 - 智能量化交易系统 - INFO - [[系统事件] 性能分析完成：1 个优化建议]
2025-11-15 09:44:46 - 智能量化交易系统 - INFO - [[系统事件] 应用优化: {'type': 'strategy_selection', 'action': 'deactivate', 'reason': '平均收益为负，暂停此策略'}]
2025-11-15 09:44:46 - 智能量化交易系统 - INFO - [[系统事件] 应用 1 个优化建议]
2025-11-15 09:44:46 - 智能量化交易系统 - INFO - [[系统事件] 应用 1 个优化建议]
2025-11-15 09:44:47 - 智能量化交易系统 - WARNING - [[系统事件] ExchangeManager: 获取 okx_paper 价格失败: 'SystemLogger' object has no attribute 'debug']
2025-11-15 09:44:47 - 智能量化交易系统 - WARNING - [[系统事件] 收集 BTCUSDT 数据失败: 'SystemLogger' object has no attribute 'debug']
2025-11-15 09:44:47 - 智能量化交易系统 - WARNING - [[系统事件] ExchangeManager: 获取 okx_paper 价格失败: 'SystemLogger' object has no attribute 'debug']
2025-11-15 09:44:47 - 智能量化交易系统 - WARNING - [[系统事件] 收集 ETHUSDT 数据失败: 'SystemLogger' object has no attribute 'debug']
2025-11-15 09:44:47 - 智能量化交易系统 - WARNING - [[系统事件] ExchangeManager: 获取 okx_paper 价格失败: 'SystemLogger' object has no attribute 'debug']
2025-11-15 09:44:47 - 智能量化交易系统 - WARNING - [[系统事件] 收集 ADAUSDT 数据失败: 'SystemLogger' object has no attribute 'debug']
2025-11-15 09:44:47 - 智能量化交易系统 - WARNING - [[系统事件] ExchangeManager: 获取 okx_paper 价格失败: 'SystemLogger' object has no attribute 'debug']
2025-11-15 09:44:47 - 智能量化交易系统 - WARNING - [[系统事件] 收集 SOLUSDT 数据失败: 'SystemLogger' object has no attribute 'debug']
2025-11-15 09:44:47 - 智能量化交易系统 - INFO - [[系统事件] 收集了 0 个交易对的市场数据]
2025-11-15 09:44:47 - 智能量化交易系统 - INFO - [[系统事件] 策略执行完成，生成 0 个交易信号]
2025-11-15 09:44:47 - 智能量化交易系统 - INFO - [[系统事件] 性能分析完成：1 个优化建议]
2025-11-15 09:44:47 - 智能量化交易系统 - INFO - [[系统事件] 应用优化: {'type': 'strategy_selection', 'action': 'deactivate', 'reason': '平均收益为负，暂停此策略'}]
2025-11-15 09:44:47 - 智能量化交易系统 - INFO - [[系统事件] 应用 1 个优化建议]
2025-11-15 09:44:47 - 智能量化交易系统 - INFO - [[系统事件] 应用 1 个优化建议]
2025-11-15 09:44:48 - 智能量化交易系统 - WARNING - [[系统事件] ExchangeManager: 获取 okx_paper 价格失败: 'SystemLogger' object has no attribute 'debug']
2025-11-15 09:44:48 - 智能量化交易系统 - WARNING - [[系统事件] 收集 BTCUSDT 数据失败: 'SystemLogger' object has no attribute 'debug']
2025-11-15 09:44:48 - 智能量化交易系统 - WARNING - [[系统事件] ExchangeManager: 获取 okx_paper 价格失败: 'SystemLogger' object has no attribute 'debug']
2025-11-15 09:44:48 - 智能量化交易系统 - WARNING - [[系统事件] 收集 ETHUSDT 数据失败: 'SystemLogger' object has no attribute 'debug']
2025-11-15 09:44:48 - 智能量化交易系统 - WARNING - [[系统事件] ExchangeManager: 获取 okx_paper 价格失败: 'SystemLogger' object has no attribute 'debug']
2025-11-15 09:44:48 - 智能量化交易系统 - WARNING - [[系统事件] 收集 ADAUSDT 数据失败: 'SystemLogger' object has no attribute 'debug']
2025-11-15 09:44:48 - 智能量化交易系统 - WARNING - [[系统事件] ExchangeManager: 获取 okx_paper 价格失败: 'SystemLogger' object has no attribute 'debug']
2025-11-15 09:44:48 - 智能量化交易系统 - WARNING - [[系统事件] 收集 SOLUSDT 数据失败: 'SystemLogger' object has no attribute 'debug']
2025-11-15 09:44:48 - 智能量化交易系统 - INFO - [[系统事件] 收集了 0 个交易对的市场数据]
2025-11-15 09:44:48 - 智能量化交易系统 - INFO - [[系统事件] 策略执行完成，生成 2 个交易信号]
2025-11-15 09:44:48 - 智能量化交易系统 - INFO - [[系统事件] 性能分析完成：1 个优化建议]
2025-11-15 09:44:48 - 智能量化交易系统 - INFO - [[系统事件] 应用优化: {'type': 'strategy_selection', 'action': 'deactivate', 'reason': '平均收益为负，暂停此策略'}]
2025-11-15 09:44:48 - 智能量化交易系统 - INFO - [[系统事件] 应用 1 个优化建议]
2025-11-15 09:44:48 - 智能量化交易系统 - INFO - [[系统事件] 应用 1 个优化建议]
2025-11-15 09:44:49 - 智能量化交易系统 - WARNING - [[系统事件] ExchangeManager: 获取 okx_paper 价格失败: 'SystemLogger' object has no attribute 'debug']
2025-11-15 09:44:49 - 智能量化交易系统 - WARNING - [[系统事件] 收集 BTCUSDT 数据失败: 'SystemLogger' object has no attribute 'debug']
2025-11-15 09:44:49 - 智能量化交易系统 - WARNING - [[系统事件] ExchangeManager: 获取 okx_paper 价格失败: 'SystemLogger' object has no attribute 'debug']
2025-11-15 09:44:49 - 智能量化交易系统 - WARNING - [[系统事件] 收集 ETHUSDT 数据失败: 'SystemLogger' object has no attribute 'debug']
2025-11-15 09:44:49 - 智能量化交易系统 - WARNING - [[系统事件] ExchangeManager: 获取 okx_paper 价格失败: 'SystemLogger' object has no attribute 'debug']
2025-11-15 09:44:49 - 智能量化交易系统 - WARNING - [[系统事件] 收集 ADAUSDT 数据失败: 'SystemLogger' object has no attribute 'debug']
2025-11-15 09:44:49 - 智能量化交易系统 - WARNING - [[系统事件] ExchangeManager: 获取 okx_paper 价格失败: 'SystemLogger' object has no attribute 'debug']
2025-11-15 09:44:49 - 智能量化交易系统 - WARNING - [[系统事件] 收集 SOLUSDT 数据失败: 'SystemLogger' object has no attribute 'debug']
2025-11-15 09:44:49 - 智能量化交易系统 - INFO - [[系统事件] 收集了 0 个交易对的市场数据]
2025-11-15 09:44:49 - 智能量化交易系统 - INFO - [[系统事件] 策略执行完成，生成 1 个交易信号]
2025-11-15 09:44:49 - 智能量化交易系统 - INFO - [[系统事件] 性能分析完成：1 个优化建议]
2025-11-15 09:44:49 - 智能量化交易系统 - INFO - [[系统事件] 应用优化: {'type': 'strategy_selection', 'action': 'deactivate', 'reason': '平均收益为负，暂停此策略'}]
2025-11-15 09:44:49 - 智能量化交易系统 - INFO - [[系统事件] 应用 1 个优化建议]
2025-11-15 09:44:49 - 智能量化交易系统 - INFO - [[系统事件] 应用 1 个优化建议]
2025-11-15 09:44:50 - 智能量化交易系统 - WARNING - [[系统事件] ExchangeManager: 获取 okx_paper 价格失败: 'SystemLogger' object has no attribute 'debug']
2025-11-15 09:44:50 - 智能量化交易系统 - WARNING - [[系统事件] 收集 BTCUSDT 数据失败: 'SystemLogger' object has no attribute 'debug']
2025-11-15 09:44:50 - 智能量化交易系统 - WARNING - [[系统事件] ExchangeManager: 获取 okx_paper 价格失败: 'SystemLogger' object has no attribute 'debug']
2025-11-15 09:44:50 - 智能量化交易系统 - WARNING - [[系统事件] 收集 ETHUSDT 数据失败: 'SystemLogger' object has no attribute 'debug']
2025-11-15 09:44:50 - 智能量化交易系统 - WARNING - [[系统事件] ExchangeManager: 获取 okx_paper 价格失败: 'SystemLogger' object has no attribute 'debug']
2025-11-15 09:44:50 - 智能量化交易系统 - WARNING - [[系统事件] 收集 ADAUSDT 数据失败: 'SystemLogger' object has no attribute 'debug']
2025-11-15 09:44:50 - 智能量化交易系统 - WARNING - [[系统事件] ExchangeManager: 获取 okx_paper 价格失败: 'SystemLogger' object has no attribute 'debug']
2025-11-15 09:44:50 - 智能量化交易系统 - WARNING - [[系统事件] 收集 SOLUSDT 数据失败: 'SystemLogger' object has no attribute 'debug']
2025-11-15 09:44:50 - 智能量化交易系统 - INFO - [[系统事件] 收集了 0 个交易对的市场数据]
2025-11-15 09:44:50 - 智能量化交易系统 - INFO - [[系统事件] 策略执行完成，生成 3 个交易信号]
2025-11-15 09:44:50 - 智能量化交易系统 - INFO - [[系统事件] 性能分析完成：1 个优化建议]
2025-11-15 09:44:50 - 智能量化交易系统 - INFO - [[系统事件] 应用优化: {'type': 'strategy_selection', 'action': 'deactivate', 'reason': '平均收益为负，暂停此策略'}]
2025-11-15 09:44:50 - 智能量化交易系统 - INFO - [[系统事件] 应用 1 个优化建议]
2025-11-15 09:44:50 - 智能量化交易系统 - INFO - [[系统事件] 应用 1 个优化建议]
2025-11-15 09:44:51 - 智能量化交易系统 - WARNING - [[系统事件] ExchangeManager: 获取 okx_paper 价格失败: 'SystemLogger' object has no attribute 'debug']
2025-11-15 09:44:51 - 智能量化交易系统 - WARNING - [[系统事件] 收集 BTCUSDT 数据失败: 'SystemLogger' object has no attribute 'debug']
2025-11-15 09:44:51 - 智能量化交易系统 - WARNING - [[系统事件] ExchangeManager: 获取 okx_paper 价格失败: 'SystemLogger' object has no attribute 'debug']
2025-11-15 09:44:51 - 智能量化交易系统 - WARNING - [[系统事件] 收集 ETHUSDT 数据失败: 'SystemLogger' object has no attribute 'debug']
2025-11-15 09:44:51 - 智能量化交易系统 - WARNING - [[系统事件] ExchangeManager: 获取 okx_paper 价格失败: 'SystemLogger' object has no attribute 'debug']
2025-11-15 09:44:51 - 智能量化交易系统 - WARNING - [[系统事件] 收集 ADAUSDT 数据失败: 'SystemLogger' object has no attribute 'debug']
2025-11-15 09:44:51 - 智能量化交易系统 - WARNING - [[系统事件] ExchangeManager: 获取 okx_paper 价格失败: 'SystemLogger' object has no attribute 'debug']
2025-11-15 09:44:51 - 智能量化交易系统 - WARNING - [[系统事件] 收集 SOLUSDT 数据失败: 'SystemLogger' object has no attribute 'debug']
2025-11-15 09:44:51 - 智能量化交易系统 - INFO - [[系统事件] 收集了 0 个交易对的市场数据]
2025-11-15 09:44:51 - 智能量化交易系统 - INFO - [[系统事件] 策略执行完成，生成 2 个交易信号]
2025-11-15 09:44:51 - 智能量化交易系统 - INFO - [[系统事件] 性能分析完成：1 个优化建议]
2025-11-15 09:44:51 - 智能量化交易系统 - INFO - [[系统事件] 应用优化: {'type': 'strategy_selection', 'action': 'deactivate', 'reason': '平均收益为负，暂停此策略'}]
2025-11-15 09:44:51 - 智能量化交易系统 - INFO - [[系统事件] 应用 1 个优化建议]
2025-11-15 09:44:51 - 智能量化交易系统 - INFO - [[系统事件] 应用 1 个优化建议]
2025-11-15 09:44:52 - 智能量化交易系统 - WARNING - [[系统事件] ExchangeManager: 获取 okx_paper 价格失败: 'SystemLogger' object has no attribute 'debug']
2025-11-15 09:44:52 - 智能量化交易系统 - WARNING - [[系统事件] 收集 BTCUSDT 数据失败: 'SystemLogger' object has no attribute 'debug']
2025-11-15 09:44:52 - 智能量化交易系统 - WARNING - [[系统事件] ExchangeManager: 获取 okx_paper 价格失败: 'SystemLogger' object has no attribute 'debug']
2025-11-15 09:44:52 - 智能量化交易系统 - WARNING - [[系统事件] 收集 ETHUSDT 数据失败: 'SystemLogger' object has no attribute 'debug']
2025-11-15 09:44:52 - 智能量化交易系统 - WARNING - [[系统事件] ExchangeManager: 获取 okx_paper 价格失败: 'SystemLogger' object has no attribute 'debug']
2025-11-15 09:44:52 - 智能量化交易系统 - WARNING - [[系统事件] 收集 ADAUSDT 数据失败: 'SystemLogger' object has no attribute 'debug']
2025-11-15 09:44:52 - 智能量化交易系统 - WARNING - [[系统事件] ExchangeManager: 获取 okx_paper 价格失败: 'SystemLogger' object has no attribute 'debug']
2025-11-15 09:44:52 - 智能量化交易系统 - WARNING - [[系统事件] 收集 SOLUSDT 数据失败: 'SystemLogger' object has no attribute 'debug']
2025-11-15 09:44:52 - 智能量化交易系统 - INFO - [[系统事件] 收集了 0 个交易对的市场数据]
2025-11-15 09:44:52 - 智能量化交易系统 - INFO - [[系统事件] 策略执行完成，生成 2 个交易信号]
2025-11-15 09:44:52 - 智能量化交易系统 - INFO - [[系统事件] 性能分析完成：1 个优化建议]
2025-11-15 09:44:52 - 智能量化交易系统 - INFO - [[系统事件] 应用优化: {'type': 'strategy_selection', 'action': 'deactivate', 'reason': '平均收益为负，暂停此策略'}]
2025-11-15 09:44:52 - 智能量化交易系统 - INFO - [[系统事件] 应用 1 个优化建议]
2025-11-15 09:44:52 - 智能量化交易系统 - INFO - [[系统事件] 应用 1 个优化建议]
2025-11-15 09:44:53 - 智能量化交易系统 - WARNING - [[系统事件] ExchangeManager: 获取 okx_paper 价格失败: 'SystemLogger' object has no attribute 'debug']
2025-11-15 09:44:53 - 智能量化交易系统 - WARNING - [[系统事件] 收集 BTCUSDT 数据失败: 'SystemLogger' object has no attribute 'debug']
2025-11-15 09:44:53 - 智能量化交易系统 - WARNING - [[系统事件] ExchangeManager: 获取 okx_paper 价格失败: 'SystemLogger' object has no attribute 'debug']
2025-11-15 09:44:53 - 智能量化交易系统 - WARNING - [[系统事件] 收集 ETHUSDT 数据失败: 'SystemLogger' object has no attribute 'debug']
2025-11-15 09:44:53 - 智能量化交易系统 - WARNING - [[系统事件] ExchangeManager: 获取 okx_paper 价格失败: 'SystemLogger' object has no attribute 'debug']
2025-11-15 09:44:53 - 智能量化交易系统 - WARNING - [[系统事件] 收集 ADAUSDT 数据失败: 'SystemLogger' object has no attribute 'debug']
2025-11-15 09:44:53 - 智能量化交易系统 - WARNING - [[系统事件] ExchangeManager: 获取 okx_paper 价格失败: 'SystemLogger' object has no attribute 'debug']
2025-11-15 09:44:53 - 智能量化交易系统 - WARNING - [[系统事件] 收集 SOLUSDT 数据失败: 'SystemLogger' object has no attribute 'debug']
2025-11-15 09:44:53 - 智能量化交易系统 - INFO - [[系统事件] 收集了 0 个交易对的市场数据]
2025-11-15 09:44:53 - 智能量化交易系统 - INFO - [[系统事件] 策略执行完成，生成 3 个交易信号]
2025-11-15 09:44:53 - 智能量化交易系统 - INFO - [[系统事件] 交易结果: 策略 rsi 盈亏 64.10]
2025-11-15 09:44:53 - 智能量化交易系统 - INFO - [[系统事件] 性能分析完成：0 个优化建议]
2025-11-15 09:44:54 - 智能量化交易系统 - WARNING - [[系统事件] ExchangeManager: 获取 okx_paper 价格失败: 'SystemLogger' object has no attribute 'debug']
2025-11-15 09:44:54 - 智能量化交易系统 - WARNING - [[系统事件] 收集 BTCUSDT 数据失败: 'SystemLogger' object has no attribute 'debug']
2025-11-15 09:44:54 - 智能量化交易系统 - WARNING - [[系统事件] ExchangeManager: 获取 okx_paper 价格失败: 'SystemLogger' object has no attribute 'debug']
2025-11-15 09:44:54 - 智能量化交易系统 - WARNING - [[系统事件] 收集 ETHUSDT 数据失败: 'SystemLogger' object has no attribute 'debug']
2025-11-15 09:44:54 - 智能量化交易系统 - WARNING - [[系统事件] ExchangeManager: 获取 okx_paper 价格失败: 'SystemLogger' object has no attribute 'debug']
2025-11-15 09:44:54 - 智能量化交易系统 - WARNING - [[系统事件] 收集 ADAUSDT 数据失败: 'SystemLogger' object has no attribute 'debug']
2025-11-15 09:44:54 - 智能量化交易系统 - WARNING - [[系统事件] ExchangeManager: 获取 okx_paper 价格失败: 'SystemLogger' object has no attribute 'debug']
2025-11-15 09:44:54 - 智能量化交易系统 - WARNING - [[系统事件] 收集 SOLUSDT 数据失败: 'SystemLogger' object has no attribute 'debug']
2025-11-15 09:44:54 - 智能量化交易系统 - INFO - [[系统事件] 收集了 0 个交易对的市场数据]
2025-11-15 09:44:54 - 智能量化交易系统 - INFO - [[系统事件] 策略执行完成，生成 2 个交易信号]
2025-11-15 09:44:54 - 智能量化交易系统 - INFO - [[系统事件] 性能分析完成：0 个优化建议]
2025-11-15 09:44:55 - 智能量化交易系统 - WARNING - [[系统事件] ExchangeManager: 获取 okx_paper 价格失败: 'SystemLogger' object has no attribute 'debug']
2025-11-15 09:44:55 - 智能量化交易系统 - WARNING - [[系统事件] 收集 BTCUSDT 数据失败: 'SystemLogger' object has no attribute 'debug']
2025-11-15 09:44:55 - 智能量化交易系统 - WARNING - [[系统事件] ExchangeManager: 获取 okx_paper 价格失败: 'SystemLogger' object has no attribute 'debug']
2025-11-15 09:44:55 - 智能量化交易系统 - WARNING - [[系统事件] 收集 ETHUSDT 数据失败: 'SystemLogger' object has no attribute 'debug']
2025-11-15 09:44:55 - 智能量化交易系统 - WARNING - [[系统事件] ExchangeManager: 获取 okx_paper 价格失败: 'SystemLogger' object has no attribute 'debug']
2025-11-15 09:44:55 - 智能量化交易系统 - WARNING - [[系统事件] 收集 ADAUSDT 数据失败: 'SystemLogger' object has no attribute 'debug']
2025-11-15 09:44:55 - 智能量化交易系统 - WARNING - [[系统事件] ExchangeManager: 获取 okx_paper 价格失败: 'SystemLogger' object has no attribute 'debug']
2025-11-15 09:44:55 - 智能量化交易系统 - WARNING - [[系统事件] 收集 SOLUSDT 数据失败: 'SystemLogger' object has no attribute 'debug']
2025-11-15 09:44:55 - 智能量化交易系统 - INFO - [[系统事件] 收集了 0 个交易对的市场数据]
2025-11-15 09:44:55 - 智能量化交易系统 - INFO - [[系统事件] 策略执行完成，生成 1 个交易信号]
2025-11-15 09:44:55 - 智能量化交易系统 - INFO - [[系统事件] 性能分析完成：0 个优化建议]
2025-11-15 09:44:56 - 智能量化交易系统 - WARNING - [[系统事件] ExchangeManager: 获取 okx_paper 价格失败: 'SystemLogger' object has no attribute 'debug']
2025-11-15 09:44:56 - 智能量化交易系统 - WARNING - [[系统事件] 收集 BTCUSDT 数据失败: 'SystemLogger' object has no attribute 'debug']
2025-11-15 09:44:56 - 智能量化交易系统 - WARNING - [[系统事件] ExchangeManager: 获取 okx_paper 价格失败: 'SystemLogger' object has no attribute 'debug']
2025-11-15 09:44:56 - 智能量化交易系统 - WARNING - [[系统事件] 收集 ETHUSDT 数据失败: 'SystemLogger' object has no attribute 'debug']
2025-11-15 09:44:56 - 智能量化交易系统 - WARNING - [[系统事件] ExchangeManager: 获取 okx_paper 价格失败: 'SystemLogger' object has no attribute 'debug']
2025-11-15 09:44:56 - 智能量化交易系统 - WARNING - [[系统事件] 收集 ADAUSDT 数据失败: 'SystemLogger' object has no attribute 'debug']
2025-11-15 09:44:56 - 智能量化交易系统 - WARNING - [[系统事件] ExchangeManager: 获取 okx_paper 价格失败: 'SystemLogger' object has no attribute 'debug']
2025-11-15 09:44:56 - 智能量化交易系统 - WARNING - [[系统事件] 收集 SOLUSDT 数据失败: 'SystemLogger' object has no attribute 'debug']
2025-11-15 09:44:56 - 智能量化交易系统 - INFO - [[系统事件] 收集了 0 个交易对的市场数据]
2025-11-15 09:44:56 - 智能量化交易系统 - INFO - [[系统事件] 策略执行完成，生成 2 个交易信号]
2025-11-15 09:44:56 - 智能量化交易系统 - INFO - [[系统事件] 性能分析完成：0 个优化建议]
2025-11-15 09:44:57 - 智能量化交易系统 - WARNING - [[系统事件] ExchangeManager: 获取 okx_paper 价格失败: 'SystemLogger' object has no attribute 'debug']
2025-11-15 09:44:57 - 智能量化交易系统 - WARNING - [[系统事件] 收集 BTCUSDT 数据失败: 'SystemLogger' object has no attribute 'debug']
2025-11-15 09:44:57 - 智能量化交易系统 - WARNING - [[系统事件] ExchangeManager: 获取 okx_paper 价格失败: 'SystemLogger' object has no attribute 'debug']
2025-11-15 09:44:57 - 智能量化交易系统 - WARNING - [[系统事件] 收集 ETHUSDT 数据失败: 'SystemLogger' object has no attribute 'debug']
2025-11-15 09:44:57 - 智能量化交易系统 - WARNING - [[系统事件] ExchangeManager: 获取 okx_paper 价格失败: 'SystemLogger' object has no attribute 'debug']
2025-11-15 09:44:57 - 智能量化交易系统 - WARNING - [[系统事件] 收集 ADAUSDT 数据失败: 'SystemLogger' object has no attribute 'debug']
2025-11-15 09:44:57 - 智能量化交易系统 - WARNING - [[系统事件] ExchangeManager: 获取 okx_paper 价格失败: 'SystemLogger' object has no attribute 'debug']
2025-11-15 09:44:57 - 智能量化交易系统 - WARNING - [[系统事件] 收集 SOLUSDT 数据失败: 'SystemLogger' object has no attribute 'debug']
2025-11-15 09:44:57 - 智能量化交易系统 - INFO - [[系统事件] 收集了 0 个交易对的市场数据]
2025-11-15 09:44:57 - 智能量化交易系统 - INFO - [[系统事件] 策略执行完成，生成 1 个交易信号]
2025-11-15 09:44:57 - 智能量化交易系统 - INFO - [[系统事件] 性能分析完成：0 个优化建议]
2025-11-15 09:44:58 - 智能量化交易系统 - WARNING - [[系统事件] ExchangeManager: 获取 okx_paper 价格失败: 'SystemLogger' object has no attribute 'debug']
2025-11-15 09:44:58 - 智能量化交易系统 - WARNING - [[系统事件] 收集 BTCUSDT 数据失败: 'SystemLogger' object has no attribute 'debug']
2025-11-15 09:44:58 - 智能量化交易系统 - WARNING - [[系统事件] ExchangeManager: 获取 okx_paper 价格失败: 'SystemLogger' object has no attribute 'debug']
2025-11-15 09:44:58 - 智能量化交易系统 - WARNING - [[系统事件] 收集 ETHUSDT 数据失败: 'SystemLogger' object has no attribute 'debug']
2025-11-15 09:44:58 - 智能量化交易系统 - WARNING - [[系统事件] ExchangeManager: 获取 okx_paper 价格失败: 'SystemLogger' object has no attribute 'debug']
2025-11-15 09:44:58 - 智能量化交易系统 - WARNING - [[系统事件] 收集 ADAUSDT 数据失败: 'SystemLogger' object has no attribute 'debug']
2025-11-15 09:44:58 - 智能量化交易系统 - WARNING - [[系统事件] ExchangeManager: 获取 okx_paper 价格失败: 'SystemLogger' object has no attribute 'debug']
2025-11-15 09:44:58 - 智能量化交易系统 - WARNING - [[系统事件] 收集 SOLUSDT 数据失败: 'SystemLogger' object has no attribute 'debug']
2025-11-15 09:44:58 - 智能量化交易系统 - INFO - [[系统事件] 收集了 0 个交易对的市场数据]
2025-11-15 09:44:58 - 智能量化交易系统 - INFO - [[系统事件] 策略执行完成，生成 1 个交易信号]
2025-11-15 09:44:58 - 智能量化交易系统 - INFO - [[系统事件] 性能分析完成：0 个优化建议]
2025-11-15 09:44:59 - 智能量化交易系统 - WARNING - [[系统事件] ExchangeManager: 获取 okx_paper 价格失败: 'SystemLogger' object has no attribute 'debug']
2025-11-15 09:44:59 - 智能量化交易系统 - WARNING - [[系统事件] 收集 BTCUSDT 数据失败: 'SystemLogger' object has no attribute 'debug']
2025-11-15 09:44:59 - 智能量化交易系统 - WARNING - [[系统事件] ExchangeManager: 获取 okx_paper 价格失败: 'SystemLogger' object has no attribute 'debug']
2025-11-15 09:44:59 - 智能量化交易系统 - WARNING - [[系统事件] 收集 ETHUSDT 数据失败: 'SystemLogger' object has no attribute 'debug']
2025-11-15 09:44:59 - 智能量化交易系统 - WARNING - [[系统事件] ExchangeManager: 获取 okx_paper 价格失败: 'SystemLogger' object has no attribute 'debug']
2025-11-15 09:44:59 - 智能量化交易系统 - WARNING - [[系统事件] 收集 ADAUSDT 数据失败: 'SystemLogger' object has no attribute 'debug']
2025-11-15 09:44:59 - 智能量化交易系统 - WARNING - [[系统事件] ExchangeManager: 获取 okx_paper 价格失败: 'SystemLogger' object has no attribute 'debug']
2025-11-15 09:44:59 - 智能量化交易系统 - WARNING - [[系统事件] 收集 SOLUSDT 数据失败: 'SystemLogger' object has no attribute 'debug']
2025-11-15 09:44:59 - 智能量化交易系统 - INFO - [[系统事件] 收集了 0 个交易对的市场数据]
2025-11-15 09:44:59 - 智能量化交易系统 - INFO - [[系统事件] 策略执行完成，生成 4 个交易信号]
2025-11-15 09:44:59 - 智能量化交易系统 - INFO - [[系统事件] 性能分析完成：0 个优化建议]
